running develop
running egg_info
writing ../../build/motor_node/motor_node.egg-info/PKG-INFO
writing dependency_links to ../../build/motor_node/motor_node.egg-info/dependency_links.txt
writing entry points to ../../build/motor_node/motor_node.egg-info/entry_points.txt
writing requirements to ../../build/motor_node/motor_node.egg-info/requires.txt
writing top-level names to ../../build/motor_node/motor_node.egg-info/top_level.txt
reading manifest file '../../build/motor_node/motor_node.egg-info/SOURCES.txt'
writing manifest file '../../build/motor_node/motor_node.egg-info/SOURCES.txt'
running build
running build_py
running install
running install_lib
creating /home/batch9/ros2_ws/install/motor_node/lib/python3.12/site-packages/motor_node
copying /home/batch9/ros2_ws/build/motor_node/build/lib/motor_node/__init__.py -> /home/batch9/ros2_ws/install/motor_node/lib/python3.12/site-packages/motor_node
copying /home/batch9/ros2_ws/build/motor_node/build/lib/motor_node/motor_sub.py -> /home/batch9/ros2_ws/install/motor_node/lib/python3.12/site-packages/motor_node
byte-compiling /home/batch9/ros2_ws/install/motor_node/lib/python3.12/site-packages/motor_node/__init__.py to __init__.cpython-312.pyc
byte-compiling /home/batch9/ros2_ws/install/motor_node/lib/python3.12/site-packages/motor_node/motor_sub.py to motor_sub.cpython-312.pyc
running install_data
copying resource/motor_node -> /home/batch9/ros2_ws/install/motor_node/share/ament_index/resource_index/packages
copying package.xml -> /home/batch9/ros2_ws/install/motor_node/share/motor_node
running install_egg_info
Copying ../../build/motor_node/motor_node.egg-info to /home/batch9/ros2_ws/install/motor_node/lib/python3.12/site-packages/motor_node-0.0.0-py3.12.egg-info
running install_scripts
Installing motor_sub script to /home/batch9/ros2_ws/install/motor_node/lib/motor_node
writing list of installed files to '/home/batch9/ros2_ws/build/motor_node/install.log'
