[3.328s] Invoking command in '/home/batch9/ros2_ws/src/lidar_obstacle': DEBUGINFOD_URLS=https://debuginfod.ubuntu.com PYTHONPATH=/home/batch9/ros2_ws/build/lidar_obstacle/prefix_override:/usr/lib/python3/dist-packages/colcon_core/task/python/colcon_distutils_commands:/home/batch9/ros2_ws/install/lidar_obstacle/lib/python3.12/site-packages:${PYTHONPATH} /usr/bin/python3 -W ignore:setup.py install is deprecated -W ignore:easy_install command is deprecated setup.py egg_info --egg-base ../../build/lidar_obstacle build --build-base /home/batch9/ros2_ws/build/lidar_obstacle/build install --record /home/batch9/ros2_ws/build/lidar_obstacle/install.log --single-version-externally-managed install_data
[3.980s] running egg_info
[4.022s] writing ../../build/lidar_obstacle/lidar_obstacle.egg-info/PKG-INFO
[4.023s] writing dependency_links to ../../build/lidar_obstacle/lidar_obstacle.egg-info/dependency_links.txt
[4.028s] writing entry points to ../../build/lidar_obstacle/lidar_obstacle.egg-info/entry_points.txt
[4.029s] writing requirements to ../../build/lidar_obstacle/lidar_obstacle.egg-info/requires.txt
[4.030s] writing top-level names to ../../build/lidar_obstacle/lidar_obstacle.egg-info/top_level.txt
[4.181s] reading manifest file '../../build/lidar_obstacle/lidar_obstacle.egg-info/SOURCES.txt'
[4.184s] writing manifest file '../../build/lidar_obstacle/lidar_obstacle.egg-info/SOURCES.txt'
[4.184s] running build
[4.184s] running build_py
[4.184s] running install
[4.216s] running install_lib
[4.265s] running install_data
[4.266s] running install_egg_info
[4.336s] removing '/home/batch9/ros2_ws/install/lidar_obstacle/lib/python3.12/site-packages/lidar_obstacle-0.0.0-py3.12.egg-info' (and everything under it)
[4.336s] Copying ../../build/lidar_obstacle/lidar_obstacle.egg-info to /home/batch9/ros2_ws/install/lidar_obstacle/lib/python3.12/site-packages/lidar_obstacle-0.0.0-py3.12.egg-info
[4.344s] running install_scripts
[4.801s] Installing obstacle_detection script to /home/batch9/ros2_ws/install/lidar_obstacle/lib/lidar_obstacle
[4.803s] writing list of installed files to '/home/batch9/ros2_ws/build/lidar_obstacle/install.log'
[5.377s] Invoked command in '/home/batch9/ros2_ws/src/lidar_obstacle' returned '0': DEBUGINFOD_URLS=https://debuginfod.ubuntu.com PYTHONPATH=/home/batch9/ros2_ws/build/lidar_obstacle/prefix_override:/usr/lib/python3/dist-packages/colcon_core/task/python/colcon_distutils_commands:/home/batch9/ros2_ws/install/lidar_obstacle/lib/python3.12/site-packages:${PYTHONPATH} /usr/bin/python3 -W ignore:setup.py install is deprecated -W ignore:easy_install command is deprecated setup.py egg_info --egg-base ../../build/lidar_obstacle build --build-base /home/batch9/ros2_ws/build/lidar_obstacle/build install --record /home/batch9/ros2_ws/build/lidar_obstacle/install.log --single-version-externally-managed install_data
