[1.385s] Invoking command in '/home/batch9/ros2_ws/src/rplidar_distance_angle_publisher': DEBUGINFOD_URLS=https://debuginfod.ubuntu.com PYTHONPATH=/home/batch9/ros2_ws/build/rplidar_distance_angle_publisher/prefix_override:/usr/lib/python3/dist-packages/colcon_core/task/python/colcon_distutils_commands:/home/batch9/ros2_ws/install/rplidar_distance_angle_publisher/lib/python3.12/site-packages:${PYTHONPATH} /usr/bin/python3 -W ignore:setup.py install is deprecated -W ignore:easy_install command is deprecated setup.py egg_info --egg-base ../../build/rplidar_distance_angle_publisher build --build-base /home/batch9/ros2_ws/build/rplidar_distance_angle_publisher/build install --record /home/batch9/ros2_ws/build/rplidar_distance_angle_publisher/install.log --single-version-externally-managed install_data
[1.754s] running egg_info
[1.779s] writing ../../build/rplidar_distance_angle_publisher/rplidar_distance_angle_publisher.egg-info/PKG-INFO
[1.779s] writing dependency_links to ../../build/rplidar_distance_angle_publisher/rplidar_distance_angle_publisher.egg-info/dependency_links.txt
[1.780s] writing entry points to ../../build/rplidar_distance_angle_publisher/rplidar_distance_angle_publisher.egg-info/entry_points.txt
[1.780s] writing requirements to ../../build/rplidar_distance_angle_publisher/rplidar_distance_angle_publisher.egg-info/requires.txt
[1.781s] writing top-level names to ../../build/rplidar_distance_angle_publisher/rplidar_distance_angle_publisher.egg-info/top_level.txt
[1.838s] reading manifest file '../../build/rplidar_distance_angle_publisher/rplidar_distance_angle_publisher.egg-info/SOURCES.txt'
[1.839s] writing manifest file '../../build/rplidar_distance_angle_publisher/rplidar_distance_angle_publisher.egg-info/SOURCES.txt'
[1.839s] running build
[1.839s] running build_py
[1.840s] copying rplidar_distance_angle_publisher/distance_angle_publisher.py -> /home/batch9/ros2_ws/build/rplidar_distance_angle_publisher/build/lib/rplidar_distance_angle_publisher
[1.840s] running install
[1.849s] running install_lib
[1.875s] copying /home/batch9/ros2_ws/build/rplidar_distance_angle_publisher/build/lib/rplidar_distance_angle_publisher/distance_angle_publisher.py -> /home/batch9/ros2_ws/install/rplidar_distance_angle_publisher/lib/python3.12/site-packages/rplidar_distance_angle_publisher
[1.876s] byte-compiling /home/batch9/ros2_ws/install/rplidar_distance_angle_publisher/lib/python3.12/site-packages/rplidar_distance_angle_publisher/distance_angle_publisher.py to distance_angle_publisher.cpython-312.pyc
[1.877s] running install_data
[1.877s] running install_egg_info
[1.904s] removing '/home/batch9/ros2_ws/install/rplidar_distance_angle_publisher/lib/python3.12/site-packages/rplidar_distance_angle_publisher-0.0.0-py3.12.egg-info' (and everything under it)
[1.904s] Copying ../../build/rplidar_distance_angle_publisher/rplidar_distance_angle_publisher.egg-info to /home/batch9/ros2_ws/install/rplidar_distance_angle_publisher/lib/python3.12/site-packages/rplidar_distance_angle_publisher-0.0.0-py3.12.egg-info
[1.906s] running install_scripts
[2.089s] Installing distance_angle_publisher script to /home/batch9/ros2_ws/install/rplidar_distance_angle_publisher/lib/rplidar_distance_angle_publisher
[2.090s] writing list of installed files to '/home/batch9/ros2_ws/build/rplidar_distance_angle_publisher/install.log'
[2.182s] Invoked command in '/home/batch9/ros2_ws/src/rplidar_distance_angle_publisher' returned '0': DEBUGINFOD_URLS=https://debuginfod.ubuntu.com PYTHONPATH=/home/batch9/ros2_ws/build/rplidar_distance_angle_publisher/prefix_override:/usr/lib/python3/dist-packages/colcon_core/task/python/colcon_distutils_commands:/home/batch9/ros2_ws/install/rplidar_distance_angle_publisher/lib/python3.12/site-packages:${PYTHONPATH} /usr/bin/python3 -W ignore:setup.py install is deprecated -W ignore:easy_install command is deprecated setup.py egg_info --egg-base ../../build/rplidar_distance_angle_publisher build --build-base /home/batch9/ros2_ws/build/rplidar_distance_angle_publisher/build install --record /home/batch9/ros2_ws/build/rplidar_distance_angle_publisher/install.log --single-version-externally-managed install_data
