[4.563s] Invoking command in '/home/batch9/ros2_ws/src/encoder_node': DEBUGINFOD_URLS=https://debuginfod.ubuntu.com PYTHONPATH=/home/batch9/ros2_ws/build/encoder_node/prefix_override:/usr/lib/python3/dist-packages/colcon_core/task/python/colcon_distutils_commands:/home/batch9/ros2_ws/install/encoder_node/lib/python3.12/site-packages:${PYTHONPATH} /usr/bin/python3 -W ignore:setup.py install is deprecated -W ignore:easy_install command is deprecated setup.py egg_info --egg-base ../../build/encoder_node build --build-base /home/batch9/ros2_ws/build/encoder_node/build install --record /home/batch9/ros2_ws/build/encoder_node/install.log --single-version-externally-managed install_data
[5.386s] running egg_info
[5.436s] writing ../../build/encoder_node/encoder_node.egg-info/PKG-INFO
[5.437s] writing dependency_links to ../../build/encoder_node/encoder_node.egg-info/dependency_links.txt
[5.445s] writing entry points to ../../build/encoder_node/encoder_node.egg-info/entry_points.txt
[5.445s] writing requirements to ../../build/encoder_node/encoder_node.egg-info/requires.txt
[5.445s] writing top-level names to ../../build/encoder_node/encoder_node.egg-info/top_level.txt
[5.602s] reading manifest file '../../build/encoder_node/encoder_node.egg-info/SOURCES.txt'
[5.605s] writing manifest file '../../build/encoder_node/encoder_node.egg-info/SOURCES.txt'
[5.611s] running build
[5.612s] running build_py
[5.612s] running install
[5.641s] running install_lib
[5.697s] running install_data
[5.697s] running install_egg_info
[5.741s] removing '/home/batch9/ros2_ws/install/encoder_node/lib/python3.12/site-packages/encoder_node-0.0.0-py3.12.egg-info' (and everything under it)
[5.741s] Copying ../../build/encoder_node/encoder_node.egg-info to /home/batch9/ros2_ws/install/encoder_node/lib/python3.12/site-packages/encoder_node-0.0.0-py3.12.egg-info
[5.741s] running install_scripts
[6.155s] Installing encoder_pub script to /home/batch9/ros2_ws/install/encoder_node/lib/encoder_node
[6.156s] writing list of installed files to '/home/batch9/ros2_ws/build/encoder_node/install.log'
[6.455s] Invoked command in '/home/batch9/ros2_ws/src/encoder_node' returned '0': DEBUGINFOD_URLS=https://debuginfod.ubuntu.com PYTHONPATH=/home/batch9/ros2_ws/build/encoder_node/prefix_override:/usr/lib/python3/dist-packages/colcon_core/task/python/colcon_distutils_commands:/home/batch9/ros2_ws/install/encoder_node/lib/python3.12/site-packages:${PYTHONPATH} /usr/bin/python3 -W ignore:setup.py install is deprecated -W ignore:easy_install command is deprecated setup.py egg_info --egg-base ../../build/encoder_node build --build-base /home/batch9/ros2_ws/build/encoder_node/build install --record /home/batch9/ros2_ws/build/encoder_node/install.log --single-version-externally-managed install_data
