running develop
running egg_info
creating encoder_node.egg-info
writing encoder_node.egg-info/PKG-INFO
writing dependency_links to encoder_node.egg-info/dependency_links.txt
writing entry points to encoder_node.egg-info/entry_points.txt
writing requirements to encoder_node.egg-info/requires.txt
writing top-level names to encoder_node.egg-info/top_level.txt
writing manifest file 'encoder_node.egg-info/SOURCES.txt'
reading manifest file 'encoder_node.egg-info/SOURCES.txt'
writing manifest file 'encoder_node.egg-info/SOURCES.txt'
running build_ext
Creating /home/batch9/ros2_ws/src/install/encoder_node/lib/python3.12/site-packages/encoder-node.egg-link (link to .)
Installing encoder_pub script to /home/batch9/ros2_ws/src/install/encoder_node/lib/encoder_node

Installed /home/batch9/ros2_ws/src/build/encoder_node
running symlink_data
creating /home/batch9/ros2_ws/src/install/encoder_node/share/ament_index
creating /home/batch9/ros2_ws/src/install/encoder_node/share/ament_index/resource_index
creating /home/batch9/ros2_ws/src/install/encoder_node/share/ament_index/resource_index/packages
symbolically linking /home/batch9/ros2_ws/src/build/encoder_node/resource/encoder_node -> /home/batch9/ros2_ws/src/install/encoder_node/share/ament_index/resource_index/packages
symbolically linking /home/batch9/ros2_ws/src/build/encoder_node/package.xml -> /home/batch9/ros2_ws/src/install/encoder_node/share/encoder_node
