[0.487s] Invoking command in '/home/batch9/ros2_ws/build/sllidar_ros2': CMAKE_PREFIX_PATH=${CMAKE_PREFIX_PATH}:/home/batch9/ros2_ws/install/rplidar_distance_angle_publisher:/opt/ros/jazzy DEBUGINFOD_URLS=https://debuginfod.ubuntu.com /usr/bin/cmake --build /home/batch9/ros2_ws/build/sllidar_ros2 -- -j4 -l4
[0.734s] [ 90%] Built target sllidar_node
[0.737s] [100%] Built target sllidar_client
[0.798s] Invoked command in '/home/batch9/ros2_ws/build/sllidar_ros2' returned '0': CMAKE_PREFIX_PATH=${CMAKE_PREFIX_PATH}:/home/batch9/ros2_ws/install/rplidar_distance_angle_publisher:/opt/ros/jazzy DEBUGINFOD_URLS=https://debuginfod.ubuntu.com /usr/bin/cmake --build /home/batch9/ros2_ws/build/sllidar_ros2 -- -j4 -l4
[0.799s] Invoking command in '/home/batch9/ros2_ws/build/sllidar_ros2': CMAKE_PREFIX_PATH=${CMAKE_PREFIX_PATH}:/home/batch9/ros2_ws/install/rplidar_distance_angle_publisher:/opt/ros/jazzy DEBUGINFOD_URLS=https://debuginfod.ubuntu.com /usr/bin/cmake --install /home/batch9/ros2_ws/build/sllidar_ros2
[0.826s] -- Install configuration: ""
[0.827s] -- Execute custom install script
[0.830s] -- Up-to-date symlink: /home/batch9/ros2_ws/install/sllidar_ros2/share/sllidar_ros2/launch/sllidar_a1_launch.py
[0.831s] -- Up-to-date symlink: /home/batch9/ros2_ws/install/sllidar_ros2/share/sllidar_ros2/launch/sllidar_a2m12_launch .py
[0.831s] -- Up-to-date symlink: /home/batch9/ros2_ws/install/sllidar_ros2/share/sllidar_ros2/launch/sllidar_a2m7_launch.py
[0.832s] -- Up-to-date symlink: /home/batch9/ros2_ws/install/sllidar_ros2/share/sllidar_ros2/launch/sllidar_a2m8_launch.py
[0.832s] -- Up-to-date symlink: /home/batch9/ros2_ws/install/sllidar_ros2/share/sllidar_ros2/launch/sllidar_a3_launch.py
[0.832s] -- Up-to-date symlink: /home/batch9/ros2_ws/install/sllidar_ros2/share/sllidar_ros2/launch/sllidar_c1_launch.py
[0.832s] -- Up-to-date symlink: /home/batch9/ros2_ws/install/sllidar_ros2/share/sllidar_ros2/launch/sllidar_s1_launch.py
[0.832s] -- Up-to-date symlink: /home/batch9/ros2_ws/install/sllidar_ros2/share/sllidar_ros2/launch/sllidar_s1_tcp_launch.py
[0.833s] -- Up-to-date symlink: /home/batch9/ros2_ws/install/sllidar_ros2/share/sllidar_ros2/launch/sllidar_s2_launch.py
[0.833s] -- Up-to-date symlink: /home/batch9/ros2_ws/install/sllidar_ros2/share/sllidar_ros2/launch/sllidar_s2e_launch.py
[0.833s] -- Up-to-date symlink: /home/batch9/ros2_ws/install/sllidar_ros2/share/sllidar_ros2/launch/sllidar_s3_launch.py
[0.833s] -- Up-to-date symlink: /home/batch9/ros2_ws/install/sllidar_ros2/share/sllidar_ros2/launch/sllidar_t1_launch.py
[0.833s] -- Up-to-date symlink: /home/batch9/ros2_ws/install/sllidar_ros2/share/sllidar_ros2/launch/view_sllidar_a1_launch.py
[0.833s] -- Up-to-date symlink: /home/batch9/ros2_ws/install/sllidar_ros2/share/sllidar_ros2/launch/view_sllidar_a2m12_launch.py
[0.833s] -- Up-to-date symlink: /home/batch9/ros2_ws/install/sllidar_ros2/share/sllidar_ros2/launch/view_sllidar_a2m7_launch.py
[0.834s] -- Up-to-date symlink: /home/batch9/ros2_ws/install/sllidar_ros2/share/sllidar_ros2/launch/view_sllidar_a2m8_launch.py
[0.834s] -- Up-to-date symlink: /home/batch9/ros2_ws/install/sllidar_ros2/share/sllidar_ros2/launch/view_sllidar_a3_launch.py
[0.836s] -- Up-to-date symlink: /home/batch9/ros2_ws/install/sllidar_ros2/share/sllidar_ros2/launch/view_sllidar_c1_launch.py
[0.837s] -- Up-to-date symlink: /home/batch9/ros2_ws/install/sllidar_ros2/share/sllidar_ros2/launch/view_sllidar_s1_launch.py
[0.837s] -- Up-to-date symlink: /home/batch9/ros2_ws/install/sllidar_ros2/share/sllidar_ros2/launch/view_sllidar_s1_tcp_launch.py
[0.838s] -- Up-to-date symlink: /home/batch9/ros2_ws/install/sllidar_ros2/share/sllidar_ros2/launch/view_sllidar_s2_launch.py
[0.839s] -- Up-to-date symlink: /home/batch9/ros2_ws/install/sllidar_ros2/share/sllidar_ros2/launch/view_sllidar_s2e_launch.py
[0.840s] -- Up-to-date symlink: /home/batch9/ros2_ws/install/sllidar_ros2/share/sllidar_ros2/launch/view_sllidar_s3_launch.py
[0.841s] -- Up-to-date symlink: /home/batch9/ros2_ws/install/sllidar_ros2/share/sllidar_ros2/launch/view_sllidar_t1_launch.py
[0.843s] -- Up-to-date symlink: /home/batch9/ros2_ws/install/sllidar_ros2/share/sllidar_ros2/rviz/sllidar_ros2.rviz
[0.843s] -- Up-to-date symlink: /home/batch9/ros2_ws/install/sllidar_ros2/lib/sllidar_ros2/sllidar_node
[0.843s] -- Up-to-date symlink: /home/batch9/ros2_ws/install/sllidar_ros2/lib/sllidar_ros2/sllidar_client
[0.845s] -- Up-to-date symlink: /home/batch9/ros2_ws/install/sllidar_ros2/share/ament_index/resource_index/package_run_dependencies/sllidar_ros2
[0.845s] -- Up-to-date symlink: /home/batch9/ros2_ws/install/sllidar_ros2/share/ament_index/resource_index/parent_prefix_path/sllidar_ros2
[0.846s] -- Up-to-date symlink: /home/batch9/ros2_ws/install/sllidar_ros2/share/sllidar_ros2/environment/ament_prefix_path.sh
[0.846s] -- Up-to-date symlink: /home/batch9/ros2_ws/install/sllidar_ros2/share/sllidar_ros2/environment/ament_prefix_path.dsv
[0.846s] -- Up-to-date symlink: /home/batch9/ros2_ws/install/sllidar_ros2/share/sllidar_ros2/environment/path.sh
[0.846s] -- Up-to-date symlink: /home/batch9/ros2_ws/install/sllidar_ros2/share/sllidar_ros2/environment/path.dsv
[0.847s] -- Up-to-date symlink: /home/batch9/ros2_ws/install/sllidar_ros2/share/sllidar_ros2/local_setup.bash
[0.847s] -- Up-to-date symlink: /home/batch9/ros2_ws/install/sllidar_ros2/share/sllidar_ros2/local_setup.sh
[0.847s] -- Up-to-date symlink: /home/batch9/ros2_ws/install/sllidar_ros2/share/sllidar_ros2/local_setup.zsh
[0.848s] -- Up-to-date symlink: /home/batch9/ros2_ws/install/sllidar_ros2/share/sllidar_ros2/local_setup.dsv
[0.848s] -- Symlinking: /home/batch9/ros2_ws/install/sllidar_ros2/share/sllidar_ros2/package.dsv
[0.884s] -- Up-to-date symlink: /home/batch9/ros2_ws/install/sllidar_ros2/share/ament_index/resource_index/packages/sllidar_ros2
[0.885s] -- Up-to-date symlink: /home/batch9/ros2_ws/install/sllidar_ros2/share/sllidar_ros2/cmake/ament_cmake_export_dependencies-extras.cmake
[0.885s] -- Up-to-date symlink: /home/batch9/ros2_ws/install/sllidar_ros2/share/sllidar_ros2/cmake/ament_cmake_export_include_directories-extras.cmake
[0.885s] -- Up-to-date symlink: /home/batch9/ros2_ws/install/sllidar_ros2/share/sllidar_ros2/cmake/sllidar_ros2Config.cmake
[0.885s] -- Up-to-date symlink: /home/batch9/ros2_ws/install/sllidar_ros2/share/sllidar_ros2/cmake/sllidar_ros2Config-version.cmake
[0.885s] -- Up-to-date symlink: /home/batch9/ros2_ws/install/sllidar_ros2/share/sllidar_ros2/package.xml
[0.911s] Invoked command in '/home/batch9/ros2_ws/build/sllidar_ros2' returned '0': CMAKE_PREFIX_PATH=${CMAKE_PREFIX_PATH}:/home/batch9/ros2_ws/install/rplidar_distance_angle_publisher:/opt/ros/jazzy DEBUGINFOD_URLS=https://debuginfod.ubuntu.com /usr/bin/cmake --install /home/batch9/ros2_ws/build/sllidar_ros2
