[2.838s] Invoking command in '/home/batch9/ros2_ws/src/motor_node': DEBUGINFOD_URLS=https://debuginfod.ubuntu.com PYTHONPATH=/home/batch9/ros2_ws/build/motor_node/prefix_override:/usr/lib/python3/dist-packages/colcon_core/task/python/colcon_distutils_commands:/home/batch9/ros2_ws/install/motor_node/lib/python3.12/site-packages:${PYTHONPATH} /usr/bin/python3 -W ignore:setup.py install is deprecated -W ignore:easy_install command is deprecated setup.py egg_info --egg-base ../../build/motor_node build --build-base /home/batch9/ros2_ws/build/motor_node/build install --record /home/batch9/ros2_ws/build/motor_node/install.log --single-version-externally-managed install_data
[3.401s] running egg_info
[3.438s] writing ../../build/motor_node/motor_node.egg-info/PKG-INFO
[3.439s] writing dependency_links to ../../build/motor_node/motor_node.egg-info/dependency_links.txt
[3.441s] writing entry points to ../../build/motor_node/motor_node.egg-info/entry_points.txt
[3.441s] writing requirements to ../../build/motor_node/motor_node.egg-info/requires.txt
[3.441s] writing top-level names to ../../build/motor_node/motor_node.egg-info/top_level.txt
[3.506s] reading manifest file '../../build/motor_node/motor_node.egg-info/SOURCES.txt'
[3.508s] writing manifest file '../../build/motor_node/motor_node.egg-info/SOURCES.txt'
[3.509s] running build
[3.509s] running build_py
[3.514s] copying motor_node/motor_sub.py -> /home/batch9/ros2_ws/build/motor_node/build/lib/motor_node
[3.515s] running install
[3.528s] running install_lib
[3.558s] copying /home/batch9/ros2_ws/build/motor_node/build/lib/motor_node/motor_sub.py -> /home/batch9/ros2_ws/install/motor_node/lib/python3.12/site-packages/motor_node
[3.560s] byte-compiling /home/batch9/ros2_ws/install/motor_node/lib/python3.12/site-packages/motor_node/motor_sub.py to motor_sub.cpython-312.pyc
[3.561s] running install_data
[3.562s] running install_egg_info
[3.601s] removing '/home/batch9/ros2_ws/install/motor_node/lib/python3.12/site-packages/motor_node-0.0.0-py3.12.egg-info' (and everything under it)
[3.601s] Copying ../../build/motor_node/motor_node.egg-info to /home/batch9/ros2_ws/install/motor_node/lib/python3.12/site-packages/motor_node-0.0.0-py3.12.egg-info
[3.604s] running install_scripts
[3.877s] Installing motor_sub script to /home/batch9/ros2_ws/install/motor_node/lib/motor_node
[3.878s] writing list of installed files to '/home/batch9/ros2_ws/build/motor_node/install.log'
[4.422s] Invoked command in '/home/batch9/ros2_ws/src/motor_node' returned '0': DEBUGINFOD_URLS=https://debuginfod.ubuntu.com PYTHONPATH=/home/batch9/ros2_ws/build/motor_node/prefix_override:/usr/lib/python3/dist-packages/colcon_core/task/python/colcon_distutils_commands:/home/batch9/ros2_ws/install/motor_node/lib/python3.12/site-packages:${PYTHONPATH} /usr/bin/python3 -W ignore:setup.py install is deprecated -W ignore:easy_install command is deprecated setup.py egg_info --egg-base ../../build/motor_node build --build-base /home/batch9/ros2_ws/build/motor_node/build install --record /home/batch9/ros2_ws/build/motor_node/install.log --single-version-externally-managed install_data
