[0.052s] Invoking command in '/home/batch9/ros2_ws/build/sensor_fusion': DEBUGINFOD_URLS=https://debuginfod.ubuntu.com PS1=(venv) \[\e]0;\u@\h: \w\a\]${debian_chroot:+($debian_chroot)}\[\033[01;32m\]\u@\h\[\033[00m\]:\[\033[01;34m\]\w\[\033[00m\]\$ VIRTUAL_ENV_PROMPT=(venv) /usr/bin/cmake /home/batch9/ros2_ws/src/sensor_fusion -DCATKIN_INSTALL_INTO_PREFIX_ROOT=0 -DCATKIN_SYMLINK_INSTALL=ON -DCMAKE_INSTALL_PREFIX=/home/batch9/ros2_ws/install/sensor_fusion
[0.635s] -- The C compiler identification is GNU 13.3.0
[1.249s] -- The CXX compiler identification is GNU 13.3.0
[1.307s] -- Detecting C compiler ABI info
[1.608s] -- Detecting C compiler ABI info - done
[1.630s] -- Check for working C compiler: /usr/bin/cc - skipped
[1.631s] -- Detecting C compile features
[1.633s] -- Detecting C compile features - done
[1.659s] -- Detecting CXX compiler ABI info
[1.916s] -- Detecting CXX compiler ABI info - done
[1.931s] -- Check for working CXX compiler: /usr/bin/c++ - skipped
[1.932s] -- Detecting CXX compile features
[1.932s] -- Detecting CXX compile features - done
[1.939s] -- Found ament_cmake: 2.5.3 (/opt/ros/jazzy/share/ament_cmake/cmake)
[2.197s] -- Found Python3: /home/batch9/ros2_ws/venv/bin/python3 (found version "3.12.3") found components: Interpreter 
[2.418s] -- Found rclcpp: 28.1.6 (/opt/ros/jazzy/share/rclcpp/cmake)
[2.488s] -- Found rosidl_generator_c: 4.6.5 (/opt/ros/jazzy/share/rosidl_generator_c/cmake)
[2.520s] -- Found rosidl_generator_cpp: 4.6.5 (/opt/ros/jazzy/share/rosidl_generator_cpp/cmake)
[2.552s] -- Using all available rosidl_typesupport_c: rosidl_typesupport_fastrtps_c;rosidl_typesupport_introspection_c
[2.594s] -- Using all available rosidl_typesupport_cpp: rosidl_typesupport_fastrtps_cpp;rosidl_typesupport_introspection_cpp
[2.715s] -- Found rmw_implementation_cmake: 7.3.1 (/opt/ros/jazzy/share/rmw_implementation_cmake/cmake)
[2.719s] -- Found rmw_fastrtps_cpp: 8.4.1 (/opt/ros/jazzy/share/rmw_fastrtps_cpp/cmake)
[2.860s] -- Found OpenSSL: /usr/lib/aarch64-linux-gnu/libcrypto.so (found version "3.0.13")  
[2.890s] -- Found FastRTPS: /opt/ros/jazzy/include (Required is at least version "2.13") 
[2.932s] -- Using RMW implementation 'rmw_fastrtps_cpp' as default
[3.077s] -- Found std_msgs: 5.3.5 (/opt/ros/jazzy/share/std_msgs/cmake)
[3.155s] Traceback (most recent call last):
[3.155s]   File "/opt/ros/jazzy/share/ament_cmake_core/cmake/core/package_xml_2_cmake.py", line 22, in <module>
[3.155s]     from catkin_pkg.package import parse_package_string
[3.156s] ModuleNotFoundError: No module named 'catkin_pkg'
[3.174s] [31mCMake Error at /opt/ros/jazzy/share/ament_cmake_core/cmake/core/ament_package_xml.cmake:95 (message):
[3.174s]   execute_process(/home/batch9/ros2_ws/venv/bin/python3
[3.175s]   /opt/ros/jazzy/share/ament_cmake_core/cmake/core/package_xml_2_cmake.py
[3.177s] -- Configuring incomplete, errors occurred!
[3.177s]   /home/batch9/ros2_ws/src/sensor_fusion/package.xml
[3.177s]   /home/batch9/ros2_ws/build/sensor_fusion/ament_cmake_core/package.cmake)
[3.178s]   returned error code 1
[3.178s] Call Stack (most recent call first):
[3.178s]   /opt/ros/jazzy/share/ament_cmake_core/cmake/core/ament_package_xml.cmake:49 (_ament_package_xml)
[3.178s]   /opt/ros/jazzy/share/ament_cmake_core/cmake/core/ament_package.cmake:63 (ament_package_xml)
[3.178s]   CMakeLists.txt:24 (ament_package)
[3.178s] 
[3.179s] [0m
[3.209s] Invoked command in '/home/batch9/ros2_ws/build/sensor_fusion' returned '1': DEBUGINFOD_URLS=https://debuginfod.ubuntu.com PS1=(venv) \[\e]0;\u@\h: \w\a\]${debian_chroot:+($debian_chroot)}\[\033[01;32m\]\u@\h\[\033[00m\]:\[\033[01;34m\]\w\[\033[00m\]\$ VIRTUAL_ENV_PROMPT=(venv) /usr/bin/cmake /home/batch9/ros2_ws/src/sensor_fusion -DCATKIN_INSTALL_INTO_PREFIX_ROOT=0 -DCATKIN_SYMLINK_INSTALL=ON -DCMAKE_INSTALL_PREFIX=/home/batch9/ros2_ws/install/sensor_fusion
