[0.197s] DEBUG:colcon:Command line arguments: ['/usr/bin/colcon', 'build']
[0.197s] DEBUG:colcon:Parsed command line arguments: Namespace(log_base=None, log_level=None, verb_name='build', build_base='build', install_base='install', merge_install=False, symlink_install=False, test_result_base=None, continue_on_error=False, executor='parallel', parallel_workers=4, event_handlers=None, ignore_user_meta=False, metas=['./colcon.meta'], base_paths=['.'], packages_ignore=None, packages_ignore_regex=None, paths=None, packages_up_to=None, packages_up_to_regex=None, packages_above=None, packages_above_and_dependencies=None, packages_above_depth=None, packages_select_by_dep=None, packages_skip_by_dep=None, packages_skip_up_to=None, packages_select_build_failed=False, packages_skip_build_finished=False, packages_select_test_failures=False, packages_skip_test_passed=False, packages_select=None, packages_skip=None, packages_select_regex=None, packages_skip_regex=None, packages_start=None, packages_end=None, allow_overriding=[], cmake_args=None, cmake_target=None, cmake_target_skip_unavailable=False, cmake_clean_cache=False, cmake_clean_first=False, cmake_force_configure=False, ament_cmake_args=None, catkin_cmake_args=None, catkin_skip_building_tests=False, mixin_files=None, mixin=None, verb_parser=<colcon_mixin.mixin.mixin_argument.MixinArgumentDecorator object at 0xffffa12bf980>, verb_extension=<colcon_core.verb.build.BuildVerb object at 0xffffa14a5130>, main=<bound method BuildVerb.main of <colcon_core.verb.build.BuildVerb object at 0xffffa14a5130>>, mixin_verb=('build',))
[0.259s] Level 1:colcon.colcon_core.package_discovery:discover_packages(colcon_meta) check parameters
[0.259s] Level 1:colcon.colcon_core.package_discovery:discover_packages(recursive) check parameters
[0.259s] Level 1:colcon.colcon_core.package_discovery:discover_packages(ignore) check parameters
[0.260s] Level 1:colcon.colcon_core.package_discovery:discover_packages(path) check parameters
[0.260s] Level 1:colcon.colcon_core.package_discovery:discover_packages(colcon_meta) discover
[0.260s] Level 1:colcon.colcon_core.package_discovery:discover_packages(recursive) discover
[0.260s] INFO:colcon.colcon_core.package_discovery:Crawling recursively for packages in '/home/batch9/ros2_ws'
[0.260s] Level 1:colcon.colcon_core.package_identification:_identify(.) by extensions ['ignore', 'ignore_ament_install']
[0.260s] Level 1:colcon.colcon_core.package_identification:_identify(.) by extension 'ignore'
[0.260s] Level 1:colcon.colcon_core.package_identification:_identify(.) by extension 'ignore_ament_install'
[0.260s] Level 1:colcon.colcon_core.package_identification:_identify(.) by extensions ['colcon_pkg']
[0.260s] Level 1:colcon.colcon_core.package_identification:_identify(.) by extension 'colcon_pkg'
[0.260s] Level 1:colcon.colcon_core.package_identification:_identify(.) by extensions ['colcon_meta']
[0.260s] Level 1:colcon.colcon_core.package_identification:_identify(.) by extension 'colcon_meta'
[0.260s] Level 1:colcon.colcon_core.package_identification:_identify(.) by extensions ['ros']
[0.260s] Level 1:colcon.colcon_core.package_identification:_identify(.) by extension 'ros'
[0.298s] Level 1:colcon.colcon_core.package_identification:_identify(.) by extensions ['cmake', 'python']
[0.298s] Level 1:colcon.colcon_core.package_identification:_identify(.) by extension 'cmake'
[0.298s] Level 1:colcon.colcon_core.package_identification:_identify(.) by extension 'python'
[0.298s] Level 1:colcon.colcon_core.package_identification:_identify(.) by extensions ['python_setup_py']
[0.298s] Level 1:colcon.colcon_core.package_identification:_identify(.) by extension 'python_setup_py'
[0.298s] Level 1:colcon.colcon_core.package_identification:_identify(build) by extensions ['ignore', 'ignore_ament_install']
[0.299s] Level 1:colcon.colcon_core.package_identification:_identify(build) by extension 'ignore'
[0.299s] Level 1:colcon.colcon_core.package_identification:_identify(build) ignored
[0.299s] Level 1:colcon.colcon_core.package_identification:_identify(install) by extensions ['ignore', 'ignore_ament_install']
[0.299s] Level 1:colcon.colcon_core.package_identification:_identify(install) by extension 'ignore'
[0.299s] Level 1:colcon.colcon_core.package_identification:_identify(install) ignored
[0.299s] Level 1:colcon.colcon_core.package_identification:_identify(log) by extensions ['ignore', 'ignore_ament_install']
[0.299s] Level 1:colcon.colcon_core.package_identification:_identify(log) by extension 'ignore'
[0.299s] Level 1:colcon.colcon_core.package_identification:_identify(log) ignored
[0.299s] Level 1:colcon.colcon_core.package_identification:_identify(src) by extensions ['ignore', 'ignore_ament_install']
[0.299s] Level 1:colcon.colcon_core.package_identification:_identify(src) by extension 'ignore'
[0.300s] Level 1:colcon.colcon_core.package_identification:_identify(src) by extension 'ignore_ament_install'
[0.300s] Level 1:colcon.colcon_core.package_identification:_identify(src) by extensions ['colcon_pkg']
[0.300s] Level 1:colcon.colcon_core.package_identification:_identify(src) by extension 'colcon_pkg'
[0.300s] Level 1:colcon.colcon_core.package_identification:_identify(src) by extensions ['colcon_meta']
[0.300s] Level 1:colcon.colcon_core.package_identification:_identify(src) by extension 'colcon_meta'
[0.300s] Level 1:colcon.colcon_core.package_identification:_identify(src) by extensions ['ros']
[0.300s] Level 1:colcon.colcon_core.package_identification:_identify(src) by extension 'ros'
[0.300s] Level 1:colcon.colcon_core.package_identification:_identify(src) by extensions ['cmake', 'python']
[0.300s] Level 1:colcon.colcon_core.package_identification:_identify(src) by extension 'cmake'
[0.300s] Level 1:colcon.colcon_core.package_identification:_identify(src) by extension 'python'
[0.300s] Level 1:colcon.colcon_core.package_identification:_identify(src) by extensions ['python_setup_py']
[0.300s] Level 1:colcon.colcon_core.package_identification:_identify(src) by extension 'python_setup_py'
[0.300s] Level 1:colcon.colcon_core.package_identification:_identify(src/rplidar_ros) by extensions ['ignore', 'ignore_ament_install']
[0.300s] Level 1:colcon.colcon_core.package_identification:_identify(src/rplidar_ros) by extension 'ignore'
[0.300s] Level 1:colcon.colcon_core.package_identification:_identify(src/rplidar_ros) by extension 'ignore_ament_install'
[0.300s] Level 1:colcon.colcon_core.package_identification:_identify(src/rplidar_ros) by extensions ['colcon_pkg']
[0.300s] Level 1:colcon.colcon_core.package_identification:_identify(src/rplidar_ros) by extension 'colcon_pkg'
[0.300s] Level 1:colcon.colcon_core.package_identification:_identify(src/rplidar_ros) by extensions ['colcon_meta']
[0.300s] Level 1:colcon.colcon_core.package_identification:_identify(src/rplidar_ros) by extension 'colcon_meta'
[0.300s] Level 1:colcon.colcon_core.package_identification:_identify(src/rplidar_ros) by extensions ['ros']
[0.300s] Level 1:colcon.colcon_core.package_identification:_identify(src/rplidar_ros) by extension 'ros'
[0.304s] DEBUG:colcon.colcon_core.package_identification:Package 'src/rplidar_ros' with type 'ros.ament_cmake' and name 'rplidar_ros'
[0.304s] Level 1:colcon.colcon_core.package_identification:_identify(src/sllidar_ros2) by extensions ['ignore', 'ignore_ament_install']
[0.304s] Level 1:colcon.colcon_core.package_identification:_identify(src/sllidar_ros2) by extension 'ignore'
[0.304s] Level 1:colcon.colcon_core.package_identification:_identify(src/sllidar_ros2) by extension 'ignore_ament_install'
[0.304s] Level 1:colcon.colcon_core.package_identification:_identify(src/sllidar_ros2) by extensions ['colcon_pkg']
[0.304s] Level 1:colcon.colcon_core.package_identification:_identify(src/sllidar_ros2) by extension 'colcon_pkg'
[0.304s] Level 1:colcon.colcon_core.package_identification:_identify(src/sllidar_ros2) by extensions ['colcon_meta']
[0.304s] Level 1:colcon.colcon_core.package_identification:_identify(src/sllidar_ros2) by extension 'colcon_meta'
[0.304s] Level 1:colcon.colcon_core.package_identification:_identify(src/sllidar_ros2) by extensions ['ros']
[0.304s] Level 1:colcon.colcon_core.package_identification:_identify(src/sllidar_ros2) by extension 'ros'
[0.305s] DEBUG:colcon.colcon_core.package_identification:Package 'src/sllidar_ros2' with type 'ros.ament_cmake' and name 'sllidar_ros2'
[0.305s] Level 1:colcon.colcon_core.package_discovery:discover_packages(recursive) using defaults
[0.305s] Level 1:colcon.colcon_core.package_discovery:discover_packages(ignore) discover
[0.305s] Level 1:colcon.colcon_core.package_discovery:discover_packages(ignore) using defaults
[0.305s] Level 1:colcon.colcon_core.package_discovery:discover_packages(path) discover
[0.305s] Level 1:colcon.colcon_core.package_discovery:discover_packages(path) using defaults
[0.329s] Level 1:colcon.colcon_core.package_discovery:discover_packages(prefix_path) check parameters
[0.329s] Level 1:colcon.colcon_core.package_discovery:discover_packages(prefix_path) discover
[0.331s] DEBUG:colcon.colcon_installed_package_information.package_discovery:Found 3 installed packages in /home/batch9/ros2_ws/install
[0.333s] DEBUG:colcon.colcon_installed_package_information.package_discovery:Found 284 installed packages in /opt/ros/jazzy
[0.334s] Level 1:colcon.colcon_core.package_discovery:discover_packages(prefix_path) using defaults
[0.395s] Level 5:colcon.colcon_core.verb:set package 'rplidar_ros' build argument 'cmake_args' from command line to 'None'
[0.395s] Level 5:colcon.colcon_core.verb:set package 'rplidar_ros' build argument 'cmake_target' from command line to 'None'
[0.395s] Level 5:colcon.colcon_core.verb:set package 'rplidar_ros' build argument 'cmake_target_skip_unavailable' from command line to 'False'
[0.395s] Level 5:colcon.colcon_core.verb:set package 'rplidar_ros' build argument 'cmake_clean_cache' from command line to 'False'
[0.395s] Level 5:colcon.colcon_core.verb:set package 'rplidar_ros' build argument 'cmake_clean_first' from command line to 'False'
[0.395s] Level 5:colcon.colcon_core.verb:set package 'rplidar_ros' build argument 'cmake_force_configure' from command line to 'False'
[0.395s] Level 5:colcon.colcon_core.verb:set package 'rplidar_ros' build argument 'ament_cmake_args' from command line to 'None'
[0.395s] Level 5:colcon.colcon_core.verb:set package 'rplidar_ros' build argument 'catkin_cmake_args' from command line to 'None'
[0.395s] Level 5:colcon.colcon_core.verb:set package 'rplidar_ros' build argument 'catkin_skip_building_tests' from command line to 'False'
[0.395s] DEBUG:colcon.colcon_core.verb:Building package 'rplidar_ros' with the following arguments: {'ament_cmake_args': None, 'build_base': '/home/batch9/ros2_ws/build/rplidar_ros', 'catkin_cmake_args': None, 'catkin_skip_building_tests': False, 'cmake_args': None, 'cmake_clean_cache': False, 'cmake_clean_first': False, 'cmake_force_configure': False, 'cmake_target': None, 'cmake_target_skip_unavailable': False, 'install_base': '/home/batch9/ros2_ws/install/rplidar_ros', 'merge_install': False, 'path': '/home/batch9/ros2_ws/src/rplidar_ros', 'symlink_install': False, 'test_result_base': None}
[0.396s] Level 5:colcon.colcon_core.verb:set package 'sllidar_ros2' build argument 'cmake_args' from command line to 'None'
[0.396s] Level 5:colcon.colcon_core.verb:set package 'sllidar_ros2' build argument 'cmake_target' from command line to 'None'
[0.396s] Level 5:colcon.colcon_core.verb:set package 'sllidar_ros2' build argument 'cmake_target_skip_unavailable' from command line to 'False'
[0.396s] Level 5:colcon.colcon_core.verb:set package 'sllidar_ros2' build argument 'cmake_clean_cache' from command line to 'False'
[0.396s] Level 5:colcon.colcon_core.verb:set package 'sllidar_ros2' build argument 'cmake_clean_first' from command line to 'False'
[0.396s] Level 5:colcon.colcon_core.verb:set package 'sllidar_ros2' build argument 'cmake_force_configure' from command line to 'False'
[0.396s] Level 5:colcon.colcon_core.verb:set package 'sllidar_ros2' build argument 'ament_cmake_args' from command line to 'None'
[0.396s] Level 5:colcon.colcon_core.verb:set package 'sllidar_ros2' build argument 'catkin_cmake_args' from command line to 'None'
[0.396s] Level 5:colcon.colcon_core.verb:set package 'sllidar_ros2' build argument 'catkin_skip_building_tests' from command line to 'False'
[0.396s] DEBUG:colcon.colcon_core.verb:Building package 'sllidar_ros2' with the following arguments: {'ament_cmake_args': None, 'build_base': '/home/batch9/ros2_ws/build/sllidar_ros2', 'catkin_cmake_args': None, 'catkin_skip_building_tests': False, 'cmake_args': None, 'cmake_clean_cache': False, 'cmake_clean_first': False, 'cmake_force_configure': False, 'cmake_target': None, 'cmake_target_skip_unavailable': False, 'install_base': '/home/batch9/ros2_ws/install/sllidar_ros2', 'merge_install': False, 'path': '/home/batch9/ros2_ws/src/sllidar_ros2', 'symlink_install': False, 'test_result_base': None}
[0.396s] INFO:colcon.colcon_core.executor:Executing jobs using 'parallel' executor
[0.398s] DEBUG:colcon.colcon_parallel_executor.executor.parallel:run_until_complete
[0.399s] INFO:colcon.colcon_ros.task.ament_cmake.build:Building ROS package in '/home/batch9/ros2_ws/src/rplidar_ros' with build type 'ament_cmake'
[0.399s] INFO:colcon.colcon_cmake.task.cmake.build:Building CMake package in '/home/batch9/ros2_ws/src/rplidar_ros'
[0.405s] INFO:colcon.colcon_core.plugin_system:Skipping extension 'colcon_core.shell.bat': Not used on non-Windows systems
[0.406s] INFO:colcon.colcon_core.shell:Skip shell extension 'powershell' for command environment: Not usable outside of PowerShell
[0.406s] DEBUG:colcon.colcon_core.shell:Skip shell extension 'dsv' for command environment
[0.417s] INFO:colcon.colcon_ros.task.ament_cmake.build:Building ROS package in '/home/batch9/ros2_ws/src/sllidar_ros2' with build type 'ament_cmake'
[0.417s] INFO:colcon.colcon_cmake.task.cmake.build:Building CMake package in '/home/batch9/ros2_ws/src/sllidar_ros2'
[0.418s] INFO:colcon.colcon_core.shell:Skip shell extension 'powershell' for command environment: Not usable outside of PowerShell
[0.418s] DEBUG:colcon.colcon_core.shell:Skip shell extension 'dsv' for command environment
[0.439s] DEBUG:colcon.colcon_core.event_handler.log_command:Invoking command in '/home/batch9/ros2_ws/build/rplidar_ros': CMAKE_PREFIX_PATH=${CMAKE_PREFIX_PATH}:/home/batch9/ros2_ws/install/rplidar_distance_angle_publisher:/opt/ros/jazzy DEBUGINFOD_URLS=https://debuginfod.ubuntu.com /usr/bin/cmake --build /home/batch9/ros2_ws/build/rplidar_ros -- -j4 -l4
[0.448s] DEBUG:colcon.colcon_core.event_handler.log_command:Invoking command in '/home/batch9/ros2_ws/build/sllidar_ros2': CMAKE_PREFIX_PATH=${CMAKE_PREFIX_PATH}:/home/batch9/ros2_ws/install/rplidar_distance_angle_publisher:/opt/ros/jazzy DEBUGINFOD_URLS=https://debuginfod.ubuntu.com /usr/bin/cmake --build /home/batch9/ros2_ws/build/sllidar_ros2 -- -j4 -l4
[0.630s] DEBUG:colcon.colcon_core.event_handler.log_command:Invoked command in '/home/batch9/ros2_ws/build/sllidar_ros2' returned '0': CMAKE_PREFIX_PATH=${CMAKE_PREFIX_PATH}:/home/batch9/ros2_ws/install/rplidar_distance_angle_publisher:/opt/ros/jazzy DEBUGINFOD_URLS=https://debuginfod.ubuntu.com /usr/bin/cmake --build /home/batch9/ros2_ws/build/sllidar_ros2 -- -j4 -l4
[0.647s] DEBUG:colcon.colcon_core.event_handler.log_command:Invoking command in '/home/batch9/ros2_ws/build/sllidar_ros2': CMAKE_PREFIX_PATH=${CMAKE_PREFIX_PATH}:/home/batch9/ros2_ws/install/rplidar_distance_angle_publisher:/opt/ros/jazzy DEBUGINFOD_URLS=https://debuginfod.ubuntu.com /usr/bin/cmake --install /home/batch9/ros2_ws/build/sllidar_ros2
[0.691s] Level 1:colcon.colcon_core.environment:create_environment_scripts_only(sllidar_ros2)
[0.691s] DEBUG:colcon.colcon_core.event_handler.log_command:Invoked command in '/home/batch9/ros2_ws/build/sllidar_ros2' returned '0': CMAKE_PREFIX_PATH=${CMAKE_PREFIX_PATH}:/home/batch9/ros2_ws/install/rplidar_distance_angle_publisher:/opt/ros/jazzy DEBUGINFOD_URLS=https://debuginfod.ubuntu.com /usr/bin/cmake --install /home/batch9/ros2_ws/build/sllidar_ros2
[0.694s] Level 1:colcon.colcon_core.environment:checking '/home/batch9/ros2_ws/install/sllidar_ros2' for CMake module files
[0.695s] Level 1:colcon.colcon_core.environment:checking '/home/batch9/ros2_ws/install/sllidar_ros2' for CMake config files
[0.695s] Level 1:colcon.colcon_core.shell:create_environment_hook('sllidar_ros2', 'cmake_prefix_path')
[0.696s] INFO:colcon.colcon_core.shell:Creating environment hook '/home/batch9/ros2_ws/install/sllidar_ros2/share/sllidar_ros2/hook/cmake_prefix_path.ps1'
[0.696s] INFO:colcon.colcon_core.shell:Creating environment descriptor '/home/batch9/ros2_ws/install/sllidar_ros2/share/sllidar_ros2/hook/cmake_prefix_path.dsv'
[0.703s] INFO:colcon.colcon_core.shell:Creating environment hook '/home/batch9/ros2_ws/install/sllidar_ros2/share/sllidar_ros2/hook/cmake_prefix_path.sh'
[0.706s] Level 1:colcon.colcon_core.environment:checking '/home/batch9/ros2_ws/install/sllidar_ros2/lib'
[0.706s] Level 1:colcon.colcon_core.environment:checking '/home/batch9/ros2_ws/install/sllidar_ros2/bin'
[0.706s] Level 1:colcon.colcon_core.environment:checking '/home/batch9/ros2_ws/install/sllidar_ros2/lib/pkgconfig/sllidar_ros2.pc'
[0.706s] Level 1:colcon.colcon_core.environment:checking '/home/batch9/ros2_ws/install/sllidar_ros2/lib/python3.12/site-packages'
[0.707s] Level 1:colcon.colcon_core.environment:checking '/home/batch9/ros2_ws/install/sllidar_ros2/bin'
[0.707s] INFO:colcon.colcon_core.shell:Creating package script '/home/batch9/ros2_ws/install/sllidar_ros2/share/sllidar_ros2/package.ps1'
[0.708s] INFO:colcon.colcon_core.shell:Creating package descriptor '/home/batch9/ros2_ws/install/sllidar_ros2/share/sllidar_ros2/package.dsv'
[0.709s] INFO:colcon.colcon_core.shell:Creating package script '/home/batch9/ros2_ws/install/sllidar_ros2/share/sllidar_ros2/package.sh'
[0.709s] INFO:colcon.colcon_core.shell:Creating package script '/home/batch9/ros2_ws/install/sllidar_ros2/share/sllidar_ros2/package.bash'
[0.710s] INFO:colcon.colcon_core.shell:Creating package script '/home/batch9/ros2_ws/install/sllidar_ros2/share/sllidar_ros2/package.zsh'
[0.711s] Level 1:colcon.colcon_core.environment:create_file_with_runtime_dependencies(/home/batch9/ros2_ws/install/sllidar_ros2/share/colcon-core/packages/sllidar_ros2)
[0.712s] Level 1:colcon.colcon_core.environment:create_environment_scripts_only(sllidar_ros2)
[0.712s] Level 1:colcon.colcon_core.environment:checking '/home/batch9/ros2_ws/install/sllidar_ros2' for CMake module files
[0.713s] Level 1:colcon.colcon_core.environment:checking '/home/batch9/ros2_ws/install/sllidar_ros2' for CMake config files
[0.713s] Level 1:colcon.colcon_core.shell:create_environment_hook('sllidar_ros2', 'cmake_prefix_path')
[0.713s] INFO:colcon.colcon_core.shell:Creating environment hook '/home/batch9/ros2_ws/install/sllidar_ros2/share/sllidar_ros2/hook/cmake_prefix_path.ps1'
[0.714s] INFO:colcon.colcon_core.shell:Creating environment descriptor '/home/batch9/ros2_ws/install/sllidar_ros2/share/sllidar_ros2/hook/cmake_prefix_path.dsv'
[0.717s] INFO:colcon.colcon_core.shell:Creating environment hook '/home/batch9/ros2_ws/install/sllidar_ros2/share/sllidar_ros2/hook/cmake_prefix_path.sh'
[0.718s] Level 1:colcon.colcon_core.environment:checking '/home/batch9/ros2_ws/install/sllidar_ros2/lib'
[0.718s] Level 1:colcon.colcon_core.environment:checking '/home/batch9/ros2_ws/install/sllidar_ros2/bin'
[0.719s] Level 1:colcon.colcon_core.environment:checking '/home/batch9/ros2_ws/install/sllidar_ros2/lib/pkgconfig/sllidar_ros2.pc'
[0.719s] Level 1:colcon.colcon_core.environment:checking '/home/batch9/ros2_ws/install/sllidar_ros2/lib/python3.12/site-packages'
[0.719s] Level 1:colcon.colcon_core.environment:checking '/home/batch9/ros2_ws/install/sllidar_ros2/bin'
[0.719s] INFO:colcon.colcon_core.shell:Creating package script '/home/batch9/ros2_ws/install/sllidar_ros2/share/sllidar_ros2/package.ps1'
[0.720s] INFO:colcon.colcon_core.shell:Creating package descriptor '/home/batch9/ros2_ws/install/sllidar_ros2/share/sllidar_ros2/package.dsv'
[0.721s] INFO:colcon.colcon_core.shell:Creating package script '/home/batch9/ros2_ws/install/sllidar_ros2/share/sllidar_ros2/package.sh'
[0.721s] INFO:colcon.colcon_core.shell:Creating package script '/home/batch9/ros2_ws/install/sllidar_ros2/share/sllidar_ros2/package.bash'
[0.722s] INFO:colcon.colcon_core.shell:Creating package script '/home/batch9/ros2_ws/install/sllidar_ros2/share/sllidar_ros2/package.zsh'
[0.722s] Level 1:colcon.colcon_core.environment:create_file_with_runtime_dependencies(/home/batch9/ros2_ws/install/sllidar_ros2/share/colcon-core/packages/sllidar_ros2)
[14.477s] DEBUG:colcon.colcon_core.event_handler.log_command:Invoked command in '/home/batch9/ros2_ws/build/rplidar_ros' returned '0': CMAKE_PREFIX_PATH=${CMAKE_PREFIX_PATH}:/home/batch9/ros2_ws/install/rplidar_distance_angle_publisher:/opt/ros/jazzy DEBUGINFOD_URLS=https://debuginfod.ubuntu.com /usr/bin/cmake --build /home/batch9/ros2_ws/build/rplidar_ros -- -j4 -l4
[14.478s] DEBUG:colcon.colcon_core.event_handler.log_command:Invoking command in '/home/batch9/ros2_ws/build/rplidar_ros': CMAKE_PREFIX_PATH=${CMAKE_PREFIX_PATH}:/home/batch9/ros2_ws/install/rplidar_distance_angle_publisher:/opt/ros/jazzy DEBUGINFOD_URLS=https://debuginfod.ubuntu.com /usr/bin/cmake --install /home/batch9/ros2_ws/build/rplidar_ros
[14.523s] Level 1:colcon.colcon_core.environment:create_environment_scripts_only(rplidar_ros)
[14.523s] Level 1:colcon.colcon_core.environment:checking '/home/batch9/ros2_ws/install/rplidar_ros' for CMake module files
[14.524s] DEBUG:colcon.colcon_core.event_handler.log_command:Invoked command in '/home/batch9/ros2_ws/build/rplidar_ros' returned '0': CMAKE_PREFIX_PATH=${CMAKE_PREFIX_PATH}:/home/batch9/ros2_ws/install/rplidar_distance_angle_publisher:/opt/ros/jazzy DEBUGINFOD_URLS=https://debuginfod.ubuntu.com /usr/bin/cmake --install /home/batch9/ros2_ws/build/rplidar_ros
[14.524s] Level 1:colcon.colcon_core.environment:checking '/home/batch9/ros2_ws/install/rplidar_ros' for CMake config files
[14.525s] Level 1:colcon.colcon_core.shell:create_environment_hook('rplidar_ros', 'cmake_prefix_path')
[14.525s] INFO:colcon.colcon_core.shell:Creating environment hook '/home/batch9/ros2_ws/install/rplidar_ros/share/rplidar_ros/hook/cmake_prefix_path.ps1'
[14.526s] INFO:colcon.colcon_core.shell:Creating environment descriptor '/home/batch9/ros2_ws/install/rplidar_ros/share/rplidar_ros/hook/cmake_prefix_path.dsv'
[14.530s] INFO:colcon.colcon_core.shell:Creating environment hook '/home/batch9/ros2_ws/install/rplidar_ros/share/rplidar_ros/hook/cmake_prefix_path.sh'
[14.534s] Level 1:colcon.colcon_core.environment:checking '/home/batch9/ros2_ws/install/rplidar_ros/lib'
[14.534s] Level 1:colcon.colcon_core.environment:checking '/home/batch9/ros2_ws/install/rplidar_ros/bin'
[14.534s] Level 1:colcon.colcon_core.environment:checking '/home/batch9/ros2_ws/install/rplidar_ros/lib/pkgconfig/rplidar_ros.pc'
[14.534s] Level 1:colcon.colcon_core.environment:checking '/home/batch9/ros2_ws/install/rplidar_ros/lib/python3.12/site-packages'
[14.534s] Level 1:colcon.colcon_core.environment:checking '/home/batch9/ros2_ws/install/rplidar_ros/bin'
[14.535s] INFO:colcon.colcon_core.shell:Creating package script '/home/batch9/ros2_ws/install/rplidar_ros/share/rplidar_ros/package.ps1'
[14.537s] INFO:colcon.colcon_core.shell:Creating package descriptor '/home/batch9/ros2_ws/install/rplidar_ros/share/rplidar_ros/package.dsv'
[14.538s] INFO:colcon.colcon_core.shell:Creating package script '/home/batch9/ros2_ws/install/rplidar_ros/share/rplidar_ros/package.sh'
[14.541s] INFO:colcon.colcon_core.shell:Creating package script '/home/batch9/ros2_ws/install/rplidar_ros/share/rplidar_ros/package.bash'
[14.545s] INFO:colcon.colcon_core.shell:Creating package script '/home/batch9/ros2_ws/install/rplidar_ros/share/rplidar_ros/package.zsh'
[14.548s] Level 1:colcon.colcon_core.environment:create_file_with_runtime_dependencies(/home/batch9/ros2_ws/install/rplidar_ros/share/colcon-core/packages/rplidar_ros)
[14.552s] Level 1:colcon.colcon_core.environment:create_environment_scripts_only(rplidar_ros)
[14.553s] Level 1:colcon.colcon_core.environment:checking '/home/batch9/ros2_ws/install/rplidar_ros' for CMake module files
[14.554s] Level 1:colcon.colcon_core.environment:checking '/home/batch9/ros2_ws/install/rplidar_ros' for CMake config files
[14.555s] Level 1:colcon.colcon_core.shell:create_environment_hook('rplidar_ros', 'cmake_prefix_path')
[14.555s] INFO:colcon.colcon_core.shell:Creating environment hook '/home/batch9/ros2_ws/install/rplidar_ros/share/rplidar_ros/hook/cmake_prefix_path.ps1'
[14.558s] INFO:colcon.colcon_core.shell:Creating environment descriptor '/home/batch9/ros2_ws/install/rplidar_ros/share/rplidar_ros/hook/cmake_prefix_path.dsv'
[14.562s] INFO:colcon.colcon_core.shell:Creating environment hook '/home/batch9/ros2_ws/install/rplidar_ros/share/rplidar_ros/hook/cmake_prefix_path.sh'
[14.565s] Level 1:colcon.colcon_core.environment:checking '/home/batch9/ros2_ws/install/rplidar_ros/lib'
[14.565s] Level 1:colcon.colcon_core.environment:checking '/home/batch9/ros2_ws/install/rplidar_ros/bin'
[14.565s] Level 1:colcon.colcon_core.environment:checking '/home/batch9/ros2_ws/install/rplidar_ros/lib/pkgconfig/rplidar_ros.pc'
[14.566s] Level 1:colcon.colcon_core.environment:checking '/home/batch9/ros2_ws/install/rplidar_ros/lib/python3.12/site-packages'
[14.566s] Level 1:colcon.colcon_core.environment:checking '/home/batch9/ros2_ws/install/rplidar_ros/bin'
[14.567s] INFO:colcon.colcon_core.shell:Creating package script '/home/batch9/ros2_ws/install/rplidar_ros/share/rplidar_ros/package.ps1'
[14.569s] INFO:colcon.colcon_core.shell:Creating package descriptor '/home/batch9/ros2_ws/install/rplidar_ros/share/rplidar_ros/package.dsv'
[14.572s] INFO:colcon.colcon_core.shell:Creating package script '/home/batch9/ros2_ws/install/rplidar_ros/share/rplidar_ros/package.sh'
[14.576s] INFO:colcon.colcon_core.shell:Creating package script '/home/batch9/ros2_ws/install/rplidar_ros/share/rplidar_ros/package.bash'
[14.579s] INFO:colcon.colcon_core.shell:Creating package script '/home/batch9/ros2_ws/install/rplidar_ros/share/rplidar_ros/package.zsh'
[14.583s] Level 1:colcon.colcon_core.environment:create_file_with_runtime_dependencies(/home/batch9/ros2_ws/install/rplidar_ros/share/colcon-core/packages/rplidar_ros)
[14.588s] DEBUG:colcon.colcon_parallel_executor.executor.parallel:closing loop
[14.590s] DEBUG:colcon.colcon_parallel_executor.executor.parallel:loop closed
[14.590s] DEBUG:colcon.colcon_parallel_executor.executor.parallel:run_until_complete finished with '0'
[14.590s] DEBUG:colcon.colcon_core.event_reactor:joining thread
[14.607s] INFO:colcon.colcon_core.plugin_system:Skipping extension 'colcon_notification.desktop_notification.terminal_notifier': Not used on non-Darwin systems
[14.607s] INFO:colcon.colcon_core.plugin_system:Skipping extension 'colcon_notification.desktop_notification.win32': Not used on non-Windows systems
[14.607s] INFO:colcon.colcon_notification.desktop_notification:Sending desktop notification using 'notify2'
[14.635s] DEBUG:colcon.colcon_core.event_reactor:joined thread
[14.636s] INFO:colcon.colcon_core.shell:Creating prefix script '/home/batch9/ros2_ws/install/local_setup.ps1'
[14.637s] INFO:colcon.colcon_core.shell:Creating prefix util module '/home/batch9/ros2_ws/install/_local_setup_util_ps1.py'
[14.641s] INFO:colcon.colcon_core.shell:Creating prefix chain script '/home/batch9/ros2_ws/install/setup.ps1'
[14.645s] INFO:colcon.colcon_core.shell:Creating prefix script '/home/batch9/ros2_ws/install/local_setup.sh'
[14.648s] INFO:colcon.colcon_core.shell:Creating prefix util module '/home/batch9/ros2_ws/install/_local_setup_util_sh.py'
[14.650s] INFO:colcon.colcon_core.shell:Creating prefix chain script '/home/batch9/ros2_ws/install/setup.sh'
[14.652s] INFO:colcon.colcon_core.shell:Creating prefix script '/home/batch9/ros2_ws/install/local_setup.bash'
[14.655s] INFO:colcon.colcon_core.shell:Creating prefix chain script '/home/batch9/ros2_ws/install/setup.bash'
[14.657s] INFO:colcon.colcon_core.shell:Creating prefix script '/home/batch9/ros2_ws/install/local_setup.zsh'
[14.658s] INFO:colcon.colcon_core.shell:Creating prefix chain script '/home/batch9/ros2_ws/install/setup.zsh'
