[0.384s] Invoking command in '/home/batch9/ros2_ws/build/sllidar_ros2': CMAKE_PREFIX_PATH=${CMAKE_PREFIX_PATH}:/home/batch9/ros2_ws/install/rplidar_distance_angle_publisher:/home/batch9/ros2_ws/install/lidar_obstacle:/opt/ros/jazzy DEBUGINFOD_URLS=https://debuginfod.ubuntu.com /usr/bin/cmake --build /home/batch9/ros2_ws/build/sllidar_ros2 -- -j4 -l4
[0.527s] [ 10%] Built target sllidar_client
[0.570s] [100%] Built target sllidar_node
[0.611s] Invoked command in '/home/batch9/ros2_ws/build/sllidar_ros2' returned '0': CMAKE_PREFIX_PATH=${CMAKE_PREFIX_PATH}:/home/batch9/ros2_ws/install/rplidar_distance_angle_publisher:/home/batch9/ros2_ws/install/lidar_obstacle:/opt/ros/jazzy DEBUGINFOD_URLS=https://debuginfod.ubuntu.com /usr/bin/cmake --build /home/batch9/ros2_ws/build/sllidar_ros2 -- -j4 -l4
[0.613s] Invoking command in '/home/batch9/ros2_ws/build/sllidar_ros2': CMAKE_PREFIX_PATH=${CMAKE_PREFIX_PATH}:/home/batch9/ros2_ws/install/rplidar_distance_angle_publisher:/home/batch9/ros2_ws/install/lidar_obstacle:/opt/ros/jazzy DEBUGINFOD_URLS=https://debuginfod.ubuntu.com /usr/bin/cmake --install /home/batch9/ros2_ws/build/sllidar_ros2
[0.629s] -- Install configuration: ""
[0.630s] -- Execute custom install script
[0.632s] -- Up-to-date symlink: /home/batch9/ros2_ws/install/sllidar_ros2/share/sllidar_ros2/launch/sllidar_a1_launch.py
[0.632s] -- Up-to-date symlink: /home/batch9/ros2_ws/install/sllidar_ros2/share/sllidar_ros2/launch/sllidar_a2m12_launch .py
[0.632s] -- Up-to-date symlink: /home/batch9/ros2_ws/install/sllidar_ros2/share/sllidar_ros2/launch/sllidar_a2m7_launch.py
[0.632s] -- Up-to-date symlink: /home/batch9/ros2_ws/install/sllidar_ros2/share/sllidar_ros2/launch/sllidar_a2m8_launch.py
[0.633s] -- Up-to-date symlink: /home/batch9/ros2_ws/install/sllidar_ros2/share/sllidar_ros2/launch/sllidar_a3_launch.py
[0.633s] -- Up-to-date symlink: /home/batch9/ros2_ws/install/sllidar_ros2/share/sllidar_ros2/launch/sllidar_c1_launch.py
[0.633s] -- Up-to-date symlink: /home/batch9/ros2_ws/install/sllidar_ros2/share/sllidar_ros2/launch/sllidar_s1_launch.py
[0.634s] -- Up-to-date symlink: /home/batch9/ros2_ws/install/sllidar_ros2/share/sllidar_ros2/launch/sllidar_s1_tcp_launch.py
[0.634s] -- Up-to-date symlink: /home/batch9/ros2_ws/install/sllidar_ros2/share/sllidar_ros2/launch/sllidar_s2_launch.py
[0.634s] -- Up-to-date symlink: /home/batch9/ros2_ws/install/sllidar_ros2/share/sllidar_ros2/launch/sllidar_s2e_launch.py
[0.634s] -- Up-to-date symlink: /home/batch9/ros2_ws/install/sllidar_ros2/share/sllidar_ros2/launch/sllidar_s3_launch.py
[0.634s] -- Up-to-date symlink: /home/batch9/ros2_ws/install/sllidar_ros2/share/sllidar_ros2/launch/sllidar_t1_launch.py
[0.635s] -- Up-to-date symlink: /home/batch9/ros2_ws/install/sllidar_ros2/share/sllidar_ros2/launch/view_sllidar_a1_launch.py
[0.635s] -- Up-to-date symlink: /home/batch9/ros2_ws/install/sllidar_ros2/share/sllidar_ros2/launch/view_sllidar_a2m12_launch.py
[0.635s] -- Up-to-date symlink: /home/batch9/ros2_ws/install/sllidar_ros2/share/sllidar_ros2/launch/view_sllidar_a2m7_launch.py
[0.635s] -- Up-to-date symlink: /home/batch9/ros2_ws/install/sllidar_ros2/share/sllidar_ros2/launch/view_sllidar_a2m8_launch.py
[0.636s] -- Up-to-date symlink: /home/batch9/ros2_ws/install/sllidar_ros2/share/sllidar_ros2/launch/view_sllidar_a3_launch.py
[0.636s] -- Up-to-date symlink: /home/batch9/ros2_ws/install/sllidar_ros2/share/sllidar_ros2/launch/view_sllidar_c1_launch.py
[0.637s] -- Up-to-date symlink: /home/batch9/ros2_ws/install/sllidar_ros2/share/sllidar_ros2/launch/view_sllidar_s1_launch.py
[0.637s] -- Up-to-date symlink: /home/batch9/ros2_ws/install/sllidar_ros2/share/sllidar_ros2/launch/view_sllidar_s1_tcp_launch.py
[0.638s] -- Up-to-date symlink: /home/batch9/ros2_ws/install/sllidar_ros2/share/sllidar_ros2/launch/view_sllidar_s2_launch.py
[0.638s] -- Up-to-date symlink: /home/batch9/ros2_ws/install/sllidar_ros2/share/sllidar_ros2/launch/view_sllidar_s2e_launch.py
[0.638s] -- Up-to-date symlink: /home/batch9/ros2_ws/install/sllidar_ros2/share/sllidar_ros2/launch/view_sllidar_s3_launch.py
[0.639s] -- Up-to-date symlink: /home/batch9/ros2_ws/install/sllidar_ros2/share/sllidar_ros2/launch/view_sllidar_t1_launch.py
[0.639s] -- Up-to-date symlink: /home/batch9/ros2_ws/install/sllidar_ros2/share/sllidar_ros2/rviz/sllidar_ros2.rviz
[0.640s] -- Up-to-date symlink: /home/batch9/ros2_ws/install/sllidar_ros2/lib/sllidar_ros2/sllidar_node
[0.640s] -- Up-to-date symlink: /home/batch9/ros2_ws/install/sllidar_ros2/lib/sllidar_ros2/sllidar_client
[0.640s] -- Up-to-date symlink: /home/batch9/ros2_ws/install/sllidar_ros2/share/ament_index/resource_index/package_run_dependencies/sllidar_ros2
[0.640s] -- Up-to-date symlink: /home/batch9/ros2_ws/install/sllidar_ros2/share/ament_index/resource_index/parent_prefix_path/sllidar_ros2
[0.640s] -- Up-to-date symlink: /home/batch9/ros2_ws/install/sllidar_ros2/share/sllidar_ros2/environment/ament_prefix_path.sh
[0.640s] -- Up-to-date symlink: /home/batch9/ros2_ws/install/sllidar_ros2/share/sllidar_ros2/environment/ament_prefix_path.dsv
[0.640s] -- Up-to-date symlink: /home/batch9/ros2_ws/install/sllidar_ros2/share/sllidar_ros2/environment/path.sh
[0.641s] -- Up-to-date symlink: /home/batch9/ros2_ws/install/sllidar_ros2/share/sllidar_ros2/environment/path.dsv
[0.641s] -- Up-to-date symlink: /home/batch9/ros2_ws/install/sllidar_ros2/share/sllidar_ros2/local_setup.bash
[0.641s] -- Up-to-date symlink: /home/batch9/ros2_ws/install/sllidar_ros2/share/sllidar_ros2/local_setup.sh
[0.641s] -- Up-to-date symlink: /home/batch9/ros2_ws/install/sllidar_ros2/share/sllidar_ros2/local_setup.zsh
[0.642s] -- Up-to-date symlink: /home/batch9/ros2_ws/install/sllidar_ros2/share/sllidar_ros2/local_setup.dsv
[0.642s] -- Symlinking: /home/batch9/ros2_ws/install/sllidar_ros2/share/sllidar_ros2/package.dsv
[0.664s] -- Up-to-date symlink: /home/batch9/ros2_ws/install/sllidar_ros2/share/ament_index/resource_index/packages/sllidar_ros2
[0.664s] -- Up-to-date symlink: /home/batch9/ros2_ws/install/sllidar_ros2/share/sllidar_ros2/cmake/ament_cmake_export_dependencies-extras.cmake
[0.664s] -- Up-to-date symlink: /home/batch9/ros2_ws/install/sllidar_ros2/share/sllidar_ros2/cmake/ament_cmake_export_include_directories-extras.cmake
[0.665s] -- Up-to-date symlink: /home/batch9/ros2_ws/install/sllidar_ros2/share/sllidar_ros2/cmake/sllidar_ros2Config.cmake
[0.665s] -- Up-to-date symlink: /home/batch9/ros2_ws/install/sllidar_ros2/share/sllidar_ros2/cmake/sllidar_ros2Config-version.cmake
[0.665s] -- Up-to-date symlink: /home/batch9/ros2_ws/install/sllidar_ros2/share/sllidar_ros2/package.xml
[0.699s] Invoked command in '/home/batch9/ros2_ws/build/sllidar_ros2' returned '0': CMAKE_PREFIX_PATH=${CMAKE_PREFIX_PATH}:/home/batch9/ros2_ws/install/rplidar_distance_angle_publisher:/home/batch9/ros2_ws/install/lidar_obstacle:/opt/ros/jazzy DEBUGINFOD_URLS=https://debuginfod.ubuntu.com /usr/bin/cmake --install /home/batch9/ros2_ws/build/sllidar_ros2
