[1.588s] Invoking command in '/home/batch9/ros2_ws/src/pid': DEBUGINFOD_URLS=https://debuginfod.ubuntu.com PYTHONPATH=/home/batch9/ros2_ws/build/pid/prefix_override:/usr/lib/python3/dist-packages/colcon_core/task/python/colcon_distutils_commands:/home/batch9/ros2_ws/install/pid/lib/python3.12/site-packages:${PYTHONPATH} /usr/bin/python3 -W ignore:setup.py install is deprecated -W ignore:easy_install command is deprecated setup.py egg_info --egg-base ../../build/pid build --build-base /home/batch9/ros2_ws/build/pid/build install --record /home/batch9/ros2_ws/build/pid/install.log --single-version-externally-managed install_data
[2.186s] running egg_info
[2.216s] writing ../../build/pid/pid.egg-info/PKG-INFO
[2.220s] writing dependency_links to ../../build/pid/pid.egg-info/dependency_links.txt
[2.221s] writing entry points to ../../build/pid/pid.egg-info/entry_points.txt
[2.221s] writing requirements to ../../build/pid/pid.egg-info/requires.txt
[2.221s] writing top-level names to ../../build/pid/pid.egg-info/top_level.txt
[2.297s] reading manifest file '../../build/pid/pid.egg-info/SOURCES.txt'
[2.299s] writing manifest file '../../build/pid/pid.egg-info/SOURCES.txt'
[2.300s] running build
[2.300s] running build_py
[2.305s] running install
[2.320s] running install_lib
[2.351s] running install_data
[2.354s] running install_egg_info
[2.395s] removing '/home/batch9/ros2_ws/install/pid/lib/python3.12/site-packages/pid-0.0.0-py3.12.egg-info' (and everything under it)
[2.396s] Copying ../../build/pid/pid.egg-info to /home/batch9/ros2_ws/install/pid/lib/python3.12/site-packages/pid-0.0.0-py3.12.egg-info
[2.404s] running install_scripts
[2.765s] Installing pid script to /home/batch9/ros2_ws/install/pid/lib/pid
[2.765s] writing list of installed files to '/home/batch9/ros2_ws/build/pid/install.log'
[2.905s] Invoked command in '/home/batch9/ros2_ws/src/pid' returned '0': DEBUGINFOD_URLS=https://debuginfod.ubuntu.com PYTHONPATH=/home/batch9/ros2_ws/build/pid/prefix_override:/usr/lib/python3/dist-packages/colcon_core/task/python/colcon_distutils_commands:/home/batch9/ros2_ws/install/pid/lib/python3.12/site-packages:${PYTHONPATH} /usr/bin/python3 -W ignore:setup.py install is deprecated -W ignore:easy_install command is deprecated setup.py egg_info --egg-base ../../build/pid build --build-base /home/batch9/ros2_ws/build/pid/build install --record /home/batch9/ros2_ws/build/pid/install.log --single-version-externally-managed install_data
