[3.557s] Invoking command in '/home/batch9/ros2_ws/src/motor_node': DEBUGINFOD_URLS=https://debuginfod.ubuntu.com PYTHONPATH=/home/batch9/ros2_ws/build/motor_node/prefix_override:/usr/lib/python3/dist-packages/colcon_core/task/python/colcon_distutils_commands:/home/batch9/ros2_ws/install/motor_node/lib/python3.12/site-packages:${PYTHONPATH} /usr/bin/python3 -W ignore:setup.py install is deprecated -W ignore:easy_install command is deprecated setup.py egg_info --egg-base ../../build/motor_node build --build-base /home/batch9/ros2_ws/build/motor_node/build install --record /home/batch9/ros2_ws/build/motor_node/install.log --single-version-externally-managed install_data
[4.349s] running egg_info
[4.381s] writing ../../build/motor_node/motor_node.egg-info/PKG-INFO
[4.381s] writing dependency_links to ../../build/motor_node/motor_node.egg-info/dependency_links.txt
[4.385s] writing entry points to ../../build/motor_node/motor_node.egg-info/entry_points.txt
[4.385s] writing requirements to ../../build/motor_node/motor_node.egg-info/requires.txt
[4.385s] writing top-level names to ../../build/motor_node/motor_node.egg-info/top_level.txt
[4.469s] reading manifest file '../../build/motor_node/motor_node.egg-info/SOURCES.txt'
[4.470s] writing manifest file '../../build/motor_node/motor_node.egg-info/SOURCES.txt'
[4.471s] running build
[4.471s] running build_py
[4.472s] running install
[4.492s] running install_lib
[4.542s] running install_data
[4.543s] running install_egg_info
[4.582s] removing '/home/batch9/ros2_ws/install/motor_node/lib/python3.12/site-packages/motor_node-0.0.0-py3.12.egg-info' (and everything under it)
[4.582s] Copying ../../build/motor_node/motor_node.egg-info to /home/batch9/ros2_ws/install/motor_node/lib/python3.12/site-packages/motor_node-0.0.0-py3.12.egg-info
[4.585s] running install_scripts
[4.988s] Installing motor_sub script to /home/batch9/ros2_ws/install/motor_node/lib/motor_node
[4.988s] writing list of installed files to '/home/batch9/ros2_ws/build/motor_node/install.log'
[6.062s] Invoked command in '/home/batch9/ros2_ws/src/motor_node' returned '0': DEBUGINFOD_URLS=https://debuginfod.ubuntu.com PYTHONPATH=/home/batch9/ros2_ws/build/motor_node/prefix_override:/usr/lib/python3/dist-packages/colcon_core/task/python/colcon_distutils_commands:/home/batch9/ros2_ws/install/motor_node/lib/python3.12/site-packages:${PYTHONPATH} /usr/bin/python3 -W ignore:setup.py install is deprecated -W ignore:easy_install command is deprecated setup.py egg_info --egg-base ../../build/motor_node build --build-base /home/batch9/ros2_ws/build/motor_node/build install --record /home/batch9/ros2_ws/build/motor_node/install.log --single-version-externally-managed install_data
