[3.140s] Invoking command in '/home/batch9/ros2_ws/src/encoder_node': DEBUGINFOD_URLS=https://debuginfod.ubuntu.com PYTHONPATH=/home/batch9/ros2_ws/build/encoder_node/prefix_override:/usr/lib/python3/dist-packages/colcon_core/task/python/colcon_distutils_commands:/home/batch9/ros2_ws/install/encoder_node/lib/python3.12/site-packages:${PYTHONPATH} /usr/bin/python3 -W ignore:setup.py install is deprecated -W ignore:easy_install command is deprecated setup.py egg_info --egg-base ../../build/encoder_node build --build-base /home/batch9/ros2_ws/build/encoder_node/build install --record /home/batch9/ros2_ws/build/encoder_node/install.log --single-version-externally-managed install_data
[3.697s] running egg_info
[3.773s] writing ../../build/encoder_node/encoder_node.egg-info/PKG-INFO
[3.774s] writing dependency_links to ../../build/encoder_node/encoder_node.egg-info/dependency_links.txt
[3.774s] writing entry points to ../../build/encoder_node/encoder_node.egg-info/entry_points.txt
[3.775s] writing requirements to ../../build/encoder_node/encoder_node.egg-info/requires.txt
[3.775s] writing top-level names to ../../build/encoder_node/encoder_node.egg-info/top_level.txt
[3.776s] reading manifest file '../../build/encoder_node/encoder_node.egg-info/SOURCES.txt'
[3.788s] writing manifest file '../../build/encoder_node/encoder_node.egg-info/SOURCES.txt'
[3.788s] running build
[3.788s] running build_py
[3.826s] copying encoder_node/encoder_pub.py -> /home/batch9/ros2_ws/build/encoder_node/build/lib/encoder_node
[3.826s] running install
[3.834s] running install_lib
[3.863s] copying /home/batch9/ros2_ws/build/encoder_node/build/lib/encoder_node/encoder_pub.py -> /home/batch9/ros2_ws/install/encoder_node/lib/python3.12/site-packages/encoder_node
[3.864s] byte-compiling /home/batch9/ros2_ws/install/encoder_node/lib/python3.12/site-packages/encoder_node/encoder_pub.py to encoder_pub.cpython-312.pyc
[3.865s] running install_data
[3.865s] running install_egg_info
[3.899s] removing '/home/batch9/ros2_ws/install/encoder_node/lib/python3.12/site-packages/encoder_node-0.0.0-py3.12.egg-info' (and everything under it)
[3.900s] Copying ../../build/encoder_node/encoder_node.egg-info to /home/batch9/ros2_ws/install/encoder_node/lib/python3.12/site-packages/encoder_node-0.0.0-py3.12.egg-info
[3.902s] running install_scripts
[4.135s] Installing encoder_pub script to /home/batch9/ros2_ws/install/encoder_node/lib/encoder_node
[4.137s] writing list of installed files to '/home/batch9/ros2_ws/build/encoder_node/install.log'
[4.343s] Invoked command in '/home/batch9/ros2_ws/src/encoder_node' returned '0': DEBUGINFOD_URLS=https://debuginfod.ubuntu.com PYTHONPATH=/home/batch9/ros2_ws/build/encoder_node/prefix_override:/usr/lib/python3/dist-packages/colcon_core/task/python/colcon_distutils_commands:/home/batch9/ros2_ws/install/encoder_node/lib/python3.12/site-packages:${PYTHONPATH} /usr/bin/python3 -W ignore:setup.py install is deprecated -W ignore:easy_install command is deprecated setup.py egg_info --egg-base ../../build/encoder_node build --build-base /home/batch9/ros2_ws/build/encoder_node/build install --record /home/batch9/ros2_ws/build/encoder_node/install.log --single-version-externally-managed install_data
