[1.675s] Invoking command in '/home/batch9/ros2_ws/src/sensor_fusion': DEBUGINFOD_URLS=https://debuginfod.ubuntu.com PYTHONPATH=/home/batch9/ros2_ws/build/sensor_fusion/prefix_override:/usr/lib/python3/dist-packages/colcon_core/task/python/colcon_distutils_commands:/home/batch9/ros2_ws/install/sensor_fusion/lib/python3.12/site-packages:${PYTHONPATH} /usr/bin/python3 -W ignore:setup.py install is deprecated -W ignore:easy_install command is deprecated setup.py egg_info --egg-base ../../build/sensor_fusion build --build-base /home/batch9/ros2_ws/build/sensor_fusion/build install --record /home/batch9/ros2_ws/build/sensor_fusion/install.log --single-version-externally-managed install_data
[2.236s] running egg_info
[2.264s] writing ../../build/sensor_fusion/sensor_fusion.egg-info/PKG-INFO
[2.264s] writing dependency_links to ../../build/sensor_fusion/sensor_fusion.egg-info/dependency_links.txt
[2.265s] writing entry points to ../../build/sensor_fusion/sensor_fusion.egg-info/entry_points.txt
[2.266s] writing requirements to ../../build/sensor_fusion/sensor_fusion.egg-info/requires.txt
[2.266s] writing top-level names to ../../build/sensor_fusion/sensor_fusion.egg-info/top_level.txt
[2.323s] reading manifest file '../../build/sensor_fusion/sensor_fusion.egg-info/SOURCES.txt'
[2.324s] writing manifest file '../../build/sensor_fusion/sensor_fusion.egg-info/SOURCES.txt'
[2.324s] running build
[2.324s] running build_py
[2.324s] running install
[2.334s] running install_lib
[2.360s] running install_data
[2.360s] running install_egg_info
[2.388s] removing '/home/batch9/ros2_ws/install/sensor_fusion/lib/python3.12/site-packages/sensor_fusion-0.0.0-py3.12.egg-info' (and everything under it)
[2.388s] Copying ../../build/sensor_fusion/sensor_fusion.egg-info to /home/batch9/ros2_ws/install/sensor_fusion/lib/python3.12/site-packages/sensor_fusion-0.0.0-py3.12.egg-info
[2.389s] running install_scripts
[2.574s] Installing sensor_fusion script to /home/batch9/ros2_ws/install/sensor_fusion/lib/sensor_fusion
[2.574s] writing list of installed files to '/home/batch9/ros2_ws/build/sensor_fusion/install.log'
[2.659s] Invoked command in '/home/batch9/ros2_ws/src/sensor_fusion' returned '0': DEBUGINFOD_URLS=https://debuginfod.ubuntu.com PYTHONPATH=/home/batch9/ros2_ws/build/sensor_fusion/prefix_override:/usr/lib/python3/dist-packages/colcon_core/task/python/colcon_distutils_commands:/home/batch9/ros2_ws/install/sensor_fusion/lib/python3.12/site-packages:${PYTHONPATH} /usr/bin/python3 -W ignore:setup.py install is deprecated -W ignore:easy_install command is deprecated setup.py egg_info --egg-base ../../build/sensor_fusion build --build-base /home/batch9/ros2_ws/build/sensor_fusion/build install --record /home/batch9/ros2_ws/build/sensor_fusion/install.log --single-version-externally-managed install_data
