running egg_info
creating ../../build/pid/pid.egg-info
writing ../../build/pid/pid.egg-info/PKG-INFO
writing dependency_links to ../../build/pid/pid.egg-info/dependency_links.txt
writing entry points to ../../build/pid/pid.egg-info/entry_points.txt
writing requirements to ../../build/pid/pid.egg-info/requires.txt
writing top-level names to ../../build/pid/pid.egg-info/top_level.txt
writing manifest file '../../build/pid/pid.egg-info/SOURCES.txt'
reading manifest file '../../build/pid/pid.egg-info/SOURCES.txt'
writing manifest file '../../build/pid/pid.egg-info/SOURCES.txt'
running build
running build_py
creating /home/batch9/ros2_ws/build/pid/build
creating /home/batch9/ros2_ws/build/pid/build/lib
creating /home/batch9/ros2_ws/build/pid/build/lib/pid
copying pid/__init__.py -> /home/batch9/ros2_ws/build/pid/build/lib/pid
copying pid/pid.py -> /home/batch9/ros2_ws/build/pid/build/lib/pid
running install
running install_lib
creating /home/batch9/ros2_ws/install/pid/lib/python3.12/site-packages/pid
copying /home/batch9/ros2_ws/build/pid/build/lib/pid/__init__.py -> /home/batch9/ros2_ws/install/pid/lib/python3.12/site-packages/pid
copying /home/batch9/ros2_ws/build/pid/build/lib/pid/pid.py -> /home/batch9/ros2_ws/install/pid/lib/python3.12/site-packages/pid
byte-compiling /home/batch9/ros2_ws/install/pid/lib/python3.12/site-packages/pid/__init__.py to __init__.cpython-312.pyc
byte-compiling /home/batch9/ros2_ws/install/pid/lib/python3.12/site-packages/pid/pid.py to pid.cpython-312.pyc
running install_data
creating /home/batch9/ros2_ws/install/pid/share/ament_index
creating /home/batch9/ros2_ws/install/pid/share/ament_index/resource_index
creating /home/batch9/ros2_ws/install/pid/share/ament_index/resource_index/packages
copying resource/pid -> /home/batch9/ros2_ws/install/pid/share/ament_index/resource_index/packages
copying package.xml -> /home/batch9/ros2_ws/install/pid/share/pid
running install_egg_info
Copying ../../build/pid/pid.egg-info to /home/batch9/ros2_ws/install/pid/lib/python3.12/site-packages/pid-0.0.0-py3.12.egg-info
running install_scripts
Installing pid script to /home/batch9/ros2_ws/install/pid/lib/pid
writing list of installed files to '/home/batch9/ros2_ws/build/pid/install.log'
