[3.161s] Invoking command in '/home/batch9/ros2_ws/src/encoder_node': DEBUGINFOD_URLS=https://debuginfod.ubuntu.com PYTHONPATH=/home/batch9/ros2_ws/build/encoder_node/prefix_override:/usr/lib/python3/dist-packages/colcon_core/task/python/colcon_distutils_commands:/home/batch9/ros2_ws/install/encoder_node/lib/python3.12/site-packages:${PYTHONPATH} /usr/bin/python3 -W ignore:setup.py install is deprecated -W ignore:easy_install command is deprecated setup.py egg_info --egg-base ../../build/encoder_node build --build-base /home/batch9/ros2_ws/build/encoder_node/build install --record /home/batch9/ros2_ws/build/encoder_node/install.log --single-version-externally-managed install_data
[3.793s] running egg_info
[3.832s] writing ../../build/encoder_node/encoder_node.egg-info/PKG-INFO
[3.835s] writing dependency_links to ../../build/encoder_node/encoder_node.egg-info/dependency_links.txt
[3.839s] writing entry points to ../../build/encoder_node/encoder_node.egg-info/entry_points.txt
[3.842s] writing requirements to ../../build/encoder_node/encoder_node.egg-info/requires.txt
[3.846s] writing top-level names to ../../build/encoder_node/encoder_node.egg-info/top_level.txt
[3.988s] reading manifest file '../../build/encoder_node/encoder_node.egg-info/SOURCES.txt'
[3.993s] writing manifest file '../../build/encoder_node/encoder_node.egg-info/SOURCES.txt'
[3.993s] running build
[3.994s] running build_py
[3.994s] running install
[4.021s] running install_lib
[4.082s] running install_data
[4.083s] running install_egg_info
[4.130s] removing '/home/batch9/ros2_ws/install/encoder_node/lib/python3.12/site-packages/encoder_node-0.0.0-py3.12.egg-info' (and everything under it)
[4.131s] Copying ../../build/encoder_node/encoder_node.egg-info to /home/batch9/ros2_ws/install/encoder_node/lib/python3.12/site-packages/encoder_node-0.0.0-py3.12.egg-info
[4.135s] running install_scripts
[4.379s] Installing encoder_pub script to /home/batch9/ros2_ws/install/encoder_node/lib/encoder_node
[4.380s] writing list of installed files to '/home/batch9/ros2_ws/build/encoder_node/install.log'
[5.011s] Invoked command in '/home/batch9/ros2_ws/src/encoder_node' returned '0': DEBUGINFOD_URLS=https://debuginfod.ubuntu.com PYTHONPATH=/home/batch9/ros2_ws/build/encoder_node/prefix_override:/usr/lib/python3/dist-packages/colcon_core/task/python/colcon_distutils_commands:/home/batch9/ros2_ws/install/encoder_node/lib/python3.12/site-packages:${PYTHONPATH} /usr/bin/python3 -W ignore:setup.py install is deprecated -W ignore:easy_install command is deprecated setup.py egg_info --egg-base ../../build/encoder_node build --build-base /home/batch9/ros2_ws/build/encoder_node/build install --record /home/batch9/ros2_ws/build/encoder_node/install.log --single-version-externally-managed install_data
