[3.174s] Invoking command in '/home/batch9/ros2_ws/src/encoder_node': DEBUGINFOD_URLS=https://debuginfod.ubuntu.com PYTHONPATH=/home/batch9/ros2_ws/build/encoder_node/prefix_override:/usr/lib/python3/dist-packages/colcon_core/task/python/colcon_distutils_commands:/home/batch9/ros2_ws/install/encoder_node/lib/python3.12/site-packages:${PYTHONPATH} /usr/bin/python3 -W ignore:setup.py install is deprecated -W ignore:easy_install command is deprecated setup.py egg_info --egg-base ../../build/encoder_node build --build-base /home/batch9/ros2_ws/build/encoder_node/build install --record /home/batch9/ros2_ws/build/encoder_node/install.log --single-version-externally-managed install_data
[3.655s] running egg_info
[3.681s] writing ../../build/encoder_node/encoder_node.egg-info/PKG-INFO
[3.684s] writing dependency_links to ../../build/encoder_node/encoder_node.egg-info/dependency_links.txt
[3.684s] writing entry points to ../../build/encoder_node/encoder_node.egg-info/entry_points.txt
[3.684s] writing requirements to ../../build/encoder_node/encoder_node.egg-info/requires.txt
[3.685s] writing top-level names to ../../build/encoder_node/encoder_node.egg-info/top_level.txt
[3.748s] reading manifest file '../../build/encoder_node/encoder_node.egg-info/SOURCES.txt'
[3.750s] writing manifest file '../../build/encoder_node/encoder_node.egg-info/SOURCES.txt'
[3.750s] running build
[3.750s] running build_py
[3.752s] running install
[3.764s] running install_lib
[3.794s] running install_data
[3.796s] running install_egg_info
[3.830s] removing '/home/batch9/ros2_ws/install/encoder_node/lib/python3.12/site-packages/encoder_node-0.0.0-py3.12.egg-info' (and everything under it)
[3.831s] Copying ../../build/encoder_node/encoder_node.egg-info to /home/batch9/ros2_ws/install/encoder_node/lib/python3.12/site-packages/encoder_node-0.0.0-py3.12.egg-info
[3.833s] running install_scripts
[4.059s] Installing encoder_pub script to /home/batch9/ros2_ws/install/encoder_node/lib/encoder_node
[4.061s] writing list of installed files to '/home/batch9/ros2_ws/build/encoder_node/install.log'
[4.247s] Invoked command in '/home/batch9/ros2_ws/src/encoder_node' returned '0': DEBUGINFOD_URLS=https://debuginfod.ubuntu.com PYTHONPATH=/home/batch9/ros2_ws/build/encoder_node/prefix_override:/usr/lib/python3/dist-packages/colcon_core/task/python/colcon_distutils_commands:/home/batch9/ros2_ws/install/encoder_node/lib/python3.12/site-packages:${PYTHONPATH} /usr/bin/python3 -W ignore:setup.py install is deprecated -W ignore:easy_install command is deprecated setup.py egg_info --egg-base ../../build/encoder_node build --build-base /home/batch9/ros2_ws/build/encoder_node/build install --record /home/batch9/ros2_ws/build/encoder_node/install.log --single-version-externally-managed install_data
