[2.112s] Invoking command in '/home/batch9/ros2_ws/src/q_learning_node': DEBUGINFOD_URLS=https://debuginfod.ubuntu.com PYTHONPATH=/home/batch9/ros2_ws/build/q_learning_node/prefix_override:/usr/lib/python3/dist-packages/colcon_core/task/python/colcon_distutils_commands:/home/batch9/ros2_ws/install/q_learning_node/lib/python3.12/site-packages:${PYTHONPATH} /usr/bin/python3 -W ignore:setup.py install is deprecated -W ignore:easy_install command is deprecated setup.py egg_info --egg-base ../../build/q_learning_node build --build-base /home/batch9/ros2_ws/build/q_learning_node/build install --record /home/batch9/ros2_ws/build/q_learning_node/install.log --single-version-externally-managed install_data
[2.523s] running egg_info
[2.551s] writing ../../build/q_learning_node/q_learning_node.egg-info/PKG-INFO
[2.551s] writing dependency_links to ../../build/q_learning_node/q_learning_node.egg-info/dependency_links.txt
[2.554s] writing entry points to ../../build/q_learning_node/q_learning_node.egg-info/entry_points.txt
[2.554s] writing requirements to ../../build/q_learning_node/q_learning_node.egg-info/requires.txt
[2.555s] writing top-level names to ../../build/q_learning_node/q_learning_node.egg-info/top_level.txt
[2.612s] reading manifest file '../../build/q_learning_node/q_learning_node.egg-info/SOURCES.txt'
[2.613s] writing manifest file '../../build/q_learning_node/q_learning_node.egg-info/SOURCES.txt'
[2.613s] running build
[2.613s] running build_py
[2.613s] copying q_learning_node/q_learning.py -> /home/batch9/ros2_ws/build/q_learning_node/build/lib/q_learning_node
[2.614s] running install
[2.624s] running install_lib
[2.652s] copying /home/batch9/ros2_ws/build/q_learning_node/build/lib/q_learning_node/q_learning.py -> /home/batch9/ros2_ws/install/q_learning_node/lib/python3.12/site-packages/q_learning_node
[2.653s] byte-compiling /home/batch9/ros2_ws/install/q_learning_node/lib/python3.12/site-packages/q_learning_node/q_learning.py to q_learning.cpython-312.pyc
[2.656s] running install_data
[2.656s] running install_egg_info
[2.687s] removing '/home/batch9/ros2_ws/install/q_learning_node/lib/python3.12/site-packages/q_learning_node-0.0.0-py3.12.egg-info' (and everything under it)
[2.687s] Copying ../../build/q_learning_node/q_learning_node.egg-info to /home/batch9/ros2_ws/install/q_learning_node/lib/python3.12/site-packages/q_learning_node-0.0.0-py3.12.egg-info
[2.689s] running install_scripts
[2.889s] Installing q_learning script to /home/batch9/ros2_ws/install/q_learning_node/lib/q_learning_node
[2.889s] writing list of installed files to '/home/batch9/ros2_ws/build/q_learning_node/install.log'
[3.009s] Invoked command in '/home/batch9/ros2_ws/src/q_learning_node' returned '0': DEBUGINFOD_URLS=https://debuginfod.ubuntu.com PYTHONPATH=/home/batch9/ros2_ws/build/q_learning_node/prefix_override:/usr/lib/python3/dist-packages/colcon_core/task/python/colcon_distutils_commands:/home/batch9/ros2_ws/install/q_learning_node/lib/python3.12/site-packages:${PYTHONPATH} /usr/bin/python3 -W ignore:setup.py install is deprecated -W ignore:easy_install command is deprecated setup.py egg_info --egg-base ../../build/q_learning_node build --build-base /home/batch9/ros2_ws/build/q_learning_node/build install --record /home/batch9/ros2_ws/build/q_learning_node/install.log --single-version-externally-managed install_data
