running egg_info
writing ../../build/Q-Learning_node/Q_Learning_node.egg-info/PKG-INFO
writing dependency_links to ../../build/Q-Learning_node/Q_Learning_node.egg-info/dependency_links.txt
writing requirements to ../../build/Q-Learning_node/Q_Learning_node.egg-info/requires.txt
writing top-level names to ../../build/Q-Learning_node/Q_Learning_node.egg-info/top_level.txt
reading manifest file '../../build/Q-Learning_node/Q_Learning_node.egg-info/SOURCES.txt'
writing manifest file '../../build/Q-Learning_node/Q_Learning_node.egg-info/SOURCES.txt'
running build
running build_py
copying Q-Learning_node/Q-Learning.py -> /home/batch9/ros2_ws/build/Q-Learning_node/build/lib/Q-Learning_node
running install
running install_lib
copying /home/batch9/ros2_ws/build/Q-Learning_node/build/lib/Q-Learning_node/Q-Learning.py -> /home/batch9/ros2_ws/install/Q-Learning_node/lib/python3.12/site-packages/Q-Learning_node
byte-compiling /home/batch9/ros2_ws/install/Q-Learning_node/lib/python3.12/site-packages/Q-Learning_node/Q-Learning.py to Q-Learning.cpython-312.pyc
running install_data
running install_egg_info
removing '/home/batch9/ros2_ws/install/Q-Learning_node/lib/python3.12/site-packages/Q_Learning_node-0.0.0-py3.12.egg-info' (and everything under it)
Copying ../../build/Q-Learning_node/Q_Learning_node.egg-info to /home/batch9/ros2_ws/install/Q-Learning_node/lib/python3.12/site-packages/Q_Learning_node-0.0.0-py3.12.egg-info
running install_scripts
writing list of installed files to '/home/batch9/ros2_ws/build/Q-Learning_node/install.log'
