[2.825s] Invoking command in '/home/batch9/ros2_ws/src/q_learning_node': DEBUGINFOD_URLS=https://debuginfod.ubuntu.com PYTHONPATH=/home/batch9/ros2_ws/build/q_learning_node/prefix_override:/usr/lib/python3/dist-packages/colcon_core/task/python/colcon_distutils_commands:/home/batch9/ros2_ws/install/q_learning_node/lib/python3.12/site-packages:${PYTHONPATH} /usr/bin/python3 -W ignore:setup.py install is deprecated -W ignore:easy_install command is deprecated setup.py egg_info --egg-base ../../build/q_learning_node build --build-base /home/batch9/ros2_ws/build/q_learning_node/build install --record /home/batch9/ros2_ws/build/q_learning_node/install.log --single-version-externally-managed install_data
[3.484s] running egg_info
[3.511s] writing ../../build/q_learning_node/q_learning_node.egg-info/PKG-INFO
[3.512s] writing dependency_links to ../../build/q_learning_node/q_learning_node.egg-info/dependency_links.txt
[3.516s] writing entry points to ../../build/q_learning_node/q_learning_node.egg-info/entry_points.txt
[3.517s] writing requirements to ../../build/q_learning_node/q_learning_node.egg-info/requires.txt
[3.517s] writing top-level names to ../../build/q_learning_node/q_learning_node.egg-info/top_level.txt
[3.600s] reading manifest file '../../build/q_learning_node/q_learning_node.egg-info/SOURCES.txt'
[3.601s] writing manifest file '../../build/q_learning_node/q_learning_node.egg-info/SOURCES.txt'
[3.601s] running build
[3.601s] running build_py
[3.601s] copying q_learning_node/q_learning.py -> /home/batch9/ros2_ws/build/q_learning_node/build/lib/q_learning_node
[3.602s] running install
[3.612s] running install_lib
[3.662s] copying /home/batch9/ros2_ws/build/q_learning_node/build/lib/q_learning_node/q_learning.py -> /home/batch9/ros2_ws/install/q_learning_node/lib/python3.12/site-packages/q_learning_node
[3.665s] byte-compiling /home/batch9/ros2_ws/install/q_learning_node/lib/python3.12/site-packages/q_learning_node/q_learning.py to q_learning.cpython-312.pyc
[3.670s] running install_data
[3.670s] running install_egg_info
[3.700s] removing '/home/batch9/ros2_ws/install/q_learning_node/lib/python3.12/site-packages/q_learning_node-0.0.0-py3.12.egg-info' (and everything under it)
[3.701s] Copying ../../build/q_learning_node/q_learning_node.egg-info to /home/batch9/ros2_ws/install/q_learning_node/lib/python3.12/site-packages/q_learning_node-0.0.0-py3.12.egg-info
[3.702s] running install_scripts
[3.990s] Installing q_learning script to /home/batch9/ros2_ws/install/q_learning_node/lib/q_learning_node
[3.991s] writing list of installed files to '/home/batch9/ros2_ws/build/q_learning_node/install.log'
[4.148s] Invoked command in '/home/batch9/ros2_ws/src/q_learning_node' returned '0': DEBUGINFOD_URLS=https://debuginfod.ubuntu.com PYTHONPATH=/home/batch9/ros2_ws/build/q_learning_node/prefix_override:/usr/lib/python3/dist-packages/colcon_core/task/python/colcon_distutils_commands:/home/batch9/ros2_ws/install/q_learning_node/lib/python3.12/site-packages:${PYTHONPATH} /usr/bin/python3 -W ignore:setup.py install is deprecated -W ignore:easy_install command is deprecated setup.py egg_info --egg-base ../../build/q_learning_node build --build-base /home/batch9/ros2_ws/build/q_learning_node/build install --record /home/batch9/ros2_ws/build/q_learning_node/install.log --single-version-externally-managed install_data
