[0.353s] Invoking command in '/home/batch9/ros2_ws/build/sllidar_ros2': CMAKE_PREFIX_PATH=${CMAKE_PREFIX_PATH}:/home/batch9/ros2_ws/install/rplidar_distance_angle_publisher:/opt/ros/jazzy DEBUGINFOD_URLS=https://debuginfod.ubuntu.com /usr/bin/cmake --build /home/batch9/ros2_ws/build/sllidar_ros2 -- -j4 -l4
[0.503s] [ 10%] Built target sllidar_client
[0.516s] [100%] Built target sllidar_node
[0.539s] Invoked command in '/home/batch9/ros2_ws/build/sllidar_ros2' returned '0': CMAKE_PREFIX_PATH=${CMAKE_PREFIX_PATH}:/home/batch9/ros2_ws/install/rplidar_distance_angle_publisher:/opt/ros/jazzy DEBUGINFOD_URLS=https://debuginfod.ubuntu.com /usr/bin/cmake --build /home/batch9/ros2_ws/build/sllidar_ros2 -- -j4 -l4
[0.557s] Invoking command in '/home/batch9/ros2_ws/build/sllidar_ros2': CMAKE_PREFIX_PATH=${CMAKE_PREFIX_PATH}:/home/batch9/ros2_ws/install/rplidar_distance_angle_publisher:/opt/ros/jazzy DEBUGINFOD_URLS=https://debuginfod.ubuntu.com /usr/bin/cmake --install /home/batch9/ros2_ws/build/sllidar_ros2
[0.572s] -- Install configuration: ""
[0.573s] -- Execute custom install script
[0.574s] -- Up-to-date symlink: /home/batch9/ros2_ws/install/sllidar_ros2/share/sllidar_ros2/launch/sllidar_a1_launch.py
[0.574s] -- Up-to-date symlink: /home/batch9/ros2_ws/install/sllidar_ros2/share/sllidar_ros2/launch/sllidar_a2m12_launch .py
[0.574s] -- Up-to-date symlink: /home/batch9/ros2_ws/install/sllidar_ros2/share/sllidar_ros2/launch/sllidar_a2m7_launch.py
[0.575s] -- Up-to-date symlink: /home/batch9/ros2_ws/install/sllidar_ros2/share/sllidar_ros2/launch/sllidar_a2m8_launch.py
[0.575s] -- Up-to-date symlink: /home/batch9/ros2_ws/install/sllidar_ros2/share/sllidar_ros2/launch/sllidar_a3_launch.py
[0.575s] -- Up-to-date symlink: /home/batch9/ros2_ws/install/sllidar_ros2/share/sllidar_ros2/launch/sllidar_c1_launch.py
[0.575s] -- Up-to-date symlink: /home/batch9/ros2_ws/install/sllidar_ros2/share/sllidar_ros2/launch/sllidar_s1_launch.py
[0.576s] -- Up-to-date symlink: /home/batch9/ros2_ws/install/sllidar_ros2/share/sllidar_ros2/launch/sllidar_s1_tcp_launch.py
[0.576s] -- Up-to-date symlink: /home/batch9/ros2_ws/install/sllidar_ros2/share/sllidar_ros2/launch/sllidar_s2_launch.py
[0.576s] -- Up-to-date symlink: /home/batch9/ros2_ws/install/sllidar_ros2/share/sllidar_ros2/launch/sllidar_s2e_launch.py
[0.579s] -- Up-to-date symlink: /home/batch9/ros2_ws/install/sllidar_ros2/share/sllidar_ros2/launch/sllidar_s3_launch.py
[0.580s] -- Up-to-date symlink: /home/batch9/ros2_ws/install/sllidar_ros2/share/sllidar_ros2/launch/sllidar_t1_launch.py
[0.581s] -- Up-to-date symlink: /home/batch9/ros2_ws/install/sllidar_ros2/share/sllidar_ros2/launch/view_sllidar_a1_launch.py
[0.582s] -- Up-to-date symlink: /home/batch9/ros2_ws/install/sllidar_ros2/share/sllidar_ros2/launch/view_sllidar_a2m12_launch.py
[0.582s] -- Up-to-date symlink: /home/batch9/ros2_ws/install/sllidar_ros2/share/sllidar_ros2/launch/view_sllidar_a2m7_launch.py
[0.585s] -- Up-to-date symlink: /home/batch9/ros2_ws/install/sllidar_ros2/share/sllidar_ros2/launch/view_sllidar_a2m8_launch.py
[0.585s] -- Up-to-date symlink: /home/batch9/ros2_ws/install/sllidar_ros2/share/sllidar_ros2/launch/view_sllidar_a3_launch.py
[0.587s] -- Up-to-date symlink: /home/batch9/ros2_ws/install/sllidar_ros2/share/sllidar_ros2/launch/view_sllidar_c1_launch.py
[0.587s] -- Up-to-date symlink: /home/batch9/ros2_ws/install/sllidar_ros2/share/sllidar_ros2/launch/view_sllidar_s1_launch.py
[0.587s] -- Up-to-date symlink: /home/batch9/ros2_ws/install/sllidar_ros2/share/sllidar_ros2/launch/view_sllidar_s1_tcp_launch.py
[0.587s] -- Up-to-date symlink: /home/batch9/ros2_ws/install/sllidar_ros2/share/sllidar_ros2/launch/view_sllidar_s2_launch.py
[0.587s] -- Up-to-date symlink: /home/batch9/ros2_ws/install/sllidar_ros2/share/sllidar_ros2/launch/view_sllidar_s2e_launch.py
[0.588s] -- Up-to-date symlink: /home/batch9/ros2_ws/install/sllidar_ros2/share/sllidar_ros2/launch/view_sllidar_s3_launch.py
[0.588s] -- Up-to-date symlink: /home/batch9/ros2_ws/install/sllidar_ros2/share/sllidar_ros2/launch/view_sllidar_t1_launch.py
[0.588s] -- Up-to-date symlink: /home/batch9/ros2_ws/install/sllidar_ros2/share/sllidar_ros2/rviz/sllidar_ros2.rviz
[0.588s] -- Up-to-date symlink: /home/batch9/ros2_ws/install/sllidar_ros2/lib/sllidar_ros2/sllidar_node
[0.590s] -- Up-to-date symlink: /home/batch9/ros2_ws/install/sllidar_ros2/lib/sllidar_ros2/sllidar_client
[0.591s] -- Up-to-date symlink: /home/batch9/ros2_ws/install/sllidar_ros2/share/ament_index/resource_index/package_run_dependencies/sllidar_ros2
[0.592s] -- Up-to-date symlink: /home/batch9/ros2_ws/install/sllidar_ros2/share/ament_index/resource_index/parent_prefix_path/sllidar_ros2
[0.592s] -- Up-to-date symlink: /home/batch9/ros2_ws/install/sllidar_ros2/share/sllidar_ros2/environment/ament_prefix_path.sh
[0.595s] -- Up-to-date symlink: /home/batch9/ros2_ws/install/sllidar_ros2/share/sllidar_ros2/environment/ament_prefix_path.dsv
[0.596s] -- Up-to-date symlink: /home/batch9/ros2_ws/install/sllidar_ros2/share/sllidar_ros2/environment/path.sh
[0.596s] -- Up-to-date symlink: /home/batch9/ros2_ws/install/sllidar_ros2/share/sllidar_ros2/environment/path.dsv
[0.596s] -- Up-to-date symlink: /home/batch9/ros2_ws/install/sllidar_ros2/share/sllidar_ros2/local_setup.bash
[0.597s] -- Up-to-date symlink: /home/batch9/ros2_ws/install/sllidar_ros2/share/sllidar_ros2/local_setup.sh
[0.597s] -- Up-to-date symlink: /home/batch9/ros2_ws/install/sllidar_ros2/share/sllidar_ros2/local_setup.zsh
[0.597s] -- Up-to-date symlink: /home/batch9/ros2_ws/install/sllidar_ros2/share/sllidar_ros2/local_setup.dsv
[0.597s] -- Symlinking: /home/batch9/ros2_ws/install/sllidar_ros2/share/sllidar_ros2/package.dsv
[0.610s] -- Up-to-date symlink: /home/batch9/ros2_ws/install/sllidar_ros2/share/ament_index/resource_index/packages/sllidar_ros2
[0.611s] -- Up-to-date symlink: /home/batch9/ros2_ws/install/sllidar_ros2/share/sllidar_ros2/cmake/ament_cmake_export_dependencies-extras.cmake
[0.611s] -- Up-to-date symlink: /home/batch9/ros2_ws/install/sllidar_ros2/share/sllidar_ros2/cmake/ament_cmake_export_include_directories-extras.cmake
[0.611s] -- Up-to-date symlink: /home/batch9/ros2_ws/install/sllidar_ros2/share/sllidar_ros2/cmake/sllidar_ros2Config.cmake
[0.611s] -- Up-to-date symlink: /home/batch9/ros2_ws/install/sllidar_ros2/share/sllidar_ros2/cmake/sllidar_ros2Config-version.cmake
[0.611s] -- Up-to-date symlink: /home/batch9/ros2_ws/install/sllidar_ros2/share/sllidar_ros2/package.xml
[0.615s] Invoked command in '/home/batch9/ros2_ws/build/sllidar_ros2' returned '0': CMAKE_PREFIX_PATH=${CMAKE_PREFIX_PATH}:/home/batch9/ros2_ws/install/rplidar_distance_angle_publisher:/opt/ros/jazzy DEBUGINFOD_URLS=https://debuginfod.ubuntu.com /usr/bin/cmake --install /home/batch9/ros2_ws/build/sllidar_ros2
