[0.147s] DEBUG:colcon:Command line arguments: ['/usr/bin/colcon', 'build', '--packages-select', 'sensor_fusion']
[0.147s] DEBUG:colcon:Parsed command line arguments: Namespace(log_base=None, log_level=None, verb_name='build', build_base='build', install_base='install', merge_install=False, symlink_install=False, test_result_base=None, continue_on_error=False, executor='parallel', parallel_workers=4, event_handlers=None, ignore_user_meta=False, metas=['./colcon.meta'], base_paths=['.'], packages_ignore=None, packages_ignore_regex=None, paths=None, packages_up_to=None, packages_up_to_regex=None, packages_above=None, packages_above_and_dependencies=None, packages_above_depth=None, packages_select_by_dep=None, packages_skip_by_dep=None, packages_skip_up_to=None, packages_select_build_failed=False, packages_skip_build_finished=False, packages_select_test_failures=False, packages_skip_test_passed=False, packages_select=['sensor_fusion'], packages_skip=None, packages_select_regex=None, packages_skip_regex=None, packages_start=None, packages_end=None, allow_overriding=[], cmake_args=None, cmake_target=None, cmake_target_skip_unavailable=False, cmake_clean_cache=False, cmake_clean_first=False, cmake_force_configure=False, ament_cmake_args=None, catkin_cmake_args=None, catkin_skip_building_tests=False, mixin_files=None, mixin=None, verb_parser=<colcon_mixin.mixin.mixin_argument.MixinArgumentDecorator object at 0xffff95bbfc80>, verb_extension=<colcon_core.verb.build.BuildVerb object at 0xffff95da4920>, main=<bound method BuildVerb.main of <colcon_core.verb.build.BuildVerb object at 0xffff95da4920>>, mixin_verb=('build',))
[0.203s] Level 1:colcon.colcon_core.package_discovery:discover_packages(colcon_meta) check parameters
[0.203s] Level 1:colcon.colcon_core.package_discovery:discover_packages(recursive) check parameters
[0.203s] Level 1:colcon.colcon_core.package_discovery:discover_packages(ignore) check parameters
[0.203s] Level 1:colcon.colcon_core.package_discovery:discover_packages(path) check parameters
[0.203s] Level 1:colcon.colcon_core.package_discovery:discover_packages(colcon_meta) discover
[0.203s] Level 1:colcon.colcon_core.package_discovery:discover_packages(recursive) discover
[0.203s] INFO:colcon.colcon_core.package_discovery:Crawling recursively for packages in '/home/batch9/ros2_ws'
[0.203s] Level 1:colcon.colcon_core.package_identification:_identify(.) by extensions ['ignore', 'ignore_ament_install']
[0.204s] Level 1:colcon.colcon_core.package_identification:_identify(.) by extension 'ignore'
[0.204s] Level 1:colcon.colcon_core.package_identification:_identify(.) by extension 'ignore_ament_install'
[0.204s] Level 1:colcon.colcon_core.package_identification:_identify(.) by extensions ['colcon_pkg']
[0.204s] Level 1:colcon.colcon_core.package_identification:_identify(.) by extension 'colcon_pkg'
[0.204s] Level 1:colcon.colcon_core.package_identification:_identify(.) by extensions ['colcon_meta']
[0.204s] Level 1:colcon.colcon_core.package_identification:_identify(.) by extension 'colcon_meta'
[0.204s] Level 1:colcon.colcon_core.package_identification:_identify(.) by extensions ['ros']
[0.204s] Level 1:colcon.colcon_core.package_identification:_identify(.) by extension 'ros'
[0.241s] Level 1:colcon.colcon_core.package_identification:_identify(.) by extensions ['cmake', 'python']
[0.241s] Level 1:colcon.colcon_core.package_identification:_identify(.) by extension 'cmake'
[0.241s] Level 1:colcon.colcon_core.package_identification:_identify(.) by extension 'python'
[0.241s] Level 1:colcon.colcon_core.package_identification:_identify(.) by extensions ['python_setup_py']
[0.241s] Level 1:colcon.colcon_core.package_identification:_identify(.) by extension 'python_setup_py'
[0.242s] Level 1:colcon.colcon_core.package_identification:_identify(build) by extensions ['ignore', 'ignore_ament_install']
[0.242s] Level 1:colcon.colcon_core.package_identification:_identify(build) by extension 'ignore'
[0.242s] Level 1:colcon.colcon_core.package_identification:_identify(build) ignored
[0.242s] Level 1:colcon.colcon_core.package_identification:_identify(install) by extensions ['ignore', 'ignore_ament_install']
[0.242s] Level 1:colcon.colcon_core.package_identification:_identify(install) by extension 'ignore'
[0.242s] Level 1:colcon.colcon_core.package_identification:_identify(install) ignored
[0.242s] Level 1:colcon.colcon_core.package_identification:_identify(log) by extensions ['ignore', 'ignore_ament_install']
[0.242s] Level 1:colcon.colcon_core.package_identification:_identify(log) by extension 'ignore'
[0.242s] Level 1:colcon.colcon_core.package_identification:_identify(log) ignored
[0.243s] Level 1:colcon.colcon_core.package_identification:_identify(src) by extensions ['ignore', 'ignore_ament_install']
[0.243s] Level 1:colcon.colcon_core.package_identification:_identify(src) by extension 'ignore'
[0.243s] Level 1:colcon.colcon_core.package_identification:_identify(src) by extension 'ignore_ament_install'
[0.243s] Level 1:colcon.colcon_core.package_identification:_identify(src) by extensions ['colcon_pkg']
[0.243s] Level 1:colcon.colcon_core.package_identification:_identify(src) by extension 'colcon_pkg'
[0.243s] Level 1:colcon.colcon_core.package_identification:_identify(src) by extensions ['colcon_meta']
[0.243s] Level 1:colcon.colcon_core.package_identification:_identify(src) by extension 'colcon_meta'
[0.243s] Level 1:colcon.colcon_core.package_identification:_identify(src) by extensions ['ros']
[0.243s] Level 1:colcon.colcon_core.package_identification:_identify(src) by extension 'ros'
[0.243s] Level 1:colcon.colcon_core.package_identification:_identify(src) by extensions ['cmake', 'python']
[0.243s] Level 1:colcon.colcon_core.package_identification:_identify(src) by extension 'cmake'
[0.243s] Level 1:colcon.colcon_core.package_identification:_identify(src) by extension 'python'
[0.243s] Level 1:colcon.colcon_core.package_identification:_identify(src) by extensions ['python_setup_py']
[0.243s] Level 1:colcon.colcon_core.package_identification:_identify(src) by extension 'python_setup_py'
[0.243s] Level 1:colcon.colcon_core.package_identification:_identify(src/lidar_obstacle) by extensions ['ignore', 'ignore_ament_install']
[0.243s] Level 1:colcon.colcon_core.package_identification:_identify(src/lidar_obstacle) by extension 'ignore'
[0.243s] Level 1:colcon.colcon_core.package_identification:_identify(src/lidar_obstacle) by extension 'ignore_ament_install'
[0.243s] Level 1:colcon.colcon_core.package_identification:_identify(src/lidar_obstacle) by extensions ['colcon_pkg']
[0.243s] Level 1:colcon.colcon_core.package_identification:_identify(src/lidar_obstacle) by extension 'colcon_pkg'
[0.244s] Level 1:colcon.colcon_core.package_identification:_identify(src/lidar_obstacle) by extensions ['colcon_meta']
[0.244s] Level 1:colcon.colcon_core.package_identification:_identify(src/lidar_obstacle) by extension 'colcon_meta'
[0.244s] Level 1:colcon.colcon_core.package_identification:_identify(src/lidar_obstacle) by extensions ['ros']
[0.244s] Level 1:colcon.colcon_core.package_identification:_identify(src/lidar_obstacle) by extension 'ros'
[0.247s] DEBUG:colcon.colcon_core.package_identification:Package 'src/lidar_obstacle' with type 'ros.ament_python' and name 'lidar_obstacle'
[0.247s] Level 1:colcon.colcon_core.package_identification:_identify(src/rplidar_ros) by extensions ['ignore', 'ignore_ament_install']
[0.247s] Level 1:colcon.colcon_core.package_identification:_identify(src/rplidar_ros) by extension 'ignore'
[0.247s] Level 1:colcon.colcon_core.package_identification:_identify(src/rplidar_ros) by extension 'ignore_ament_install'
[0.247s] Level 1:colcon.colcon_core.package_identification:_identify(src/rplidar_ros) by extensions ['colcon_pkg']
[0.247s] Level 1:colcon.colcon_core.package_identification:_identify(src/rplidar_ros) by extension 'colcon_pkg'
[0.247s] Level 1:colcon.colcon_core.package_identification:_identify(src/rplidar_ros) by extensions ['colcon_meta']
[0.247s] Level 1:colcon.colcon_core.package_identification:_identify(src/rplidar_ros) by extension 'colcon_meta'
[0.247s] Level 1:colcon.colcon_core.package_identification:_identify(src/rplidar_ros) by extensions ['ros']
[0.247s] Level 1:colcon.colcon_core.package_identification:_identify(src/rplidar_ros) by extension 'ros'
[0.248s] DEBUG:colcon.colcon_core.package_identification:Package 'src/rplidar_ros' with type 'ros.ament_cmake' and name 'rplidar_ros'
[0.248s] Level 1:colcon.colcon_core.package_identification:_identify(src/sensor_fusion) by extensions ['ignore', 'ignore_ament_install']
[0.248s] Level 1:colcon.colcon_core.package_identification:_identify(src/sensor_fusion) by extension 'ignore'
[0.248s] Level 1:colcon.colcon_core.package_identification:_identify(src/sensor_fusion) by extension 'ignore_ament_install'
[0.248s] Level 1:colcon.colcon_core.package_identification:_identify(src/sensor_fusion) by extensions ['colcon_pkg']
[0.249s] Level 1:colcon.colcon_core.package_identification:_identify(src/sensor_fusion) by extension 'colcon_pkg'
[0.249s] Level 1:colcon.colcon_core.package_identification:_identify(src/sensor_fusion) by extensions ['colcon_meta']
[0.249s] Level 1:colcon.colcon_core.package_identification:_identify(src/sensor_fusion) by extension 'colcon_meta'
[0.249s] Level 1:colcon.colcon_core.package_identification:_identify(src/sensor_fusion) by extensions ['ros']
[0.249s] Level 1:colcon.colcon_core.package_identification:_identify(src/sensor_fusion) by extension 'ros'
[0.249s] DEBUG:colcon.colcon_core.package_identification:Package 'src/sensor_fusion' with type 'ros.ament_python' and name 'sensor_fusion'
[0.249s] Level 1:colcon.colcon_core.package_identification:_identify(src/sllidar_ros2) by extensions ['ignore', 'ignore_ament_install']
[0.250s] Level 1:colcon.colcon_core.package_identification:_identify(src/sllidar_ros2) by extension 'ignore'
[0.250s] Level 1:colcon.colcon_core.package_identification:_identify(src/sllidar_ros2) by extension 'ignore_ament_install'
[0.250s] Level 1:colcon.colcon_core.package_identification:_identify(src/sllidar_ros2) by extensions ['colcon_pkg']
[0.250s] Level 1:colcon.colcon_core.package_identification:_identify(src/sllidar_ros2) by extension 'colcon_pkg'
[0.250s] Level 1:colcon.colcon_core.package_identification:_identify(src/sllidar_ros2) by extensions ['colcon_meta']
[0.250s] Level 1:colcon.colcon_core.package_identification:_identify(src/sllidar_ros2) by extension 'colcon_meta'
[0.250s] Level 1:colcon.colcon_core.package_identification:_identify(src/sllidar_ros2) by extensions ['ros']
[0.250s] Level 1:colcon.colcon_core.package_identification:_identify(src/sllidar_ros2) by extension 'ros'
[0.251s] DEBUG:colcon.colcon_core.package_identification:Package 'src/sllidar_ros2' with type 'ros.ament_cmake' and name 'sllidar_ros2'
[0.251s] Level 1:colcon.colcon_core.package_discovery:discover_packages(recursive) using defaults
[0.251s] Level 1:colcon.colcon_core.package_discovery:discover_packages(ignore) discover
[0.251s] Level 1:colcon.colcon_core.package_discovery:discover_packages(ignore) using defaults
[0.251s] Level 1:colcon.colcon_core.package_discovery:discover_packages(path) discover
[0.251s] Level 1:colcon.colcon_core.package_discovery:discover_packages(path) using defaults
[0.274s] INFO:colcon.colcon_core.package_selection:Skipping not selected package 'lidar_obstacle' in 'src/lidar_obstacle'
[0.274s] INFO:colcon.colcon_core.package_selection:Skipping not selected package 'rplidar_ros' in 'src/rplidar_ros'
[0.274s] INFO:colcon.colcon_core.package_selection:Skipping not selected package 'sllidar_ros2' in 'src/sllidar_ros2'
[0.275s] Level 1:colcon.colcon_core.package_discovery:discover_packages(prefix_path) check parameters
[0.275s] Level 1:colcon.colcon_core.package_discovery:discover_packages(prefix_path) discover
[0.277s] DEBUG:colcon.colcon_installed_package_information.package_discovery:Found 4 installed packages in /home/batch9/ros2_ws/install
[0.279s] DEBUG:colcon.colcon_installed_package_information.package_discovery:Found 284 installed packages in /opt/ros/jazzy
[0.280s] Level 1:colcon.colcon_core.package_discovery:discover_packages(prefix_path) using defaults
[0.386s] Level 5:colcon.colcon_core.verb:set package 'sensor_fusion' build argument 'cmake_args' from command line to 'None'
[0.386s] Level 5:colcon.colcon_core.verb:set package 'sensor_fusion' build argument 'cmake_target' from command line to 'None'
[0.386s] Level 5:colcon.colcon_core.verb:set package 'sensor_fusion' build argument 'cmake_target_skip_unavailable' from command line to 'False'
[0.386s] Level 5:colcon.colcon_core.verb:set package 'sensor_fusion' build argument 'cmake_clean_cache' from command line to 'False'
[0.386s] Level 5:colcon.colcon_core.verb:set package 'sensor_fusion' build argument 'cmake_clean_first' from command line to 'False'
[0.386s] Level 5:colcon.colcon_core.verb:set package 'sensor_fusion' build argument 'cmake_force_configure' from command line to 'False'
[0.386s] Level 5:colcon.colcon_core.verb:set package 'sensor_fusion' build argument 'ament_cmake_args' from command line to 'None'
[0.386s] Level 5:colcon.colcon_core.verb:set package 'sensor_fusion' build argument 'catkin_cmake_args' from command line to 'None'
[0.386s] Level 5:colcon.colcon_core.verb:set package 'sensor_fusion' build argument 'catkin_skip_building_tests' from command line to 'False'
[0.386s] DEBUG:colcon.colcon_core.verb:Building package 'sensor_fusion' with the following arguments: {'ament_cmake_args': None, 'build_base': '/home/batch9/ros2_ws/build/sensor_fusion', 'catkin_cmake_args': None, 'catkin_skip_building_tests': False, 'cmake_args': None, 'cmake_clean_cache': False, 'cmake_clean_first': False, 'cmake_force_configure': False, 'cmake_target': None, 'cmake_target_skip_unavailable': False, 'install_base': '/home/batch9/ros2_ws/install/sensor_fusion', 'merge_install': False, 'path': '/home/batch9/ros2_ws/src/sensor_fusion', 'symlink_install': False, 'test_result_base': None}
[0.386s] INFO:colcon.colcon_core.executor:Executing jobs using 'parallel' executor
[0.388s] DEBUG:colcon.colcon_parallel_executor.executor.parallel:run_until_complete
[0.389s] INFO:colcon.colcon_ros.task.ament_python.build:Building ROS package in '/home/batch9/ros2_ws/src/sensor_fusion' with build type 'ament_python'
[0.389s] Level 1:colcon.colcon_core.shell:create_environment_hook('sensor_fusion', 'ament_prefix_path')
[0.394s] INFO:colcon.colcon_core.plugin_system:Skipping extension 'colcon_core.shell.bat': Not used on non-Windows systems
[0.395s] INFO:colcon.colcon_core.shell:Creating environment hook '/home/batch9/ros2_ws/install/sensor_fusion/share/sensor_fusion/hook/ament_prefix_path.ps1'
[0.397s] INFO:colcon.colcon_core.shell:Creating environment descriptor '/home/batch9/ros2_ws/install/sensor_fusion/share/sensor_fusion/hook/ament_prefix_path.dsv'
[0.398s] INFO:colcon.colcon_core.shell:Creating environment hook '/home/batch9/ros2_ws/install/sensor_fusion/share/sensor_fusion/hook/ament_prefix_path.sh'
[0.401s] INFO:colcon.colcon_core.shell:Skip shell extension 'powershell' for command environment: Not usable outside of PowerShell
[0.401s] DEBUG:colcon.colcon_core.shell:Skip shell extension 'dsv' for command environment
[0.739s] INFO:colcon.colcon_core.task.python.build:Building Python package in '/home/batch9/ros2_ws/src/sensor_fusion'
[0.740s] INFO:colcon.colcon_core.shell:Skip shell extension 'powershell' for command environment: Not usable outside of PowerShell
[0.740s] DEBUG:colcon.colcon_core.shell:Skip shell extension 'dsv' for command environment
[1.638s] DEBUG:colcon.colcon_core.event_handler.log_command:Invoking command in '/home/batch9/ros2_ws/src/sensor_fusion': DEBUGINFOD_URLS=https://debuginfod.ubuntu.com PYTHONPATH=/home/batch9/ros2_ws/build/sensor_fusion/prefix_override:/usr/lib/python3/dist-packages/colcon_core/task/python/colcon_distutils_commands:/home/batch9/ros2_ws/install/sensor_fusion/lib/python3.12/site-packages:${PYTHONPATH} /usr/bin/python3 -W ignore:setup.py install is deprecated -W ignore:easy_install command is deprecated setup.py egg_info --egg-base ../../build/sensor_fusion build --build-base /home/batch9/ros2_ws/build/sensor_fusion/build install --record /home/batch9/ros2_ws/build/sensor_fusion/install.log --single-version-externally-managed install_data
[2.432s] DEBUG:colcon.colcon_core.event_handler.log_command:Invoked command in '/home/batch9/ros2_ws/src/sensor_fusion' returned '0': DEBUGINFOD_URLS=https://debuginfod.ubuntu.com PYTHONPATH=/home/batch9/ros2_ws/build/sensor_fusion/prefix_override:/usr/lib/python3/dist-packages/colcon_core/task/python/colcon_distutils_commands:/home/batch9/ros2_ws/install/sensor_fusion/lib/python3.12/site-packages:${PYTHONPATH} /usr/bin/python3 -W ignore:setup.py install is deprecated -W ignore:easy_install command is deprecated setup.py egg_info --egg-base ../../build/sensor_fusion build --build-base /home/batch9/ros2_ws/build/sensor_fusion/build install --record /home/batch9/ros2_ws/build/sensor_fusion/install.log --single-version-externally-managed install_data
[2.435s] Level 1:colcon.colcon_core.environment:checking '/home/batch9/ros2_ws/install/sensor_fusion' for CMake module files
[2.436s] Level 1:colcon.colcon_core.environment:checking '/home/batch9/ros2_ws/install/sensor_fusion' for CMake config files
[2.436s] Level 1:colcon.colcon_core.environment:checking '/home/batch9/ros2_ws/install/sensor_fusion/lib'
[2.436s] Level 1:colcon.colcon_core.environment:checking '/home/batch9/ros2_ws/install/sensor_fusion/bin'
[2.437s] Level 1:colcon.colcon_core.environment:checking '/home/batch9/ros2_ws/install/sensor_fusion/lib/pkgconfig/sensor_fusion.pc'
[2.437s] Level 1:colcon.colcon_core.environment:checking '/home/batch9/ros2_ws/install/sensor_fusion/lib/python3.12/site-packages'
[2.437s] Level 1:colcon.colcon_core.shell:create_environment_hook('sensor_fusion', 'pythonpath')
[2.437s] INFO:colcon.colcon_core.shell:Creating environment hook '/home/batch9/ros2_ws/install/sensor_fusion/share/sensor_fusion/hook/pythonpath.ps1'
[2.438s] INFO:colcon.colcon_core.shell:Creating environment descriptor '/home/batch9/ros2_ws/install/sensor_fusion/share/sensor_fusion/hook/pythonpath.dsv'
[2.438s] INFO:colcon.colcon_core.shell:Creating environment hook '/home/batch9/ros2_ws/install/sensor_fusion/share/sensor_fusion/hook/pythonpath.sh'
[2.439s] Level 1:colcon.colcon_core.environment:checking '/home/batch9/ros2_ws/install/sensor_fusion/bin'
[2.439s] Level 1:colcon.colcon_core.environment:create_environment_scripts_only(sensor_fusion)
[2.439s] INFO:colcon.colcon_core.shell:Creating package script '/home/batch9/ros2_ws/install/sensor_fusion/share/sensor_fusion/package.ps1'
[2.440s] INFO:colcon.colcon_core.shell:Creating package descriptor '/home/batch9/ros2_ws/install/sensor_fusion/share/sensor_fusion/package.dsv'
[2.441s] INFO:colcon.colcon_core.shell:Creating package script '/home/batch9/ros2_ws/install/sensor_fusion/share/sensor_fusion/package.sh'
[2.441s] INFO:colcon.colcon_core.shell:Creating package script '/home/batch9/ros2_ws/install/sensor_fusion/share/sensor_fusion/package.bash'
[2.442s] INFO:colcon.colcon_core.shell:Creating package script '/home/batch9/ros2_ws/install/sensor_fusion/share/sensor_fusion/package.zsh'
[2.443s] Level 1:colcon.colcon_core.environment:create_file_with_runtime_dependencies(/home/batch9/ros2_ws/install/sensor_fusion/share/colcon-core/packages/sensor_fusion)
[2.443s] DEBUG:colcon.colcon_parallel_executor.executor.parallel:closing loop
[2.444s] DEBUG:colcon.colcon_parallel_executor.executor.parallel:loop closed
[2.444s] DEBUG:colcon.colcon_parallel_executor.executor.parallel:run_until_complete finished with '0'
[2.444s] DEBUG:colcon.colcon_core.event_reactor:joining thread
[2.457s] INFO:colcon.colcon_core.plugin_system:Skipping extension 'colcon_notification.desktop_notification.terminal_notifier': Not used on non-Darwin systems
[2.457s] INFO:colcon.colcon_core.plugin_system:Skipping extension 'colcon_notification.desktop_notification.win32': Not used on non-Windows systems
[2.457s] INFO:colcon.colcon_notification.desktop_notification:Sending desktop notification using 'notify2'
[2.496s] DEBUG:colcon.colcon_core.event_reactor:joined thread
[2.496s] INFO:colcon.colcon_core.shell:Creating prefix script '/home/batch9/ros2_ws/install/local_setup.ps1'
[2.498s] INFO:colcon.colcon_core.shell:Creating prefix util module '/home/batch9/ros2_ws/install/_local_setup_util_ps1.py'
[2.501s] INFO:colcon.colcon_core.shell:Creating prefix chain script '/home/batch9/ros2_ws/install/setup.ps1'
[2.504s] INFO:colcon.colcon_core.shell:Creating prefix script '/home/batch9/ros2_ws/install/local_setup.sh'
[2.505s] INFO:colcon.colcon_core.shell:Creating prefix util module '/home/batch9/ros2_ws/install/_local_setup_util_sh.py'
[2.506s] INFO:colcon.colcon_core.shell:Creating prefix chain script '/home/batch9/ros2_ws/install/setup.sh'
[2.508s] INFO:colcon.colcon_core.shell:Creating prefix script '/home/batch9/ros2_ws/install/local_setup.bash'
[2.508s] INFO:colcon.colcon_core.shell:Creating prefix chain script '/home/batch9/ros2_ws/install/setup.bash'
[2.510s] INFO:colcon.colcon_core.shell:Creating prefix script '/home/batch9/ros2_ws/install/local_setup.zsh'
[2.511s] INFO:colcon.colcon_core.shell:Creating prefix chain script '/home/batch9/ros2_ws/install/setup.zsh'
