[3.297s] Invoking command in '/home/batch9/ros2_ws/src/pid_control_node': DEBUGINFOD_URLS=https://debuginfod.ubuntu.com PYTHONPATH=/home/batch9/ros2_ws/build/pid_control_node/prefix_override:/usr/lib/python3/dist-packages/colcon_core/task/python/colcon_distutils_commands:/home/batch9/ros2_ws/install/pid_control_node/lib/python3.12/site-packages:${PYTHONPATH} /usr/bin/python3 -W ignore:setup.py install is deprecated -W ignore:easy_install command is deprecated setup.py egg_info --egg-base ../../build/pid_control_node build --build-base /home/batch9/ros2_ws/build/pid_control_node/build install --record /home/batch9/ros2_ws/build/pid_control_node/install.log --single-version-externally-managed install_data
[4.028s] running egg_info
[4.055s] writing ../../build/pid_control_node/pid_control_node.egg-info/PKG-INFO
[4.056s] writing dependency_links to ../../build/pid_control_node/pid_control_node.egg-info/dependency_links.txt
[4.057s] writing entry points to ../../build/pid_control_node/pid_control_node.egg-info/entry_points.txt
[4.057s] writing requirements to ../../build/pid_control_node/pid_control_node.egg-info/requires.txt
[4.058s] writing top-level names to ../../build/pid_control_node/pid_control_node.egg-info/top_level.txt
[4.146s] reading manifest file '../../build/pid_control_node/pid_control_node.egg-info/SOURCES.txt'
[4.147s] writing manifest file '../../build/pid_control_node/pid_control_node.egg-info/SOURCES.txt'
[4.147s] running build
[4.147s] running build_py
[4.148s] running install
[4.157s] running install_lib
[4.207s] running install_data
[4.207s] running install_egg_info
[4.247s] removing '/home/batch9/ros2_ws/install/pid_control_node/lib/python3.12/site-packages/pid_control_node-0.0.0-py3.12.egg-info' (and everything under it)
[4.250s] Copying ../../build/pid_control_node/pid_control_node.egg-info to /home/batch9/ros2_ws/install/pid_control_node/lib/python3.12/site-packages/pid_control_node-0.0.0-py3.12.egg-info
[4.250s] running install_scripts
[4.551s] Installing pid_control script to /home/batch9/ros2_ws/install/pid_control_node/lib/pid_control_node
[4.552s] writing list of installed files to '/home/batch9/ros2_ws/build/pid_control_node/install.log'
[4.714s] Invoked command in '/home/batch9/ros2_ws/src/pid_control_node' returned '0': DEBUGINFOD_URLS=https://debuginfod.ubuntu.com PYTHONPATH=/home/batch9/ros2_ws/build/pid_control_node/prefix_override:/usr/lib/python3/dist-packages/colcon_core/task/python/colcon_distutils_commands:/home/batch9/ros2_ws/install/pid_control_node/lib/python3.12/site-packages:${PYTHONPATH} /usr/bin/python3 -W ignore:setup.py install is deprecated -W ignore:easy_install command is deprecated setup.py egg_info --egg-base ../../build/pid_control_node build --build-base /home/batch9/ros2_ws/build/pid_control_node/build install --record /home/batch9/ros2_ws/build/pid_control_node/install.log --single-version-externally-managed install_data
