[0.563s] Invoking command in '/home/batch9/ros2_ws/build/rplidar_ros': CMAKE_PREFIX_PATH=${CMAKE_PREFIX_PATH}:/home/batch9/ros2_ws/install/rplidar_distance_angle_publisher:/home/batch9/ros2_ws/install/q_learning_node:/home/batch9/ros2_ws/install/pid_control_node:/home/batch9/ros2_ws/install/motor_node:/home/batch9/ros2_ws/install/lidar_obstacle:/home/batch9/ros2_ws/install/encoder_node:/home/batch9/ros2_ws/install/Q-Learning_node:/opt/ros/jazzy DEBUGINFOD_URLS=https://debuginfod.ubuntu.com /usr/bin/cmake --build /home/batch9/ros2_ws/build/rplidar_ros -- -j4 -l4
[0.794s] [  5%] Built target rplidar_client
[0.816s] [ 52%] Built target rplidar_node
[0.820s] [100%] Built target rplidar_composition
[0.855s] Invoked command in '/home/batch9/ros2_ws/build/rplidar_ros' returned '0': CMAKE_PREFIX_PATH=${CMAKE_PREFIX_PATH}:/home/batch9/ros2_ws/install/rplidar_distance_angle_publisher:/home/batch9/ros2_ws/install/q_learning_node:/home/batch9/ros2_ws/install/pid_control_node:/home/batch9/ros2_ws/install/motor_node:/home/batch9/ros2_ws/install/lidar_obstacle:/home/batch9/ros2_ws/install/encoder_node:/home/batch9/ros2_ws/install/Q-Learning_node:/opt/ros/jazzy DEBUGINFOD_URLS=https://debuginfod.ubuntu.com /usr/bin/cmake --build /home/batch9/ros2_ws/build/rplidar_ros -- -j4 -l4
[0.879s] Invoking command in '/home/batch9/ros2_ws/build/rplidar_ros': CMAKE_PREFIX_PATH=${CMAKE_PREFIX_PATH}:/home/batch9/ros2_ws/install/rplidar_distance_angle_publisher:/home/batch9/ros2_ws/install/q_learning_node:/home/batch9/ros2_ws/install/pid_control_node:/home/batch9/ros2_ws/install/motor_node:/home/batch9/ros2_ws/install/lidar_obstacle:/home/batch9/ros2_ws/install/encoder_node:/home/batch9/ros2_ws/install/Q-Learning_node:/opt/ros/jazzy DEBUGINFOD_URLS=https://debuginfod.ubuntu.com /usr/bin/cmake --install /home/batch9/ros2_ws/build/rplidar_ros
[0.897s] -- Install configuration: ""
[0.899s] -- Execute custom install script
[0.899s] -- Up-to-date symlink: /home/batch9/ros2_ws/install/rplidar_ros/share/rplidar_ros/launch/rplidar_a1_launch.py
[0.900s] -- Up-to-date symlink: /home/batch9/ros2_ws/install/rplidar_ros/share/rplidar_ros/launch/rplidar_a2m12_launch.py
[0.900s] -- Up-to-date symlink: /home/batch9/ros2_ws/install/rplidar_ros/share/rplidar_ros/launch/rplidar_a2m7_launch.py
[0.900s] -- Up-to-date symlink: /home/batch9/ros2_ws/install/rplidar_ros/share/rplidar_ros/launch/rplidar_a2m8_launch.py
[0.901s] -- Up-to-date symlink: /home/batch9/ros2_ws/install/rplidar_ros/share/rplidar_ros/launch/rplidar_a3_launch.py
[0.901s] -- Up-to-date symlink: /home/batch9/ros2_ws/install/rplidar_ros/share/rplidar_ros/launch/rplidar_c1_launch.py
[0.903s] -- Up-to-date symlink: /home/batch9/ros2_ws/install/rplidar_ros/share/rplidar_ros/launch/rplidar_s1_launch.py
[0.904s] -- Up-to-date symlink: /home/batch9/ros2_ws/install/rplidar_ros/share/rplidar_ros/launch/rplidar_s1_tcp_launch.py
[0.904s] -- Up-to-date symlink: /home/batch9/ros2_ws/install/rplidar_ros/share/rplidar_ros/launch/rplidar_s2_launch.py
[0.904s] -- Up-to-date symlink: /home/batch9/ros2_ws/install/rplidar_ros/share/rplidar_ros/launch/rplidar_s2e_launch.py
[0.904s] -- Up-to-date symlink: /home/batch9/ros2_ws/install/rplidar_ros/share/rplidar_ros/launch/rplidar_s3_launch.py
[0.904s] -- Up-to-date symlink: /home/batch9/ros2_ws/install/rplidar_ros/share/rplidar_ros/launch/rplidar_t1_launch.py
[0.904s] -- Up-to-date symlink: /home/batch9/ros2_ws/install/rplidar_ros/share/rplidar_ros/launch/view_rplidar_a1_launch.py
[0.904s] -- Up-to-date symlink: /home/batch9/ros2_ws/install/rplidar_ros/share/rplidar_ros/launch/view_rplidar_a2m12_launch.py
[0.904s] -- Up-to-date symlink: /home/batch9/ros2_ws/install/rplidar_ros/share/rplidar_ros/launch/view_rplidar_a2m7_launch.py
[0.904s] -- Up-to-date symlink: /home/batch9/ros2_ws/install/rplidar_ros/share/rplidar_ros/launch/view_rplidar_a2m8_launch.py
[0.904s] -- Up-to-date symlink: /home/batch9/ros2_ws/install/rplidar_ros/share/rplidar_ros/launch/view_rplidar_a3_launch.py
[0.905s] -- Up-to-date symlink: /home/batch9/ros2_ws/install/rplidar_ros/share/rplidar_ros/launch/view_rplidar_c1_launch.py
[0.905s] -- Up-to-date symlink: /home/batch9/ros2_ws/install/rplidar_ros/share/rplidar_ros/launch/view_rplidar_s1_launch.py
[0.905s] -- Up-to-date symlink: /home/batch9/ros2_ws/install/rplidar_ros/share/rplidar_ros/launch/view_rplidar_s1_tcp_launch.py
[0.905s] -- Up-to-date symlink: /home/batch9/ros2_ws/install/rplidar_ros/share/rplidar_ros/launch/view_rplidar_s2_launch.py
[0.908s] -- Up-to-date symlink: /home/batch9/ros2_ws/install/rplidar_ros/share/rplidar_ros/launch/view_rplidar_s2e_launch.py
[0.908s] -- Up-to-date symlink: /home/batch9/ros2_ws/install/rplidar_ros/share/rplidar_ros/launch/view_rplidar_s3_launch.py
[0.909s] -- Up-to-date symlink: /home/batch9/ros2_ws/install/rplidar_ros/share/rplidar_ros/launch/view_rplidar_t1_launch.py
[0.909s] -- Up-to-date symlink: /home/batch9/ros2_ws/install/rplidar_ros/share/rplidar_ros/rviz/rplidar_ros.rviz
[0.909s] -- Up-to-date symlink: /home/batch9/ros2_ws/install/rplidar_ros/lib/rplidar_ros/rplidar_node
[0.909s] -- Up-to-date symlink: /home/batch9/ros2_ws/install/rplidar_ros/lib/rplidar_ros/rplidar_composition
[0.909s] -- Up-to-date symlink: /home/batch9/ros2_ws/install/rplidar_ros/lib/rplidar_ros/rplidar_client
[0.909s] -- Up-to-date symlink: /home/batch9/ros2_ws/install/rplidar_ros/share/ament_index/resource_index/package_run_dependencies/rplidar_ros
[0.909s] -- Up-to-date symlink: /home/batch9/ros2_ws/install/rplidar_ros/share/ament_index/resource_index/parent_prefix_path/rplidar_ros
[0.909s] -- Up-to-date symlink: /home/batch9/ros2_ws/install/rplidar_ros/share/rplidar_ros/environment/ament_prefix_path.sh
[0.909s] -- Up-to-date symlink: /home/batch9/ros2_ws/install/rplidar_ros/share/rplidar_ros/environment/ament_prefix_path.dsv
[0.910s] -- Up-to-date symlink: /home/batch9/ros2_ws/install/rplidar_ros/share/rplidar_ros/environment/path.sh
[0.910s] -- Up-to-date symlink: /home/batch9/ros2_ws/install/rplidar_ros/share/rplidar_ros/environment/path.dsv
[0.910s] -- Up-to-date symlink: /home/batch9/ros2_ws/install/rplidar_ros/share/rplidar_ros/local_setup.bash
[0.910s] -- Up-to-date symlink: /home/batch9/ros2_ws/install/rplidar_ros/share/rplidar_ros/local_setup.sh
[0.910s] -- Up-to-date symlink: /home/batch9/ros2_ws/install/rplidar_ros/share/rplidar_ros/local_setup.zsh
[0.910s] -- Up-to-date symlink: /home/batch9/ros2_ws/install/rplidar_ros/share/rplidar_ros/local_setup.dsv
[0.910s] -- Symlinking: /home/batch9/ros2_ws/install/rplidar_ros/share/rplidar_ros/package.dsv
[0.932s] -- Up-to-date symlink: /home/batch9/ros2_ws/install/rplidar_ros/share/ament_index/resource_index/packages/rplidar_ros
[0.933s] -- Up-to-date symlink: /home/batch9/ros2_ws/install/rplidar_ros/share/rplidar_ros/cmake/ament_cmake_export_dependencies-extras.cmake
[0.933s] -- Up-to-date symlink: /home/batch9/ros2_ws/install/rplidar_ros/share/rplidar_ros/cmake/ament_cmake_export_include_directories-extras.cmake
[0.934s] -- Up-to-date symlink: /home/batch9/ros2_ws/install/rplidar_ros/share/rplidar_ros/cmake/rplidar_rosConfig.cmake
[0.934s] -- Up-to-date symlink: /home/batch9/ros2_ws/install/rplidar_ros/share/rplidar_ros/cmake/rplidar_rosConfig-version.cmake
[0.934s] -- Up-to-date symlink: /home/batch9/ros2_ws/install/rplidar_ros/share/rplidar_ros/package.xml
[0.937s] Invoked command in '/home/batch9/ros2_ws/build/rplidar_ros' returned '0': CMAKE_PREFIX_PATH=${CMAKE_PREFIX_PATH}:/home/batch9/ros2_ws/install/rplidar_distance_angle_publisher:/home/batch9/ros2_ws/install/q_learning_node:/home/batch9/ros2_ws/install/pid_control_node:/home/batch9/ros2_ws/install/motor_node:/home/batch9/ros2_ws/install/lidar_obstacle:/home/batch9/ros2_ws/install/encoder_node:/home/batch9/ros2_ws/install/Q-Learning_node:/opt/ros/jazzy DEBUGINFOD_URLS=https://debuginfod.ubuntu.com /usr/bin/cmake --install /home/batch9/ros2_ws/build/rplidar_ros
