[1.587s] Invoking command in '/home/batch9/ros2_ws/src/q_learning_node': DEBUGINFOD_URLS=https://debuginfod.ubuntu.com PYTHONPATH=/home/batch9/ros2_ws/build/q_learning_node/prefix_override:/usr/lib/python3/dist-packages/colcon_core/task/python/colcon_distutils_commands:/home/batch9/ros2_ws/install/q_learning_node/lib/python3.12/site-packages:${PYTHONPATH} /usr/bin/python3 -W ignore:setup.py install is deprecated -W ignore:easy_install command is deprecated setup.py egg_info --egg-base ../../build/q_learning_node build --build-base /home/batch9/ros2_ws/build/q_learning_node/build install --record /home/batch9/ros2_ws/build/q_learning_node/install.log --single-version-externally-managed install_data
[1.994s] running egg_info
[2.032s] writing ../../build/q_learning_node/q_learning_node.egg-info/PKG-INFO
[2.032s] writing dependency_links to ../../build/q_learning_node/q_learning_node.egg-info/dependency_links.txt
[2.033s] writing entry points to ../../build/q_learning_node/q_learning_node.egg-info/entry_points.txt
[2.033s] writing requirements to ../../build/q_learning_node/q_learning_node.egg-info/requires.txt
[2.034s] writing top-level names to ../../build/q_learning_node/q_learning_node.egg-info/top_level.txt
[2.097s] reading manifest file '../../build/q_learning_node/q_learning_node.egg-info/SOURCES.txt'
[2.098s] writing manifest file '../../build/q_learning_node/q_learning_node.egg-info/SOURCES.txt'
[2.098s] running build
[2.098s] running build_py
[2.099s] copying q_learning_node/q_learning.py -> /home/batch9/ros2_ws/build/q_learning_node/build/lib/q_learning_node
[2.099s] running install
[2.110s] running install_lib
[2.140s] copying /home/batch9/ros2_ws/build/q_learning_node/build/lib/q_learning_node/q_learning.py -> /home/batch9/ros2_ws/install/q_learning_node/lib/python3.12/site-packages/q_learning_node
[2.141s] byte-compiling /home/batch9/ros2_ws/install/q_learning_node/lib/python3.12/site-packages/q_learning_node/q_learning.py to q_learning.cpython-312.pyc
[2.143s] running install_data
[2.143s] running install_egg_info
[2.172s] removing '/home/batch9/ros2_ws/install/q_learning_node/lib/python3.12/site-packages/q_learning_node-0.0.0-py3.12.egg-info' (and everything under it)
[2.172s] Copying ../../build/q_learning_node/q_learning_node.egg-info to /home/batch9/ros2_ws/install/q_learning_node/lib/python3.12/site-packages/q_learning_node-0.0.0-py3.12.egg-info
[2.174s] running install_scripts
[2.368s] Installing q_learning script to /home/batch9/ros2_ws/install/q_learning_node/lib/q_learning_node
[2.369s] writing list of installed files to '/home/batch9/ros2_ws/build/q_learning_node/install.log'
[2.460s] Invoked command in '/home/batch9/ros2_ws/src/q_learning_node' returned '0': DEBUGINFOD_URLS=https://debuginfod.ubuntu.com PYTHONPATH=/home/batch9/ros2_ws/build/q_learning_node/prefix_override:/usr/lib/python3/dist-packages/colcon_core/task/python/colcon_distutils_commands:/home/batch9/ros2_ws/install/q_learning_node/lib/python3.12/site-packages:${PYTHONPATH} /usr/bin/python3 -W ignore:setup.py install is deprecated -W ignore:easy_install command is deprecated setup.py egg_info --egg-base ../../build/q_learning_node build --build-base /home/batch9/ros2_ws/build/q_learning_node/build install --record /home/batch9/ros2_ws/build/q_learning_node/install.log --single-version-externally-managed install_data
