[2.862s] Invoking command in '/home/batch9/ros2_ws/src/build/pid_control_node': DEBUGINFOD_URLS=https://debuginfod.ubuntu.com PYTHONPATH=/home/batch9/ros2_ws/src/build/pid_control_node/prefix_override:/usr/lib/python3/dist-packages/colcon_core/task/python/colcon_distutils_commands:/home/batch9/ros2_ws/src/install/pid_control_node/lib/python3.12/site-packages:${PYTHONPATH} /usr/bin/python3 -W ignore:setup.py install is deprecated -W ignore:easy_install command is deprecated setup.py develop --editable --build-directory /home/batch9/ros2_ws/src/build/pid_control_node/build --no-deps symlink_data
[3.439s] running develop
[3.761s] running egg_info
[3.762s] creating pid_control_node.egg-info
[3.792s] writing pid_control_node.egg-info/PKG-INFO
[3.793s] writing dependency_links to pid_control_node.egg-info/dependency_links.txt
[3.794s] writing entry points to pid_control_node.egg-info/entry_points.txt
[3.794s] writing requirements to pid_control_node.egg-info/requires.txt
[3.795s] writing top-level names to pid_control_node.egg-info/top_level.txt
[3.798s] writing manifest file 'pid_control_node.egg-info/SOURCES.txt'
[3.857s] reading manifest file 'pid_control_node.egg-info/SOURCES.txt'
[3.858s] writing manifest file 'pid_control_node.egg-info/SOURCES.txt'
[3.924s] running build_ext
[3.924s] Creating /home/batch9/ros2_ws/src/install/pid_control_node/lib/python3.12/site-packages/pid-control-node.egg-link (link to .)
[3.929s] Installing pid_control script to /home/batch9/ros2_ws/src/install/pid_control_node/lib/pid_control_node
[3.929s] 
[3.929s] Installed /home/batch9/ros2_ws/src/build/pid_control_node
[3.930s] running symlink_data
[3.932s] creating /home/batch9/ros2_ws/src/install/pid_control_node/share/ament_index
[3.932s] creating /home/batch9/ros2_ws/src/install/pid_control_node/share/ament_index/resource_index
[3.932s] creating /home/batch9/ros2_ws/src/install/pid_control_node/share/ament_index/resource_index/packages
[3.935s] symbolically linking /home/batch9/ros2_ws/src/build/pid_control_node/resource/pid_control_node -> /home/batch9/ros2_ws/src/install/pid_control_node/share/ament_index/resource_index/packages
[3.935s] symbolically linking /home/batch9/ros2_ws/src/build/pid_control_node/package.xml -> /home/batch9/ros2_ws/src/install/pid_control_node/share/pid_control_node
[4.491s] Invoked command in '/home/batch9/ros2_ws/src/build/pid_control_node' returned '0': DEBUGINFOD_URLS=https://debuginfod.ubuntu.com PYTHONPATH=/home/batch9/ros2_ws/src/build/pid_control_node/prefix_override:/usr/lib/python3/dist-packages/colcon_core/task/python/colcon_distutils_commands:/home/batch9/ros2_ws/src/install/pid_control_node/lib/python3.12/site-packages:${PYTHONPATH} /usr/bin/python3 -W ignore:setup.py install is deprecated -W ignore:easy_install command is deprecated setup.py develop --editable --build-directory /home/batch9/ros2_ws/src/build/pid_control_node/build --no-deps symlink_data
