[2.312s] Invoking command in '/home/batch9/ros2_ws/src/encoder_node': DEBUGINFOD_URLS=https://debuginfod.ubuntu.com PYTHONPATH=/home/batch9/ros2_ws/build/encoder_node/prefix_override:/usr/lib/python3/dist-packages/colcon_core/task/python/colcon_distutils_commands:/home/batch9/ros2_ws/install/encoder_node/lib/python3.12/site-packages:${PYTHONPATH} /usr/bin/python3 -W ignore:setup.py install is deprecated -W ignore:easy_install command is deprecated setup.py egg_info --egg-base ../../build/encoder_node build --build-base /home/batch9/ros2_ws/build/encoder_node/build install --record /home/batch9/ros2_ws/build/encoder_node/install.log --single-version-externally-managed install_data
[2.767s] running egg_info
[2.794s] writing ../../build/encoder_node/encoder_node.egg-info/PKG-INFO
[2.794s] writing dependency_links to ../../build/encoder_node/encoder_node.egg-info/dependency_links.txt
[2.795s] writing entry points to ../../build/encoder_node/encoder_node.egg-info/entry_points.txt
[2.795s] writing requirements to ../../build/encoder_node/encoder_node.egg-info/requires.txt
[2.795s] writing top-level names to ../../build/encoder_node/encoder_node.egg-info/top_level.txt
[2.856s] reading manifest file '../../build/encoder_node/encoder_node.egg-info/SOURCES.txt'
[2.857s] writing manifest file '../../build/encoder_node/encoder_node.egg-info/SOURCES.txt'
[2.857s] running build
[2.857s] running build_py
[2.857s] copying encoder_node/encoder_pub.py -> /home/batch9/ros2_ws/build/encoder_node/build/lib/encoder_node
[2.858s] running install
[2.868s] running install_lib
[2.895s] copying /home/batch9/ros2_ws/build/encoder_node/build/lib/encoder_node/encoder_pub.py -> /home/batch9/ros2_ws/install/encoder_node/lib/python3.12/site-packages/encoder_node
[2.896s] byte-compiling /home/batch9/ros2_ws/install/encoder_node/lib/python3.12/site-packages/encoder_node/encoder_pub.py to encoder_pub.cpython-312.pyc
[2.897s] running install_data
[2.897s] running install_egg_info
[2.932s] removing '/home/batch9/ros2_ws/install/encoder_node/lib/python3.12/site-packages/encoder_node-0.0.0-py3.12.egg-info' (and everything under it)
[2.932s] Copying ../../build/encoder_node/encoder_node.egg-info to /home/batch9/ros2_ws/install/encoder_node/lib/python3.12/site-packages/encoder_node-0.0.0-py3.12.egg-info
[2.934s] running install_scripts
[3.140s] Installing encoder_pub script to /home/batch9/ros2_ws/install/encoder_node/lib/encoder_node
[3.145s] writing list of installed files to '/home/batch9/ros2_ws/build/encoder_node/install.log'
[3.316s] Invoked command in '/home/batch9/ros2_ws/src/encoder_node' returned '0': DEBUGINFOD_URLS=https://debuginfod.ubuntu.com PYTHONPATH=/home/batch9/ros2_ws/build/encoder_node/prefix_override:/usr/lib/python3/dist-packages/colcon_core/task/python/colcon_distutils_commands:/home/batch9/ros2_ws/install/encoder_node/lib/python3.12/site-packages:${PYTHONPATH} /usr/bin/python3 -W ignore:setup.py install is deprecated -W ignore:easy_install command is deprecated setup.py egg_info --egg-base ../../build/encoder_node build --build-base /home/batch9/ros2_ws/build/encoder_node/build install --record /home/batch9/ros2_ws/build/encoder_node/install.log --single-version-externally-managed install_data
