[3.382s] Invoking command in '/home/batch9/ros2_ws/src/motor_node': DEBUGINFOD_URLS=https://debuginfod.ubuntu.com PYTHONPATH=/home/batch9/ros2_ws/build/motor_node/prefix_override:/usr/lib/python3/dist-packages/colcon_core/task/python/colcon_distutils_commands:/home/batch9/ros2_ws/install/motor_node/lib/python3.12/site-packages:${PYTHONPATH} /usr/bin/python3 -W ignore:setup.py install is deprecated -W ignore:easy_install command is deprecated setup.py egg_info --egg-base ../../build/motor_node build --build-base /home/batch9/ros2_ws/build/motor_node/build install --record /home/batch9/ros2_ws/build/motor_node/install.log --single-version-externally-managed install_data
[4.038s] running egg_info
[4.071s] writing ../../build/motor_node/motor_node.egg-info/PKG-INFO
[4.072s] writing dependency_links to ../../build/motor_node/motor_node.egg-info/dependency_links.txt
[4.079s] writing entry points to ../../build/motor_node/motor_node.egg-info/entry_points.txt
[4.079s] writing requirements to ../../build/motor_node/motor_node.egg-info/requires.txt
[4.080s] writing top-level names to ../../build/motor_node/motor_node.egg-info/top_level.txt
[4.151s] reading manifest file '../../build/motor_node/motor_node.egg-info/SOURCES.txt'
[4.152s] writing manifest file '../../build/motor_node/motor_node.egg-info/SOURCES.txt'
[4.152s] running build
[4.153s] running build_py
[4.153s] running install
[4.185s] running install_lib
[4.222s] running install_data
[4.223s] running install_egg_info
[4.260s] removing '/home/batch9/ros2_ws/install/motor_node/lib/python3.12/site-packages/motor_node-0.0.0-py3.12.egg-info' (and everything under it)
[4.261s] Copying ../../build/motor_node/motor_node.egg-info to /home/batch9/ros2_ws/install/motor_node/lib/python3.12/site-packages/motor_node-0.0.0-py3.12.egg-info
[4.265s] running install_scripts
[4.579s] Installing motor_sub script to /home/batch9/ros2_ws/install/motor_node/lib/motor_node
[4.579s] writing list of installed files to '/home/batch9/ros2_ws/build/motor_node/install.log'
[4.761s] Invoked command in '/home/batch9/ros2_ws/src/motor_node' returned '0': DEBUGINFOD_URLS=https://debuginfod.ubuntu.com PYTHONPATH=/home/batch9/ros2_ws/build/motor_node/prefix_override:/usr/lib/python3/dist-packages/colcon_core/task/python/colcon_distutils_commands:/home/batch9/ros2_ws/install/motor_node/lib/python3.12/site-packages:${PYTHONPATH} /usr/bin/python3 -W ignore:setup.py install is deprecated -W ignore:easy_install command is deprecated setup.py egg_info --egg-base ../../build/motor_node build --build-base /home/batch9/ros2_ws/build/motor_node/build install --record /home/batch9/ros2_ws/build/motor_node/install.log --single-version-externally-managed install_data
