running develop
running egg_info
creating motor_node.egg-info
writing motor_node.egg-info/PKG-INFO
writing dependency_links to motor_node.egg-info/dependency_links.txt
writing entry points to motor_node.egg-info/entry_points.txt
writing requirements to motor_node.egg-info/requires.txt
writing top-level names to motor_node.egg-info/top_level.txt
writing manifest file 'motor_node.egg-info/SOURCES.txt'
reading manifest file 'motor_node.egg-info/SOURCES.txt'
writing manifest file 'motor_node.egg-info/SOURCES.txt'
running build_ext
Creating /home/batch9/ros2_ws/src/install/motor_node/lib/python3.12/site-packages/motor-node.egg-link (link to .)
Installing motor_sub script to /home/batch9/ros2_ws/src/install/motor_node/lib/motor_node

Installed /home/batch9/ros2_ws/src/build/motor_node
running symlink_data
creating /home/batch9/ros2_ws/src/install/motor_node/share/ament_index
creating /home/batch9/ros2_ws/src/install/motor_node/share/ament_index/resource_index
creating /home/batch9/ros2_ws/src/install/motor_node/share/ament_index/resource_index/packages
symbolically linking /home/batch9/ros2_ws/src/build/motor_node/resource/motor_node -> /home/batch9/ros2_ws/src/install/motor_node/share/ament_index/resource_index/packages
symbolically linking /home/batch9/ros2_ws/src/build/motor_node/package.xml -> /home/batch9/ros2_ws/src/install/motor_node/share/motor_node
