[0.254s] DEBUG:colcon:Command line arguments: ['/usr/bin/colcon', 'build']
[0.254s] DEBUG:colcon:Parsed command line arguments: Namespace(log_base=None, log_level=None, verb_name='build', build_base='build', install_base='install', merge_install=False, symlink_install=False, test_result_base=None, continue_on_error=False, executor='parallel', parallel_workers=4, event_handlers=None, ignore_user_meta=False, metas=['./colcon.meta'], base_paths=['.'], packages_ignore=None, packages_ignore_regex=None, paths=None, packages_up_to=None, packages_up_to_regex=None, packages_above=None, packages_above_and_dependencies=None, packages_above_depth=None, packages_select_by_dep=None, packages_skip_by_dep=None, packages_skip_up_to=None, packages_select_build_failed=False, packages_skip_build_finished=False, packages_select_test_failures=False, packages_skip_test_passed=False, packages_select=None, packages_skip=None, packages_select_regex=None, packages_skip_regex=None, packages_start=None, packages_end=None, allow_overriding=[], cmake_args=None, cmake_target=None, cmake_target_skip_unavailable=False, cmake_clean_cache=False, cmake_clean_first=False, cmake_force_configure=False, ament_cmake_args=None, catkin_cmake_args=None, catkin_skip_building_tests=False, mixin_files=None, mixin=None, verb_parser=<colcon_mixin.mixin.mixin_argument.MixinArgumentDecorator object at 0xffffbd1e78c0>, verb_extension=<colcon_core.verb.build.BuildVerb object at 0xffffbd3cce30>, main=<bound method BuildVerb.main of <colcon_core.verb.build.BuildVerb object at 0xffffbd3cce30>>, mixin_verb=('build',))
[0.363s] Level 1:colcon.colcon_core.package_discovery:discover_packages(colcon_meta) check parameters
[0.363s] Level 1:colcon.colcon_core.package_discovery:discover_packages(recursive) check parameters
[0.363s] Level 1:colcon.colcon_core.package_discovery:discover_packages(ignore) check parameters
[0.363s] Level 1:colcon.colcon_core.package_discovery:discover_packages(path) check parameters
[0.363s] Level 1:colcon.colcon_core.package_discovery:discover_packages(colcon_meta) discover
[0.363s] Level 1:colcon.colcon_core.package_discovery:discover_packages(recursive) discover
[0.363s] INFO:colcon.colcon_core.package_discovery:Crawling recursively for packages in '/home/batch9/ros2_ws'
[0.364s] Level 1:colcon.colcon_core.package_identification:_identify(.) by extensions ['ignore', 'ignore_ament_install']
[0.364s] Level 1:colcon.colcon_core.package_identification:_identify(.) by extension 'ignore'
[0.364s] Level 1:colcon.colcon_core.package_identification:_identify(.) by extension 'ignore_ament_install'
[0.364s] Level 1:colcon.colcon_core.package_identification:_identify(.) by extensions ['colcon_pkg']
[0.364s] Level 1:colcon.colcon_core.package_identification:_identify(.) by extension 'colcon_pkg'
[0.364s] Level 1:colcon.colcon_core.package_identification:_identify(.) by extensions ['colcon_meta']
[0.364s] Level 1:colcon.colcon_core.package_identification:_identify(.) by extension 'colcon_meta'
[0.364s] Level 1:colcon.colcon_core.package_identification:_identify(.) by extensions ['ros']
[0.364s] Level 1:colcon.colcon_core.package_identification:_identify(.) by extension 'ros'
[0.404s] Level 1:colcon.colcon_core.package_identification:_identify(.) by extensions ['cmake', 'python']
[0.404s] Level 1:colcon.colcon_core.package_identification:_identify(.) by extension 'cmake'
[0.404s] Level 1:colcon.colcon_core.package_identification:_identify(.) by extension 'python'
[0.404s] Level 1:colcon.colcon_core.package_identification:_identify(.) by extensions ['python_setup_py']
[0.404s] Level 1:colcon.colcon_core.package_identification:_identify(.) by extension 'python_setup_py'
[0.404s] Level 1:colcon.colcon_core.package_identification:_identify(build) by extensions ['ignore', 'ignore_ament_install']
[0.404s] Level 1:colcon.colcon_core.package_identification:_identify(build) by extension 'ignore'
[0.404s] Level 1:colcon.colcon_core.package_identification:_identify(build) ignored
[0.405s] Level 1:colcon.colcon_core.package_identification:_identify(install) by extensions ['ignore', 'ignore_ament_install']
[0.405s] Level 1:colcon.colcon_core.package_identification:_identify(install) by extension 'ignore'
[0.405s] Level 1:colcon.colcon_core.package_identification:_identify(install) ignored
[0.405s] Level 1:colcon.colcon_core.package_identification:_identify(log) by extensions ['ignore', 'ignore_ament_install']
[0.405s] Level 1:colcon.colcon_core.package_identification:_identify(log) by extension 'ignore'
[0.405s] Level 1:colcon.colcon_core.package_identification:_identify(log) ignored
[0.405s] Level 1:colcon.colcon_core.package_identification:_identify(src) by extensions ['ignore', 'ignore_ament_install']
[0.405s] Level 1:colcon.colcon_core.package_identification:_identify(src) by extension 'ignore'
[0.405s] Level 1:colcon.colcon_core.package_identification:_identify(src) by extension 'ignore_ament_install'
[0.405s] Level 1:colcon.colcon_core.package_identification:_identify(src) by extensions ['colcon_pkg']
[0.405s] Level 1:colcon.colcon_core.package_identification:_identify(src) by extension 'colcon_pkg'
[0.405s] Level 1:colcon.colcon_core.package_identification:_identify(src) by extensions ['colcon_meta']
[0.405s] Level 1:colcon.colcon_core.package_identification:_identify(src) by extension 'colcon_meta'
[0.405s] Level 1:colcon.colcon_core.package_identification:_identify(src) by extensions ['ros']
[0.405s] Level 1:colcon.colcon_core.package_identification:_identify(src) by extension 'ros'
[0.406s] Level 1:colcon.colcon_core.package_identification:_identify(src) by extensions ['cmake', 'python']
[0.406s] Level 1:colcon.colcon_core.package_identification:_identify(src) by extension 'cmake'
[0.406s] Level 1:colcon.colcon_core.package_identification:_identify(src) by extension 'python'
[0.406s] Level 1:colcon.colcon_core.package_identification:_identify(src) by extensions ['python_setup_py']
[0.406s] Level 1:colcon.colcon_core.package_identification:_identify(src) by extension 'python_setup_py'
[0.406s] Level 1:colcon.colcon_core.package_identification:_identify(src/rplidar_distance_angle_publisher) by extensions ['ignore', 'ignore_ament_install']
[0.406s] Level 1:colcon.colcon_core.package_identification:_identify(src/rplidar_distance_angle_publisher) by extension 'ignore'
[0.406s] Level 1:colcon.colcon_core.package_identification:_identify(src/rplidar_distance_angle_publisher) by extension 'ignore_ament_install'
[0.406s] Level 1:colcon.colcon_core.package_identification:_identify(src/rplidar_distance_angle_publisher) by extensions ['colcon_pkg']
[0.406s] Level 1:colcon.colcon_core.package_identification:_identify(src/rplidar_distance_angle_publisher) by extension 'colcon_pkg'
[0.406s] Level 1:colcon.colcon_core.package_identification:_identify(src/rplidar_distance_angle_publisher) by extensions ['colcon_meta']
[0.406s] Level 1:colcon.colcon_core.package_identification:_identify(src/rplidar_distance_angle_publisher) by extension 'colcon_meta'
[0.406s] Level 1:colcon.colcon_core.package_identification:_identify(src/rplidar_distance_angle_publisher) by extensions ['ros']
[0.406s] Level 1:colcon.colcon_core.package_identification:_identify(src/rplidar_distance_angle_publisher) by extension 'ros'
[0.411s] DEBUG:colcon.colcon_core.package_identification:Package 'src/rplidar_distance_angle_publisher' with type 'ros.ament_python' and name 'rplidar_distance_angle_publisher'
[0.411s] Level 1:colcon.colcon_core.package_identification:_identify(src/rplidar_ros) by extensions ['ignore', 'ignore_ament_install']
[0.412s] Level 1:colcon.colcon_core.package_identification:_identify(src/rplidar_ros) by extension 'ignore'
[0.412s] Level 1:colcon.colcon_core.package_identification:_identify(src/rplidar_ros) by extension 'ignore_ament_install'
[0.412s] Level 1:colcon.colcon_core.package_identification:_identify(src/rplidar_ros) by extensions ['colcon_pkg']
[0.412s] Level 1:colcon.colcon_core.package_identification:_identify(src/rplidar_ros) by extension 'colcon_pkg'
[0.412s] Level 1:colcon.colcon_core.package_identification:_identify(src/rplidar_ros) by extensions ['colcon_meta']
[0.412s] Level 1:colcon.colcon_core.package_identification:_identify(src/rplidar_ros) by extension 'colcon_meta'
[0.412s] Level 1:colcon.colcon_core.package_identification:_identify(src/rplidar_ros) by extensions ['ros']
[0.412s] Level 1:colcon.colcon_core.package_identification:_identify(src/rplidar_ros) by extension 'ros'
[0.413s] DEBUG:colcon.colcon_core.package_identification:Package 'src/rplidar_ros' with type 'ros.ament_cmake' and name 'rplidar_ros'
[0.413s] Level 1:colcon.colcon_core.package_identification:_identify(src/sllidar_ros2) by extensions ['ignore', 'ignore_ament_install']
[0.413s] Level 1:colcon.colcon_core.package_identification:_identify(src/sllidar_ros2) by extension 'ignore'
[0.413s] Level 1:colcon.colcon_core.package_identification:_identify(src/sllidar_ros2) by extension 'ignore_ament_install'
[0.413s] Level 1:colcon.colcon_core.package_identification:_identify(src/sllidar_ros2) by extensions ['colcon_pkg']
[0.413s] Level 1:colcon.colcon_core.package_identification:_identify(src/sllidar_ros2) by extension 'colcon_pkg'
[0.413s] Level 1:colcon.colcon_core.package_identification:_identify(src/sllidar_ros2) by extensions ['colcon_meta']
[0.414s] Level 1:colcon.colcon_core.package_identification:_identify(src/sllidar_ros2) by extension 'colcon_meta'
[0.414s] Level 1:colcon.colcon_core.package_identification:_identify(src/sllidar_ros2) by extensions ['ros']
[0.414s] Level 1:colcon.colcon_core.package_identification:_identify(src/sllidar_ros2) by extension 'ros'
[0.415s] DEBUG:colcon.colcon_core.package_identification:Package 'src/sllidar_ros2' with type 'ros.ament_cmake' and name 'sllidar_ros2'
[0.415s] Level 1:colcon.colcon_core.package_discovery:discover_packages(recursive) using defaults
[0.415s] Level 1:colcon.colcon_core.package_discovery:discover_packages(ignore) discover
[0.415s] Level 1:colcon.colcon_core.package_discovery:discover_packages(ignore) using defaults
[0.415s] Level 1:colcon.colcon_core.package_discovery:discover_packages(path) discover
[0.415s] Level 1:colcon.colcon_core.package_discovery:discover_packages(path) using defaults
[0.449s] Level 1:colcon.colcon_core.package_discovery:discover_packages(prefix_path) check parameters
[0.449s] Level 1:colcon.colcon_core.package_discovery:discover_packages(prefix_path) discover
[0.453s] DEBUG:colcon.colcon_installed_package_information.package_discovery:Found 2 installed packages in /home/batch9/ros2_ws/install
[0.456s] DEBUG:colcon.colcon_installed_package_information.package_discovery:Found 284 installed packages in /opt/ros/jazzy
[0.457s] Level 1:colcon.colcon_core.package_discovery:discover_packages(prefix_path) using defaults
[0.523s] Level 5:colcon.colcon_core.verb:set package 'rplidar_distance_angle_publisher' build argument 'cmake_args' from command line to 'None'
[0.523s] Level 5:colcon.colcon_core.verb:set package 'rplidar_distance_angle_publisher' build argument 'cmake_target' from command line to 'None'
[0.523s] Level 5:colcon.colcon_core.verb:set package 'rplidar_distance_angle_publisher' build argument 'cmake_target_skip_unavailable' from command line to 'False'
[0.523s] Level 5:colcon.colcon_core.verb:set package 'rplidar_distance_angle_publisher' build argument 'cmake_clean_cache' from command line to 'False'
[0.523s] Level 5:colcon.colcon_core.verb:set package 'rplidar_distance_angle_publisher' build argument 'cmake_clean_first' from command line to 'False'
[0.523s] Level 5:colcon.colcon_core.verb:set package 'rplidar_distance_angle_publisher' build argument 'cmake_force_configure' from command line to 'False'
[0.523s] Level 5:colcon.colcon_core.verb:set package 'rplidar_distance_angle_publisher' build argument 'ament_cmake_args' from command line to 'None'
[0.523s] Level 5:colcon.colcon_core.verb:set package 'rplidar_distance_angle_publisher' build argument 'catkin_cmake_args' from command line to 'None'
[0.523s] Level 5:colcon.colcon_core.verb:set package 'rplidar_distance_angle_publisher' build argument 'catkin_skip_building_tests' from command line to 'False'
[0.523s] DEBUG:colcon.colcon_core.verb:Building package 'rplidar_distance_angle_publisher' with the following arguments: {'ament_cmake_args': None, 'build_base': '/home/batch9/ros2_ws/build/rplidar_distance_angle_publisher', 'catkin_cmake_args': None, 'catkin_skip_building_tests': False, 'cmake_args': None, 'cmake_clean_cache': False, 'cmake_clean_first': False, 'cmake_force_configure': False, 'cmake_target': None, 'cmake_target_skip_unavailable': False, 'install_base': '/home/batch9/ros2_ws/install/rplidar_distance_angle_publisher', 'merge_install': False, 'path': '/home/batch9/ros2_ws/src/rplidar_distance_angle_publisher', 'symlink_install': False, 'test_result_base': None}
[0.524s] Level 5:colcon.colcon_core.verb:set package 'rplidar_ros' build argument 'cmake_args' from command line to 'None'
[0.524s] Level 5:colcon.colcon_core.verb:set package 'rplidar_ros' build argument 'cmake_target' from command line to 'None'
[0.524s] Level 5:colcon.colcon_core.verb:set package 'rplidar_ros' build argument 'cmake_target_skip_unavailable' from command line to 'False'
[0.524s] Level 5:colcon.colcon_core.verb:set package 'rplidar_ros' build argument 'cmake_clean_cache' from command line to 'False'
[0.524s] Level 5:colcon.colcon_core.verb:set package 'rplidar_ros' build argument 'cmake_clean_first' from command line to 'False'
[0.524s] Level 5:colcon.colcon_core.verb:set package 'rplidar_ros' build argument 'cmake_force_configure' from command line to 'False'
[0.524s] Level 5:colcon.colcon_core.verb:set package 'rplidar_ros' build argument 'ament_cmake_args' from command line to 'None'
[0.524s] Level 5:colcon.colcon_core.verb:set package 'rplidar_ros' build argument 'catkin_cmake_args' from command line to 'None'
[0.524s] Level 5:colcon.colcon_core.verb:set package 'rplidar_ros' build argument 'catkin_skip_building_tests' from command line to 'False'
[0.524s] DEBUG:colcon.colcon_core.verb:Building package 'rplidar_ros' with the following arguments: {'ament_cmake_args': None, 'build_base': '/home/batch9/ros2_ws/build/rplidar_ros', 'catkin_cmake_args': None, 'catkin_skip_building_tests': False, 'cmake_args': None, 'cmake_clean_cache': False, 'cmake_clean_first': False, 'cmake_force_configure': False, 'cmake_target': None, 'cmake_target_skip_unavailable': False, 'install_base': '/home/batch9/ros2_ws/install/rplidar_ros', 'merge_install': False, 'path': '/home/batch9/ros2_ws/src/rplidar_ros', 'symlink_install': False, 'test_result_base': None}
[0.524s] Level 5:colcon.colcon_core.verb:set package 'sllidar_ros2' build argument 'cmake_args' from command line to 'None'
[0.524s] Level 5:colcon.colcon_core.verb:set package 'sllidar_ros2' build argument 'cmake_target' from command line to 'None'
[0.524s] Level 5:colcon.colcon_core.verb:set package 'sllidar_ros2' build argument 'cmake_target_skip_unavailable' from command line to 'False'
[0.524s] Level 5:colcon.colcon_core.verb:set package 'sllidar_ros2' build argument 'cmake_clean_cache' from command line to 'False'
[0.524s] Level 5:colcon.colcon_core.verb:set package 'sllidar_ros2' build argument 'cmake_clean_first' from command line to 'False'
[0.524s] Level 5:colcon.colcon_core.verb:set package 'sllidar_ros2' build argument 'cmake_force_configure' from command line to 'False'
[0.524s] Level 5:colcon.colcon_core.verb:set package 'sllidar_ros2' build argument 'ament_cmake_args' from command line to 'None'
[0.524s] Level 5:colcon.colcon_core.verb:set package 'sllidar_ros2' build argument 'catkin_cmake_args' from command line to 'None'
[0.524s] Level 5:colcon.colcon_core.verb:set package 'sllidar_ros2' build argument 'catkin_skip_building_tests' from command line to 'False'
[0.524s] DEBUG:colcon.colcon_core.verb:Building package 'sllidar_ros2' with the following arguments: {'ament_cmake_args': None, 'build_base': '/home/batch9/ros2_ws/build/sllidar_ros2', 'catkin_cmake_args': None, 'catkin_skip_building_tests': False, 'cmake_args': None, 'cmake_clean_cache': False, 'cmake_clean_first': False, 'cmake_force_configure': False, 'cmake_target': None, 'cmake_target_skip_unavailable': False, 'install_base': '/home/batch9/ros2_ws/install/sllidar_ros2', 'merge_install': False, 'path': '/home/batch9/ros2_ws/src/sllidar_ros2', 'symlink_install': False, 'test_result_base': None}
[0.524s] INFO:colcon.colcon_core.executor:Executing jobs using 'parallel' executor
[0.526s] DEBUG:colcon.colcon_parallel_executor.executor.parallel:run_until_complete
[0.526s] INFO:colcon.colcon_ros.task.ament_python.build:Building ROS package in '/home/batch9/ros2_ws/src/rplidar_distance_angle_publisher' with build type 'ament_python'
[0.527s] Level 1:colcon.colcon_core.shell:create_environment_hook('rplidar_distance_angle_publisher', 'ament_prefix_path')
[0.540s] INFO:colcon.colcon_core.plugin_system:Skipping extension 'colcon_core.shell.bat': Not used on non-Windows systems
[0.541s] INFO:colcon.colcon_core.shell:Creating environment hook '/home/batch9/ros2_ws/install/rplidar_distance_angle_publisher/share/rplidar_distance_angle_publisher/hook/ament_prefix_path.ps1'
[0.542s] INFO:colcon.colcon_core.shell:Creating environment descriptor '/home/batch9/ros2_ws/install/rplidar_distance_angle_publisher/share/rplidar_distance_angle_publisher/hook/ament_prefix_path.dsv'
[0.543s] INFO:colcon.colcon_core.shell:Creating environment hook '/home/batch9/ros2_ws/install/rplidar_distance_angle_publisher/share/rplidar_distance_angle_publisher/hook/ament_prefix_path.sh'
[0.545s] INFO:colcon.colcon_core.shell:Skip shell extension 'powershell' for command environment: Not usable outside of PowerShell
[0.545s] DEBUG:colcon.colcon_core.shell:Skip shell extension 'dsv' for command environment
[0.550s] INFO:colcon.colcon_ros.task.ament_cmake.build:Building ROS package in '/home/batch9/ros2_ws/src/rplidar_ros' with build type 'ament_cmake'
[0.550s] INFO:colcon.colcon_cmake.task.cmake.build:Building CMake package in '/home/batch9/ros2_ws/src/rplidar_ros'
[0.550s] INFO:colcon.colcon_core.shell:Skip shell extension 'powershell' for command environment: Not usable outside of PowerShell
[0.550s] DEBUG:colcon.colcon_core.shell:Skip shell extension 'dsv' for command environment
[0.555s] INFO:colcon.colcon_ros.task.ament_cmake.build:Building ROS package in '/home/batch9/ros2_ws/src/sllidar_ros2' with build type 'ament_cmake'
[0.555s] INFO:colcon.colcon_cmake.task.cmake.build:Building CMake package in '/home/batch9/ros2_ws/src/sllidar_ros2'
[0.556s] INFO:colcon.colcon_core.shell:Skip shell extension 'powershell' for command environment: Not usable outside of PowerShell
[0.556s] DEBUG:colcon.colcon_core.shell:Skip shell extension 'dsv' for command environment
[0.899s] INFO:colcon.colcon_core.task.python.build:Building Python package in '/home/batch9/ros2_ws/src/rplidar_distance_angle_publisher'
[0.899s] INFO:colcon.colcon_core.shell:Skip shell extension 'powershell' for command environment: Not usable outside of PowerShell
[0.899s] DEBUG:colcon.colcon_core.shell:Skip shell extension 'dsv' for command environment
[0.916s] DEBUG:colcon.colcon_core.event_handler.log_command:Invoking command in '/home/batch9/ros2_ws/build/rplidar_ros': CMAKE_PREFIX_PATH=${CMAKE_PREFIX_PATH}:/opt/ros/jazzy DEBUGINFOD_URLS=https://debuginfod.ubuntu.com /usr/bin/cmake /home/batch9/ros2_ws/src/rplidar_ros -DCMAKE_INSTALL_PREFIX=/home/batch9/ros2_ws/install/rplidar_ros
[0.935s] DEBUG:colcon.colcon_core.event_handler.log_command:Invoking command in '/home/batch9/ros2_ws/build/sllidar_ros2': CMAKE_PREFIX_PATH=${CMAKE_PREFIX_PATH}:/opt/ros/jazzy DEBUGINFOD_URLS=https://debuginfod.ubuntu.com /usr/bin/cmake /home/batch9/ros2_ws/src/sllidar_ros2 -DCMAKE_INSTALL_PREFIX=/home/batch9/ros2_ws/install/sllidar_ros2
[2.641s] DEBUG:colcon.colcon_core.event_handler.log_command:Invoking command in '/home/batch9/ros2_ws/src/rplidar_distance_angle_publisher': DEBUGINFOD_URLS=https://debuginfod.ubuntu.com PYTHONPATH=/home/batch9/ros2_ws/build/rplidar_distance_angle_publisher/prefix_override:/usr/lib/python3/dist-packages/colcon_core/task/python/colcon_distutils_commands:/home/batch9/ros2_ws/install/rplidar_distance_angle_publisher/lib/python3.12/site-packages:${PYTHONPATH} /usr/bin/python3 -W ignore:setup.py install is deprecated -W ignore:easy_install command is deprecated setup.py egg_info --egg-base ../../build/rplidar_distance_angle_publisher build --build-base /home/batch9/ros2_ws/build/rplidar_distance_angle_publisher/build install --record /home/batch9/ros2_ws/build/rplidar_distance_angle_publisher/install.log --single-version-externally-managed install_data
[2.842s] DEBUG:colcon.colcon_core.event_handler.log_command:Invoked command in '/home/batch9/ros2_ws/build/sllidar_ros2' returned '0': CMAKE_PREFIX_PATH=${CMAKE_PREFIX_PATH}:/opt/ros/jazzy DEBUGINFOD_URLS=https://debuginfod.ubuntu.com /usr/bin/cmake /home/batch9/ros2_ws/src/sllidar_ros2 -DCMAKE_INSTALL_PREFIX=/home/batch9/ros2_ws/install/sllidar_ros2
[2.847s] DEBUG:colcon.colcon_core.event_handler.log_command:Invoking command in '/home/batch9/ros2_ws/build/sllidar_ros2': CMAKE_PREFIX_PATH=${CMAKE_PREFIX_PATH}:/opt/ros/jazzy DEBUGINFOD_URLS=https://debuginfod.ubuntu.com /usr/bin/cmake --build /home/batch9/ros2_ws/build/sllidar_ros2 -- -j4 -l4
[2.874s] DEBUG:colcon.colcon_core.event_handler.log_command:Invoked command in '/home/batch9/ros2_ws/build/rplidar_ros' returned '0': CMAKE_PREFIX_PATH=${CMAKE_PREFIX_PATH}:/opt/ros/jazzy DEBUGINFOD_URLS=https://debuginfod.ubuntu.com /usr/bin/cmake /home/batch9/ros2_ws/src/rplidar_ros -DCMAKE_INSTALL_PREFIX=/home/batch9/ros2_ws/install/rplidar_ros
[2.876s] DEBUG:colcon.colcon_core.event_handler.log_command:Invoking command in '/home/batch9/ros2_ws/build/rplidar_ros': CMAKE_PREFIX_PATH=${CMAKE_PREFIX_PATH}:/opt/ros/jazzy DEBUGINFOD_URLS=https://debuginfod.ubuntu.com /usr/bin/cmake --build /home/batch9/ros2_ws/build/rplidar_ros -- -j4 -l4
[3.069s] DEBUG:colcon.colcon_core.event_handler.log_command:Invoked command in '/home/batch9/ros2_ws/build/sllidar_ros2' returned '0': CMAKE_PREFIX_PATH=${CMAKE_PREFIX_PATH}:/opt/ros/jazzy DEBUGINFOD_URLS=https://debuginfod.ubuntu.com /usr/bin/cmake --build /home/batch9/ros2_ws/build/sllidar_ros2 -- -j4 -l4
[3.092s] DEBUG:colcon.colcon_core.event_handler.log_command:Invoking command in '/home/batch9/ros2_ws/build/sllidar_ros2': CMAKE_PREFIX_PATH=${CMAKE_PREFIX_PATH}:/opt/ros/jazzy DEBUGINFOD_URLS=https://debuginfod.ubuntu.com /usr/bin/cmake --install /home/batch9/ros2_ws/build/sllidar_ros2
[3.105s] DEBUG:colcon.colcon_core.event_handler.log_command:Invoked command in '/home/batch9/ros2_ws/build/rplidar_ros' returned '0': CMAKE_PREFIX_PATH=${CMAKE_PREFIX_PATH}:/opt/ros/jazzy DEBUGINFOD_URLS=https://debuginfod.ubuntu.com /usr/bin/cmake --build /home/batch9/ros2_ws/build/rplidar_ros -- -j4 -l4
[3.108s] DEBUG:colcon.colcon_core.event_handler.log_command:Invoking command in '/home/batch9/ros2_ws/build/rplidar_ros': CMAKE_PREFIX_PATH=${CMAKE_PREFIX_PATH}:/opt/ros/jazzy DEBUGINFOD_URLS=https://debuginfod.ubuntu.com /usr/bin/cmake --install /home/batch9/ros2_ws/build/rplidar_ros
[3.161s] Level 1:colcon.colcon_core.environment:create_environment_scripts_only(sllidar_ros2)
[3.162s] DEBUG:colcon.colcon_core.event_handler.log_command:Invoked command in '/home/batch9/ros2_ws/build/sllidar_ros2' returned '0': CMAKE_PREFIX_PATH=${CMAKE_PREFIX_PATH}:/opt/ros/jazzy DEBUGINFOD_URLS=https://debuginfod.ubuntu.com /usr/bin/cmake --install /home/batch9/ros2_ws/build/sllidar_ros2
[3.171s] Level 1:colcon.colcon_core.environment:checking '/home/batch9/ros2_ws/install/sllidar_ros2' for CMake module files
[3.172s] Level 1:colcon.colcon_core.environment:checking '/home/batch9/ros2_ws/install/sllidar_ros2' for CMake config files
[3.173s] Level 1:colcon.colcon_core.shell:create_environment_hook('sllidar_ros2', 'cmake_prefix_path')
[3.173s] INFO:colcon.colcon_core.shell:Creating environment hook '/home/batch9/ros2_ws/install/sllidar_ros2/share/sllidar_ros2/hook/cmake_prefix_path.ps1'
[3.174s] INFO:colcon.colcon_core.shell:Creating environment descriptor '/home/batch9/ros2_ws/install/sllidar_ros2/share/sllidar_ros2/hook/cmake_prefix_path.dsv'
[3.177s] INFO:colcon.colcon_core.shell:Creating environment hook '/home/batch9/ros2_ws/install/sllidar_ros2/share/sllidar_ros2/hook/cmake_prefix_path.sh'
[3.182s] Level 1:colcon.colcon_core.environment:checking '/home/batch9/ros2_ws/install/sllidar_ros2/lib'
[3.182s] Level 1:colcon.colcon_core.environment:checking '/home/batch9/ros2_ws/install/sllidar_ros2/bin'
[3.182s] Level 1:colcon.colcon_core.environment:checking '/home/batch9/ros2_ws/install/sllidar_ros2/lib/pkgconfig/sllidar_ros2.pc'
[3.182s] Level 1:colcon.colcon_core.environment:checking '/home/batch9/ros2_ws/install/sllidar_ros2/lib/python3.12/site-packages'
[3.182s] Level 1:colcon.colcon_core.environment:checking '/home/batch9/ros2_ws/install/sllidar_ros2/bin'
[3.183s] INFO:colcon.colcon_core.shell:Creating package script '/home/batch9/ros2_ws/install/sllidar_ros2/share/sllidar_ros2/package.ps1'
[3.186s] INFO:colcon.colcon_core.shell:Creating package descriptor '/home/batch9/ros2_ws/install/sllidar_ros2/share/sllidar_ros2/package.dsv'
[3.191s] INFO:colcon.colcon_core.shell:Creating package script '/home/batch9/ros2_ws/install/sllidar_ros2/share/sllidar_ros2/package.sh'
[3.192s] INFO:colcon.colcon_core.shell:Creating package script '/home/batch9/ros2_ws/install/sllidar_ros2/share/sllidar_ros2/package.bash'
[3.197s] INFO:colcon.colcon_core.shell:Creating package script '/home/batch9/ros2_ws/install/sllidar_ros2/share/sllidar_ros2/package.zsh'
[3.199s] Level 1:colcon.colcon_core.environment:create_file_with_runtime_dependencies(/home/batch9/ros2_ws/install/sllidar_ros2/share/colcon-core/packages/sllidar_ros2)
[3.200s] Level 1:colcon.colcon_core.environment:create_environment_scripts_only(sllidar_ros2)
[3.200s] Level 1:colcon.colcon_core.environment:checking '/home/batch9/ros2_ws/install/sllidar_ros2' for CMake module files
[3.202s] Level 1:colcon.colcon_core.environment:checking '/home/batch9/ros2_ws/install/sllidar_ros2' for CMake config files
[3.202s] Level 1:colcon.colcon_core.shell:create_environment_hook('sllidar_ros2', 'cmake_prefix_path')
[3.202s] INFO:colcon.colcon_core.shell:Creating environment hook '/home/batch9/ros2_ws/install/sllidar_ros2/share/sllidar_ros2/hook/cmake_prefix_path.ps1'
[3.203s] INFO:colcon.colcon_core.shell:Creating environment descriptor '/home/batch9/ros2_ws/install/sllidar_ros2/share/sllidar_ros2/hook/cmake_prefix_path.dsv'
[3.203s] INFO:colcon.colcon_core.shell:Creating environment hook '/home/batch9/ros2_ws/install/sllidar_ros2/share/sllidar_ros2/hook/cmake_prefix_path.sh'
[3.204s] Level 1:colcon.colcon_core.environment:checking '/home/batch9/ros2_ws/install/sllidar_ros2/lib'
[3.204s] Level 1:colcon.colcon_core.environment:checking '/home/batch9/ros2_ws/install/sllidar_ros2/bin'
[3.205s] Level 1:colcon.colcon_core.environment:checking '/home/batch9/ros2_ws/install/sllidar_ros2/lib/pkgconfig/sllidar_ros2.pc'
[3.205s] Level 1:colcon.colcon_core.environment:checking '/home/batch9/ros2_ws/install/sllidar_ros2/lib/python3.12/site-packages'
[3.205s] Level 1:colcon.colcon_core.environment:checking '/home/batch9/ros2_ws/install/sllidar_ros2/bin'
[3.205s] INFO:colcon.colcon_core.shell:Creating package script '/home/batch9/ros2_ws/install/sllidar_ros2/share/sllidar_ros2/package.ps1'
[3.206s] INFO:colcon.colcon_core.shell:Creating package descriptor '/home/batch9/ros2_ws/install/sllidar_ros2/share/sllidar_ros2/package.dsv'
[3.207s] INFO:colcon.colcon_core.shell:Creating package script '/home/batch9/ros2_ws/install/sllidar_ros2/share/sllidar_ros2/package.sh'
[3.210s] INFO:colcon.colcon_core.shell:Creating package script '/home/batch9/ros2_ws/install/sllidar_ros2/share/sllidar_ros2/package.bash'
[3.211s] INFO:colcon.colcon_core.shell:Creating package script '/home/batch9/ros2_ws/install/sllidar_ros2/share/sllidar_ros2/package.zsh'
[3.212s] Level 1:colcon.colcon_core.environment:create_file_with_runtime_dependencies(/home/batch9/ros2_ws/install/sllidar_ros2/share/colcon-core/packages/sllidar_ros2)
[3.214s] Level 1:colcon.colcon_core.environment:create_environment_scripts_only(rplidar_ros)
[3.215s] Level 1:colcon.colcon_core.environment:checking '/home/batch9/ros2_ws/install/rplidar_ros' for CMake module files
[3.216s] DEBUG:colcon.colcon_core.event_handler.log_command:Invoked command in '/home/batch9/ros2_ws/build/rplidar_ros' returned '0': CMAKE_PREFIX_PATH=${CMAKE_PREFIX_PATH}:/opt/ros/jazzy DEBUGINFOD_URLS=https://debuginfod.ubuntu.com /usr/bin/cmake --install /home/batch9/ros2_ws/build/rplidar_ros
[3.218s] Level 1:colcon.colcon_core.environment:checking '/home/batch9/ros2_ws/install/rplidar_ros' for CMake config files
[3.219s] Level 1:colcon.colcon_core.shell:create_environment_hook('rplidar_ros', 'cmake_prefix_path')
[3.219s] INFO:colcon.colcon_core.shell:Creating environment hook '/home/batch9/ros2_ws/install/rplidar_ros/share/rplidar_ros/hook/cmake_prefix_path.ps1'
[3.221s] INFO:colcon.colcon_core.shell:Creating environment descriptor '/home/batch9/ros2_ws/install/rplidar_ros/share/rplidar_ros/hook/cmake_prefix_path.dsv'
[3.222s] INFO:colcon.colcon_core.shell:Creating environment hook '/home/batch9/ros2_ws/install/rplidar_ros/share/rplidar_ros/hook/cmake_prefix_path.sh'
[3.224s] Level 1:colcon.colcon_core.environment:checking '/home/batch9/ros2_ws/install/rplidar_ros/lib'
[3.224s] Level 1:colcon.colcon_core.environment:checking '/home/batch9/ros2_ws/install/rplidar_ros/bin'
[3.225s] Level 1:colcon.colcon_core.environment:checking '/home/batch9/ros2_ws/install/rplidar_ros/lib/pkgconfig/rplidar_ros.pc'
[3.225s] Level 1:colcon.colcon_core.environment:checking '/home/batch9/ros2_ws/install/rplidar_ros/lib/python3.12/site-packages'
[3.226s] Level 1:colcon.colcon_core.environment:checking '/home/batch9/ros2_ws/install/rplidar_ros/bin'
[3.227s] INFO:colcon.colcon_core.shell:Creating package script '/home/batch9/ros2_ws/install/rplidar_ros/share/rplidar_ros/package.ps1'
[3.229s] INFO:colcon.colcon_core.shell:Creating package descriptor '/home/batch9/ros2_ws/install/rplidar_ros/share/rplidar_ros/package.dsv'
[3.229s] INFO:colcon.colcon_core.shell:Creating package script '/home/batch9/ros2_ws/install/rplidar_ros/share/rplidar_ros/package.sh'
[3.230s] INFO:colcon.colcon_core.shell:Creating package script '/home/batch9/ros2_ws/install/rplidar_ros/share/rplidar_ros/package.bash'
[3.230s] INFO:colcon.colcon_core.shell:Creating package script '/home/batch9/ros2_ws/install/rplidar_ros/share/rplidar_ros/package.zsh'
[3.231s] Level 1:colcon.colcon_core.environment:create_file_with_runtime_dependencies(/home/batch9/ros2_ws/install/rplidar_ros/share/colcon-core/packages/rplidar_ros)
[3.232s] Level 1:colcon.colcon_core.environment:create_environment_scripts_only(rplidar_ros)
[3.232s] Level 1:colcon.colcon_core.environment:checking '/home/batch9/ros2_ws/install/rplidar_ros' for CMake module files
[3.233s] Level 1:colcon.colcon_core.environment:checking '/home/batch9/ros2_ws/install/rplidar_ros' for CMake config files
[3.233s] Level 1:colcon.colcon_core.shell:create_environment_hook('rplidar_ros', 'cmake_prefix_path')
[3.234s] INFO:colcon.colcon_core.shell:Creating environment hook '/home/batch9/ros2_ws/install/rplidar_ros/share/rplidar_ros/hook/cmake_prefix_path.ps1'
[3.235s] INFO:colcon.colcon_core.shell:Creating environment descriptor '/home/batch9/ros2_ws/install/rplidar_ros/share/rplidar_ros/hook/cmake_prefix_path.dsv'
[3.236s] INFO:colcon.colcon_core.shell:Creating environment hook '/home/batch9/ros2_ws/install/rplidar_ros/share/rplidar_ros/hook/cmake_prefix_path.sh'
[3.237s] Level 1:colcon.colcon_core.environment:checking '/home/batch9/ros2_ws/install/rplidar_ros/lib'
[3.237s] Level 1:colcon.colcon_core.environment:checking '/home/batch9/ros2_ws/install/rplidar_ros/bin'
[3.237s] Level 1:colcon.colcon_core.environment:checking '/home/batch9/ros2_ws/install/rplidar_ros/lib/pkgconfig/rplidar_ros.pc'
[3.237s] Level 1:colcon.colcon_core.environment:checking '/home/batch9/ros2_ws/install/rplidar_ros/lib/python3.12/site-packages'
[3.237s] Level 1:colcon.colcon_core.environment:checking '/home/batch9/ros2_ws/install/rplidar_ros/bin'
[3.238s] INFO:colcon.colcon_core.shell:Creating package script '/home/batch9/ros2_ws/install/rplidar_ros/share/rplidar_ros/package.ps1'
[3.238s] INFO:colcon.colcon_core.shell:Creating package descriptor '/home/batch9/ros2_ws/install/rplidar_ros/share/rplidar_ros/package.dsv'
[3.239s] INFO:colcon.colcon_core.shell:Creating package script '/home/batch9/ros2_ws/install/rplidar_ros/share/rplidar_ros/package.sh'
[3.240s] INFO:colcon.colcon_core.shell:Creating package script '/home/batch9/ros2_ws/install/rplidar_ros/share/rplidar_ros/package.bash'
[3.240s] INFO:colcon.colcon_core.shell:Creating package script '/home/batch9/ros2_ws/install/rplidar_ros/share/rplidar_ros/package.zsh'
[3.241s] Level 1:colcon.colcon_core.environment:create_file_with_runtime_dependencies(/home/batch9/ros2_ws/install/rplidar_ros/share/colcon-core/packages/rplidar_ros)
[3.611s] Level 1:colcon.colcon_core.environment:checking '/home/batch9/ros2_ws/install/rplidar_distance_angle_publisher' for CMake module files
[3.612s] DEBUG:colcon.colcon_core.event_handler.log_command:Invoked command in '/home/batch9/ros2_ws/src/rplidar_distance_angle_publisher' returned '0': DEBUGINFOD_URLS=https://debuginfod.ubuntu.com PYTHONPATH=/home/batch9/ros2_ws/build/rplidar_distance_angle_publisher/prefix_override:/usr/lib/python3/dist-packages/colcon_core/task/python/colcon_distutils_commands:/home/batch9/ros2_ws/install/rplidar_distance_angle_publisher/lib/python3.12/site-packages:${PYTHONPATH} /usr/bin/python3 -W ignore:setup.py install is deprecated -W ignore:easy_install command is deprecated setup.py egg_info --egg-base ../../build/rplidar_distance_angle_publisher build --build-base /home/batch9/ros2_ws/build/rplidar_distance_angle_publisher/build install --record /home/batch9/ros2_ws/build/rplidar_distance_angle_publisher/install.log --single-version-externally-managed install_data
[3.612s] Level 1:colcon.colcon_core.environment:checking '/home/batch9/ros2_ws/install/rplidar_distance_angle_publisher' for CMake config files
[3.613s] Level 1:colcon.colcon_core.environment:checking '/home/batch9/ros2_ws/install/rplidar_distance_angle_publisher/lib'
[3.613s] Level 1:colcon.colcon_core.environment:checking '/home/batch9/ros2_ws/install/rplidar_distance_angle_publisher/bin'
[3.613s] Level 1:colcon.colcon_core.environment:checking '/home/batch9/ros2_ws/install/rplidar_distance_angle_publisher/lib/pkgconfig/rplidar_distance_angle_publisher.pc'
[3.613s] Level 1:colcon.colcon_core.environment:checking '/home/batch9/ros2_ws/install/rplidar_distance_angle_publisher/lib/python3.12/site-packages'
[3.613s] Level 1:colcon.colcon_core.shell:create_environment_hook('rplidar_distance_angle_publisher', 'pythonpath')
[3.614s] INFO:colcon.colcon_core.shell:Creating environment hook '/home/batch9/ros2_ws/install/rplidar_distance_angle_publisher/share/rplidar_distance_angle_publisher/hook/pythonpath.ps1'
[3.614s] INFO:colcon.colcon_core.shell:Creating environment descriptor '/home/batch9/ros2_ws/install/rplidar_distance_angle_publisher/share/rplidar_distance_angle_publisher/hook/pythonpath.dsv'
[3.614s] INFO:colcon.colcon_core.shell:Creating environment hook '/home/batch9/ros2_ws/install/rplidar_distance_angle_publisher/share/rplidar_distance_angle_publisher/hook/pythonpath.sh'
[3.615s] Level 1:colcon.colcon_core.environment:checking '/home/batch9/ros2_ws/install/rplidar_distance_angle_publisher/bin'
[3.615s] Level 1:colcon.colcon_core.environment:create_environment_scripts_only(rplidar_distance_angle_publisher)
[3.615s] INFO:colcon.colcon_core.shell:Creating package script '/home/batch9/ros2_ws/install/rplidar_distance_angle_publisher/share/rplidar_distance_angle_publisher/package.ps1'
[3.616s] INFO:colcon.colcon_core.shell:Creating package descriptor '/home/batch9/ros2_ws/install/rplidar_distance_angle_publisher/share/rplidar_distance_angle_publisher/package.dsv'
[3.616s] INFO:colcon.colcon_core.shell:Creating package script '/home/batch9/ros2_ws/install/rplidar_distance_angle_publisher/share/rplidar_distance_angle_publisher/package.sh'
[3.617s] INFO:colcon.colcon_core.shell:Creating package script '/home/batch9/ros2_ws/install/rplidar_distance_angle_publisher/share/rplidar_distance_angle_publisher/package.bash'
[3.617s] INFO:colcon.colcon_core.shell:Creating package script '/home/batch9/ros2_ws/install/rplidar_distance_angle_publisher/share/rplidar_distance_angle_publisher/package.zsh'
[3.617s] Level 1:colcon.colcon_core.environment:create_file_with_runtime_dependencies(/home/batch9/ros2_ws/install/rplidar_distance_angle_publisher/share/colcon-core/packages/rplidar_distance_angle_publisher)
[3.618s] DEBUG:colcon.colcon_parallel_executor.executor.parallel:closing loop
[3.618s] DEBUG:colcon.colcon_parallel_executor.executor.parallel:loop closed
[3.618s] DEBUG:colcon.colcon_parallel_executor.executor.parallel:run_until_complete finished with '0'
[3.618s] DEBUG:colcon.colcon_core.event_reactor:joining thread
[3.638s] INFO:colcon.colcon_core.plugin_system:Skipping extension 'colcon_notification.desktop_notification.terminal_notifier': Not used on non-Darwin systems
[3.638s] INFO:colcon.colcon_core.plugin_system:Skipping extension 'colcon_notification.desktop_notification.win32': Not used on non-Windows systems
[3.638s] INFO:colcon.colcon_notification.desktop_notification:Sending desktop notification using 'notify2'
[3.668s] DEBUG:colcon.colcon_core.event_reactor:joined thread
[3.669s] INFO:colcon.colcon_core.shell:Creating prefix script '/home/batch9/ros2_ws/install/local_setup.ps1'
[3.671s] INFO:colcon.colcon_core.shell:Creating prefix util module '/home/batch9/ros2_ws/install/_local_setup_util_ps1.py'
[3.677s] INFO:colcon.colcon_core.shell:Creating prefix chain script '/home/batch9/ros2_ws/install/setup.ps1'
[3.679s] INFO:colcon.colcon_core.shell:Creating prefix script '/home/batch9/ros2_ws/install/local_setup.sh'
[3.681s] INFO:colcon.colcon_core.shell:Creating prefix util module '/home/batch9/ros2_ws/install/_local_setup_util_sh.py'
[3.682s] INFO:colcon.colcon_core.shell:Creating prefix chain script '/home/batch9/ros2_ws/install/setup.sh'
[3.685s] INFO:colcon.colcon_core.shell:Creating prefix script '/home/batch9/ros2_ws/install/local_setup.bash'
[3.686s] INFO:colcon.colcon_core.shell:Creating prefix chain script '/home/batch9/ros2_ws/install/setup.bash'
[3.688s] INFO:colcon.colcon_core.shell:Creating prefix script '/home/batch9/ros2_ws/install/local_setup.zsh'
[3.689s] INFO:colcon.colcon_core.shell:Creating prefix chain script '/home/batch9/ros2_ws/install/setup.zsh'
