[2.789s] Invoking command in '/home/batch9/ros2_ws/src/encoder_node': DEBUGINFOD_URLS=https://debuginfod.ubuntu.com PYTHONPATH=/home/batch9/ros2_ws/build/encoder_node/prefix_override:/usr/lib/python3/dist-packages/colcon_core/task/python/colcon_distutils_commands:/home/batch9/ros2_ws/install/encoder_node/lib/python3.12/site-packages:${PYTHONPATH} /usr/bin/python3 -W ignore:setup.py install is deprecated -W ignore:easy_install command is deprecated setup.py egg_info --egg-base ../../build/encoder_node build --build-base /home/batch9/ros2_ws/build/encoder_node/build install --record /home/batch9/ros2_ws/build/encoder_node/install.log --single-version-externally-managed install_data
[3.381s] running egg_info
[3.413s] writing ../../build/encoder_node/encoder_node.egg-info/PKG-INFO
[3.413s] writing dependency_links to ../../build/encoder_node/encoder_node.egg-info/dependency_links.txt
[3.418s] writing entry points to ../../build/encoder_node/encoder_node.egg-info/entry_points.txt
[3.418s] writing requirements to ../../build/encoder_node/encoder_node.egg-info/requires.txt
[3.419s] writing top-level names to ../../build/encoder_node/encoder_node.egg-info/top_level.txt
[3.488s] reading manifest file '../../build/encoder_node/encoder_node.egg-info/SOURCES.txt'
[3.489s] writing manifest file '../../build/encoder_node/encoder_node.egg-info/SOURCES.txt'
[3.490s] running build
[3.490s] running build_py
[3.494s] running install
[3.503s] running install_lib
[3.545s] running install_data
[3.545s] running install_egg_info
[3.579s] removing '/home/batch9/ros2_ws/install/encoder_node/lib/python3.12/site-packages/encoder_node-0.0.0-py3.12.egg-info' (and everything under it)
[3.580s] Copying ../../build/encoder_node/encoder_node.egg-info to /home/batch9/ros2_ws/install/encoder_node/lib/python3.12/site-packages/encoder_node-0.0.0-py3.12.egg-info
[3.582s] running install_scripts
[3.868s] Installing encoder_pub script to /home/batch9/ros2_ws/install/encoder_node/lib/encoder_node
[3.869s] writing list of installed files to '/home/batch9/ros2_ws/build/encoder_node/install.log'
[4.392s] Invoked command in '/home/batch9/ros2_ws/src/encoder_node' returned '0': DEBUGINFOD_URLS=https://debuginfod.ubuntu.com PYTHONPATH=/home/batch9/ros2_ws/build/encoder_node/prefix_override:/usr/lib/python3/dist-packages/colcon_core/task/python/colcon_distutils_commands:/home/batch9/ros2_ws/install/encoder_node/lib/python3.12/site-packages:${PYTHONPATH} /usr/bin/python3 -W ignore:setup.py install is deprecated -W ignore:easy_install command is deprecated setup.py egg_info --egg-base ../../build/encoder_node build --build-base /home/batch9/ros2_ws/build/encoder_node/build install --record /home/batch9/ros2_ws/build/encoder_node/install.log --single-version-externally-managed install_data
