[1.512s] Invoking command in '/home/batch9/ros2_ws/src/pid_control_node': DEBUGINFOD_URLS=https://debuginfod.ubuntu.com PYTHONPATH=/home/batch9/ros2_ws/build/pid_control_node/prefix_override:/usr/lib/python3/dist-packages/colcon_core/task/python/colcon_distutils_commands:/home/batch9/ros2_ws/install/pid_control_node/lib/python3.12/site-packages:${PYTHONPATH} /usr/bin/python3 -W ignore:setup.py install is deprecated -W ignore:easy_install command is deprecated setup.py egg_info --egg-base ../../build/pid_control_node build --build-base /home/batch9/ros2_ws/build/pid_control_node/build install --record /home/batch9/ros2_ws/build/pid_control_node/install.log --single-version-externally-managed install_data
[1.886s] running egg_info
[1.915s] writing ../../build/pid_control_node/pid_control_node.egg-info/PKG-INFO
[1.915s] writing dependency_links to ../../build/pid_control_node/pid_control_node.egg-info/dependency_links.txt
[1.922s] writing entry points to ../../build/pid_control_node/pid_control_node.egg-info/entry_points.txt
[1.925s] writing requirements to ../../build/pid_control_node/pid_control_node.egg-info/requires.txt
[1.929s] writing top-level names to ../../build/pid_control_node/pid_control_node.egg-info/top_level.txt
[1.986s] reading manifest file '../../build/pid_control_node/pid_control_node.egg-info/SOURCES.txt'
[1.987s] writing manifest file '../../build/pid_control_node/pid_control_node.egg-info/SOURCES.txt'
[1.987s] running build
[1.987s] running build_py
[1.988s] running install
[2.000s] running install_lib
[2.027s] running install_data
[2.027s] running install_egg_info
[2.055s] removing '/home/batch9/ros2_ws/install/pid_control_node/lib/python3.12/site-packages/pid_control_node-0.0.0-py3.12.egg-info' (and everything under it)
[2.056s] Copying ../../build/pid_control_node/pid_control_node.egg-info to /home/batch9/ros2_ws/install/pid_control_node/lib/python3.12/site-packages/pid_control_node-0.0.0-py3.12.egg-info
[2.057s] running install_scripts
[2.248s] Installing pid_control script to /home/batch9/ros2_ws/install/pid_control_node/lib/pid_control_node
[2.249s] writing list of installed files to '/home/batch9/ros2_ws/build/pid_control_node/install.log'
[2.336s] Invoked command in '/home/batch9/ros2_ws/src/pid_control_node' returned '0': DEBUGINFOD_URLS=https://debuginfod.ubuntu.com PYTHONPATH=/home/batch9/ros2_ws/build/pid_control_node/prefix_override:/usr/lib/python3/dist-packages/colcon_core/task/python/colcon_distutils_commands:/home/batch9/ros2_ws/install/pid_control_node/lib/python3.12/site-packages:${PYTHONPATH} /usr/bin/python3 -W ignore:setup.py install is deprecated -W ignore:easy_install command is deprecated setup.py egg_info --egg-base ../../build/pid_control_node build --build-base /home/batch9/ros2_ws/build/pid_control_node/build install --record /home/batch9/ros2_ws/build/pid_control_node/install.log --single-version-externally-managed install_data
