running egg_info
creating ../../build/encoder_node/encoder_node.egg-info
writing ../../build/encoder_node/encoder_node.egg-info/PKG-INFO
writing dependency_links to ../../build/encoder_node/encoder_node.egg-info/dependency_links.txt
writing requirements to ../../build/encoder_node/encoder_node.egg-info/requires.txt
writing top-level names to ../../build/encoder_node/encoder_node.egg-info/top_level.txt
writing manifest file '../../build/encoder_node/encoder_node.egg-info/SOURCES.txt'
reading manifest file '../../build/encoder_node/encoder_node.egg-info/SOURCES.txt'
writing manifest file '../../build/encoder_node/encoder_node.egg-info/SOURCES.txt'
running build
running build_py
creating /home/batch9/ros2_ws/build/encoder_node/build
creating /home/batch9/ros2_ws/build/encoder_node/build/lib
creating /home/batch9/ros2_ws/build/encoder_node/build/lib/encoder_node
copying encoder_node/__init__.py -> /home/batch9/ros2_ws/build/encoder_node/build/lib/encoder_node
copying encoder_node/encoder_pub.py -> /home/batch9/ros2_ws/build/encoder_node/build/lib/encoder_node
running install
running install_lib
creating /home/batch9/ros2_ws/install/encoder_node/lib/python3.12/site-packages/encoder_node
copying /home/batch9/ros2_ws/build/encoder_node/build/lib/encoder_node/__init__.py -> /home/batch9/ros2_ws/install/encoder_node/lib/python3.12/site-packages/encoder_node
copying /home/batch9/ros2_ws/build/encoder_node/build/lib/encoder_node/encoder_pub.py -> /home/batch9/ros2_ws/install/encoder_node/lib/python3.12/site-packages/encoder_node
byte-compiling /home/batch9/ros2_ws/install/encoder_node/lib/python3.12/site-packages/encoder_node/__init__.py to __init__.cpython-312.pyc
byte-compiling /home/batch9/ros2_ws/install/encoder_node/lib/python3.12/site-packages/encoder_node/encoder_pub.py to encoder_pub.cpython-312.pyc
running install_data
creating /home/batch9/ros2_ws/install/encoder_node/share/ament_index
creating /home/batch9/ros2_ws/install/encoder_node/share/ament_index/resource_index
creating /home/batch9/ros2_ws/install/encoder_node/share/ament_index/resource_index/packages
copying resource/encoder_node -> /home/batch9/ros2_ws/install/encoder_node/share/ament_index/resource_index/packages
copying package.xml -> /home/batch9/ros2_ws/install/encoder_node/share/encoder_node
running install_egg_info
Copying ../../build/encoder_node/encoder_node.egg-info to /home/batch9/ros2_ws/install/encoder_node/lib/python3.12/site-packages/encoder_node-0.0.0-py3.12.egg-info
running install_scripts
writing list of installed files to '/home/batch9/ros2_ws/build/encoder_node/install.log'
