[2.705s] Invoking command in '/home/batch9/ros2_ws/src/encoder_node': DEBUGINFOD_URLS=https://debuginfod.ubuntu.com PYTHONPATH=/home/batch9/ros2_ws/build/encoder_node/prefix_override:/usr/lib/python3/dist-packages/colcon_core/task/python/colcon_distutils_commands:/home/batch9/ros2_ws/install/encoder_node/lib/python3.12/site-packages:${PYTHONPATH} /usr/bin/python3 -W ignore:setup.py install is deprecated -W ignore:easy_install command is deprecated setup.py egg_info --egg-base ../../build/encoder_node build --build-base /home/batch9/ros2_ws/build/encoder_node/build install --record /home/batch9/ros2_ws/build/encoder_node/install.log --single-version-externally-managed install_data
[3.192s] running egg_info
[3.224s] writing ../../build/encoder_node/encoder_node.egg-info/PKG-INFO
[3.224s] writing dependency_links to ../../build/encoder_node/encoder_node.egg-info/dependency_links.txt
[3.225s] writing entry points to ../../build/encoder_node/encoder_node.egg-info/entry_points.txt
[3.225s] writing requirements to ../../build/encoder_node/encoder_node.egg-info/requires.txt
[3.226s] writing top-level names to ../../build/encoder_node/encoder_node.egg-info/top_level.txt
[3.292s] reading manifest file '../../build/encoder_node/encoder_node.egg-info/SOURCES.txt'
[3.293s] writing manifest file '../../build/encoder_node/encoder_node.egg-info/SOURCES.txt'
[3.293s] running build
[3.293s] running build_py
[3.294s] running install
[3.307s] running install_lib
[3.338s] running install_data
[3.338s] running install_egg_info
[3.374s] removing '/home/batch9/ros2_ws/install/encoder_node/lib/python3.12/site-packages/encoder_node-0.0.0-py3.12.egg-info' (and everything under it)
[3.376s] Copying ../../build/encoder_node/encoder_node.egg-info to /home/batch9/ros2_ws/install/encoder_node/lib/python3.12/site-packages/encoder_node-0.0.0-py3.12.egg-info
[3.376s] running install_scripts
[3.686s] Installing encoder_pub script to /home/batch9/ros2_ws/install/encoder_node/lib/encoder_node
[3.687s] writing list of installed files to '/home/batch9/ros2_ws/build/encoder_node/install.log'
[4.159s] Invoked command in '/home/batch9/ros2_ws/src/encoder_node' returned '0': DEBUGINFOD_URLS=https://debuginfod.ubuntu.com PYTHONPATH=/home/batch9/ros2_ws/build/encoder_node/prefix_override:/usr/lib/python3/dist-packages/colcon_core/task/python/colcon_distutils_commands:/home/batch9/ros2_ws/install/encoder_node/lib/python3.12/site-packages:${PYTHONPATH} /usr/bin/python3 -W ignore:setup.py install is deprecated -W ignore:easy_install command is deprecated setup.py egg_info --egg-base ../../build/encoder_node build --build-base /home/batch9/ros2_ws/build/encoder_node/build install --record /home/batch9/ros2_ws/build/encoder_node/install.log --single-version-externally-managed install_data
