[3.857s] Invoking command in '/home/batch9/ros2_ws/src/lidar_obstacle': DEBUGINFOD_URLS=https://debuginfod.ubuntu.com PYTHONPATH=/home/batch9/ros2_ws/build/lidar_obstacle/prefix_override:/usr/lib/python3/dist-packages/colcon_core/task/python/colcon_distutils_commands:/home/batch9/ros2_ws/install/lidar_obstacle/lib/python3.12/site-packages:${PYTHONPATH} /usr/bin/python3 -W ignore:setup.py install is deprecated -W ignore:easy_install command is deprecated setup.py egg_info --egg-base ../../build/lidar_obstacle build --build-base /home/batch9/ros2_ws/build/lidar_obstacle/build install --record /home/batch9/ros2_ws/build/lidar_obstacle/install.log --single-version-externally-managed install_data
[4.494s] running egg_info
[4.552s] writing ../../build/lidar_obstacle/lidar_obstacle.egg-info/PKG-INFO
[4.552s] writing dependency_links to ../../build/lidar_obstacle/lidar_obstacle.egg-info/dependency_links.txt
[4.552s] writing entry points to ../../build/lidar_obstacle/lidar_obstacle.egg-info/entry_points.txt
[4.552s] writing requirements to ../../build/lidar_obstacle/lidar_obstacle.egg-info/requires.txt
[4.553s] writing top-level names to ../../build/lidar_obstacle/lidar_obstacle.egg-info/top_level.txt
[4.629s] reading manifest file '../../build/lidar_obstacle/lidar_obstacle.egg-info/SOURCES.txt'
[4.633s] writing manifest file '../../build/lidar_obstacle/lidar_obstacle.egg-info/SOURCES.txt'
[4.636s] running build
[4.636s] running build_py
[4.641s] running install
[4.655s] running install_lib
[4.693s] running install_data
[4.693s] running install_egg_info
[4.779s] removing '/home/batch9/ros2_ws/install/lidar_obstacle/lib/python3.12/site-packages/lidar_obstacle-0.0.0-py3.12.egg-info' (and everything under it)
[4.779s] Copying ../../build/lidar_obstacle/lidar_obstacle.egg-info to /home/batch9/ros2_ws/install/lidar_obstacle/lib/python3.12/site-packages/lidar_obstacle-0.0.0-py3.12.egg-info
[4.782s] running install_scripts
[5.254s] Installing obstacle_detection script to /home/batch9/ros2_ws/install/lidar_obstacle/lib/lidar_obstacle
[5.254s] writing list of installed files to '/home/batch9/ros2_ws/build/lidar_obstacle/install.log'
[6.135s] Invoked command in '/home/batch9/ros2_ws/src/lidar_obstacle' returned '0': DEBUGINFOD_URLS=https://debuginfod.ubuntu.com PYTHONPATH=/home/batch9/ros2_ws/build/lidar_obstacle/prefix_override:/usr/lib/python3/dist-packages/colcon_core/task/python/colcon_distutils_commands:/home/batch9/ros2_ws/install/lidar_obstacle/lib/python3.12/site-packages:${PYTHONPATH} /usr/bin/python3 -W ignore:setup.py install is deprecated -W ignore:easy_install command is deprecated setup.py egg_info --egg-base ../../build/lidar_obstacle build --build-base /home/batch9/ros2_ws/build/lidar_obstacle/build install --record /home/batch9/ros2_ws/build/lidar_obstacle/install.log --single-version-externally-managed install_data
