[0.446s] DEBUG:colcon:Command line arguments: ['/usr/bin/colcon', 'build']
[0.447s] DEBUG:colcon:Parsed command line arguments: Namespace(log_base=None, log_level=None, verb_name='build', build_base='build', install_base='install', merge_install=False, symlink_install=False, test_result_base=None, continue_on_error=False, executor='parallel', parallel_workers=4, event_handlers=None, ignore_user_meta=False, metas=['./colcon.meta'], base_paths=['.'], packages_ignore=None, packages_ignore_regex=None, paths=None, packages_up_to=None, packages_up_to_regex=None, packages_above=None, packages_above_and_dependencies=None, packages_above_depth=None, packages_select_by_dep=None, packages_skip_by_dep=None, packages_skip_up_to=None, packages_select_build_failed=False, packages_skip_build_finished=False, packages_select_test_failures=False, packages_skip_test_passed=False, packages_select=None, packages_skip=None, packages_select_regex=None, packages_skip_regex=None, packages_start=None, packages_end=None, allow_overriding=[], cmake_args=None, cmake_target=None, cmake_target_skip_unavailable=False, cmake_clean_cache=False, cmake_clean_first=False, cmake_force_configure=False, ament_cmake_args=None, catkin_cmake_args=None, catkin_skip_building_tests=False, mixin_files=None, mixin=None, verb_parser=<colcon_mixin.mixin.mixin_argument.MixinArgumentDecorator object at 0xffff98577b00>, verb_extension=<colcon_core.verb.build.BuildVerb object at 0xffff986cce90>, main=<bound method BuildVerb.main of <colcon_core.verb.build.BuildVerb object at 0xffff986cce90>>, mixin_verb=('build',))
[0.562s] Level 1:colcon.colcon_core.package_discovery:discover_packages(colcon_meta) check parameters
[0.562s] Level 1:colcon.colcon_core.package_discovery:discover_packages(recursive) check parameters
[0.562s] Level 1:colcon.colcon_core.package_discovery:discover_packages(ignore) check parameters
[0.562s] Level 1:colcon.colcon_core.package_discovery:discover_packages(path) check parameters
[0.562s] Level 1:colcon.colcon_core.package_discovery:discover_packages(colcon_meta) discover
[0.562s] Level 1:colcon.colcon_core.package_discovery:discover_packages(recursive) discover
[0.562s] INFO:colcon.colcon_core.package_discovery:Crawling recursively for packages in '/home/batch9/ros2_ws'
[0.562s] Level 1:colcon.colcon_core.package_identification:_identify(.) by extensions ['ignore', 'ignore_ament_install']
[0.562s] Level 1:colcon.colcon_core.package_identification:_identify(.) by extension 'ignore'
[0.562s] Level 1:colcon.colcon_core.package_identification:_identify(.) by extension 'ignore_ament_install'
[0.563s] Level 1:colcon.colcon_core.package_identification:_identify(.) by extensions ['colcon_pkg']
[0.563s] Level 1:colcon.colcon_core.package_identification:_identify(.) by extension 'colcon_pkg'
[0.563s] Level 1:colcon.colcon_core.package_identification:_identify(.) by extensions ['colcon_meta']
[0.563s] Level 1:colcon.colcon_core.package_identification:_identify(.) by extension 'colcon_meta'
[0.563s] Level 1:colcon.colcon_core.package_identification:_identify(.) by extensions ['ros']
[0.563s] Level 1:colcon.colcon_core.package_identification:_identify(.) by extension 'ros'
[0.621s] Level 1:colcon.colcon_core.package_identification:_identify(.) by extensions ['cmake', 'python']
[0.621s] Level 1:colcon.colcon_core.package_identification:_identify(.) by extension 'cmake'
[0.621s] Level 1:colcon.colcon_core.package_identification:_identify(.) by extension 'python'
[0.621s] Level 1:colcon.colcon_core.package_identification:_identify(.) by extensions ['python_setup_py']
[0.621s] Level 1:colcon.colcon_core.package_identification:_identify(.) by extension 'python_setup_py'
[0.621s] Level 1:colcon.colcon_core.package_identification:_identify(build) by extensions ['ignore', 'ignore_ament_install']
[0.622s] Level 1:colcon.colcon_core.package_identification:_identify(build) by extension 'ignore'
[0.622s] Level 1:colcon.colcon_core.package_identification:_identify(build) ignored
[0.622s] Level 1:colcon.colcon_core.package_identification:_identify(install) by extensions ['ignore', 'ignore_ament_install']
[0.622s] Level 1:colcon.colcon_core.package_identification:_identify(install) by extension 'ignore'
[0.622s] Level 1:colcon.colcon_core.package_identification:_identify(install) ignored
[0.622s] Level 1:colcon.colcon_core.package_identification:_identify(log) by extensions ['ignore', 'ignore_ament_install']
[0.622s] Level 1:colcon.colcon_core.package_identification:_identify(log) by extension 'ignore'
[0.622s] Level 1:colcon.colcon_core.package_identification:_identify(log) ignored
[0.622s] Level 1:colcon.colcon_core.package_identification:_identify(src) by extensions ['ignore', 'ignore_ament_install']
[0.622s] Level 1:colcon.colcon_core.package_identification:_identify(src) by extension 'ignore'
[0.622s] Level 1:colcon.colcon_core.package_identification:_identify(src) by extension 'ignore_ament_install'
[0.623s] Level 1:colcon.colcon_core.package_identification:_identify(src) by extensions ['colcon_pkg']
[0.623s] Level 1:colcon.colcon_core.package_identification:_identify(src) by extension 'colcon_pkg'
[0.623s] Level 1:colcon.colcon_core.package_identification:_identify(src) by extensions ['colcon_meta']
[0.623s] Level 1:colcon.colcon_core.package_identification:_identify(src) by extension 'colcon_meta'
[0.623s] Level 1:colcon.colcon_core.package_identification:_identify(src) by extensions ['ros']
[0.623s] Level 1:colcon.colcon_core.package_identification:_identify(src) by extension 'ros'
[0.623s] Level 1:colcon.colcon_core.package_identification:_identify(src) by extensions ['cmake', 'python']
[0.623s] Level 1:colcon.colcon_core.package_identification:_identify(src) by extension 'cmake'
[0.623s] Level 1:colcon.colcon_core.package_identification:_identify(src) by extension 'python'
[0.623s] Level 1:colcon.colcon_core.package_identification:_identify(src) by extensions ['python_setup_py']
[0.623s] Level 1:colcon.colcon_core.package_identification:_identify(src) by extension 'python_setup_py'
[0.623s] Level 1:colcon.colcon_core.package_identification:_identify(src/lidar_obstacle) by extensions ['ignore', 'ignore_ament_install']
[0.623s] Level 1:colcon.colcon_core.package_identification:_identify(src/lidar_obstacle) by extension 'ignore'
[0.623s] Level 1:colcon.colcon_core.package_identification:_identify(src/lidar_obstacle) by extension 'ignore_ament_install'
[0.623s] Level 1:colcon.colcon_core.package_identification:_identify(src/lidar_obstacle) by extensions ['colcon_pkg']
[0.623s] Level 1:colcon.colcon_core.package_identification:_identify(src/lidar_obstacle) by extension 'colcon_pkg'
[0.623s] Level 1:colcon.colcon_core.package_identification:_identify(src/lidar_obstacle) by extensions ['colcon_meta']
[0.623s] Level 1:colcon.colcon_core.package_identification:_identify(src/lidar_obstacle) by extension 'colcon_meta'
[0.624s] Level 1:colcon.colcon_core.package_identification:_identify(src/lidar_obstacle) by extensions ['ros']
[0.624s] Level 1:colcon.colcon_core.package_identification:_identify(src/lidar_obstacle) by extension 'ros'
[0.629s] DEBUG:colcon.colcon_core.package_identification:Package 'src/lidar_obstacle' with type 'ros.ament_python' and name 'lidar_obstacle'
[0.629s] Level 1:colcon.colcon_core.package_identification:_identify(src/rplidar_ros) by extensions ['ignore', 'ignore_ament_install']
[0.629s] Level 1:colcon.colcon_core.package_identification:_identify(src/rplidar_ros) by extension 'ignore'
[0.630s] Level 1:colcon.colcon_core.package_identification:_identify(src/rplidar_ros) by extension 'ignore_ament_install'
[0.630s] Level 1:colcon.colcon_core.package_identification:_identify(src/rplidar_ros) by extensions ['colcon_pkg']
[0.630s] Level 1:colcon.colcon_core.package_identification:_identify(src/rplidar_ros) by extension 'colcon_pkg'
[0.630s] Level 1:colcon.colcon_core.package_identification:_identify(src/rplidar_ros) by extensions ['colcon_meta']
[0.630s] Level 1:colcon.colcon_core.package_identification:_identify(src/rplidar_ros) by extension 'colcon_meta'
[0.630s] Level 1:colcon.colcon_core.package_identification:_identify(src/rplidar_ros) by extensions ['ros']
[0.630s] Level 1:colcon.colcon_core.package_identification:_identify(src/rplidar_ros) by extension 'ros'
[0.631s] DEBUG:colcon.colcon_core.package_identification:Package 'src/rplidar_ros' with type 'ros.ament_cmake' and name 'rplidar_ros'
[0.631s] Level 1:colcon.colcon_core.package_identification:_identify(src/sllidar_ros2) by extensions ['ignore', 'ignore_ament_install']
[0.631s] Level 1:colcon.colcon_core.package_identification:_identify(src/sllidar_ros2) by extension 'ignore'
[0.631s] Level 1:colcon.colcon_core.package_identification:_identify(src/sllidar_ros2) by extension 'ignore_ament_install'
[0.632s] Level 1:colcon.colcon_core.package_identification:_identify(src/sllidar_ros2) by extensions ['colcon_pkg']
[0.632s] Level 1:colcon.colcon_core.package_identification:_identify(src/sllidar_ros2) by extension 'colcon_pkg'
[0.632s] Level 1:colcon.colcon_core.package_identification:_identify(src/sllidar_ros2) by extensions ['colcon_meta']
[0.632s] Level 1:colcon.colcon_core.package_identification:_identify(src/sllidar_ros2) by extension 'colcon_meta'
[0.632s] Level 1:colcon.colcon_core.package_identification:_identify(src/sllidar_ros2) by extensions ['ros']
[0.632s] Level 1:colcon.colcon_core.package_identification:_identify(src/sllidar_ros2) by extension 'ros'
[0.633s] DEBUG:colcon.colcon_core.package_identification:Package 'src/sllidar_ros2' with type 'ros.ament_cmake' and name 'sllidar_ros2'
[0.633s] Level 1:colcon.colcon_core.package_discovery:discover_packages(recursive) using defaults
[0.633s] Level 1:colcon.colcon_core.package_discovery:discover_packages(ignore) discover
[0.633s] Level 1:colcon.colcon_core.package_discovery:discover_packages(ignore) using defaults
[0.633s] Level 1:colcon.colcon_core.package_discovery:discover_packages(path) discover
[0.633s] Level 1:colcon.colcon_core.package_discovery:discover_packages(path) using defaults
[0.675s] Level 1:colcon.colcon_core.package_discovery:discover_packages(prefix_path) check parameters
[0.675s] Level 1:colcon.colcon_core.package_discovery:discover_packages(prefix_path) discover
[0.681s] DEBUG:colcon.colcon_installed_package_information.package_discovery:Found 284 installed packages in /opt/ros/jazzy
[0.682s] Level 1:colcon.colcon_core.package_discovery:discover_packages(prefix_path) using defaults
[0.746s] Level 5:colcon.colcon_core.verb:set package 'lidar_obstacle' build argument 'cmake_args' from command line to 'None'
[0.746s] Level 5:colcon.colcon_core.verb:set package 'lidar_obstacle' build argument 'cmake_target' from command line to 'None'
[0.746s] Level 5:colcon.colcon_core.verb:set package 'lidar_obstacle' build argument 'cmake_target_skip_unavailable' from command line to 'False'
[0.746s] Level 5:colcon.colcon_core.verb:set package 'lidar_obstacle' build argument 'cmake_clean_cache' from command line to 'False'
[0.746s] Level 5:colcon.colcon_core.verb:set package 'lidar_obstacle' build argument 'cmake_clean_first' from command line to 'False'
[0.746s] Level 5:colcon.colcon_core.verb:set package 'lidar_obstacle' build argument 'cmake_force_configure' from command line to 'False'
[0.746s] Level 5:colcon.colcon_core.verb:set package 'lidar_obstacle' build argument 'ament_cmake_args' from command line to 'None'
[0.746s] Level 5:colcon.colcon_core.verb:set package 'lidar_obstacle' build argument 'catkin_cmake_args' from command line to 'None'
[0.746s] Level 5:colcon.colcon_core.verb:set package 'lidar_obstacle' build argument 'catkin_skip_building_tests' from command line to 'False'
[0.746s] DEBUG:colcon.colcon_core.verb:Building package 'lidar_obstacle' with the following arguments: {'ament_cmake_args': None, 'build_base': '/home/batch9/ros2_ws/build/lidar_obstacle', 'catkin_cmake_args': None, 'catkin_skip_building_tests': False, 'cmake_args': None, 'cmake_clean_cache': False, 'cmake_clean_first': False, 'cmake_force_configure': False, 'cmake_target': None, 'cmake_target_skip_unavailable': False, 'install_base': '/home/batch9/ros2_ws/install/lidar_obstacle', 'merge_install': False, 'path': '/home/batch9/ros2_ws/src/lidar_obstacle', 'symlink_install': False, 'test_result_base': None}
[0.747s] Level 5:colcon.colcon_core.verb:set package 'rplidar_ros' build argument 'cmake_args' from command line to 'None'
[0.747s] Level 5:colcon.colcon_core.verb:set package 'rplidar_ros' build argument 'cmake_target' from command line to 'None'
[0.747s] Level 5:colcon.colcon_core.verb:set package 'rplidar_ros' build argument 'cmake_target_skip_unavailable' from command line to 'False'
[0.747s] Level 5:colcon.colcon_core.verb:set package 'rplidar_ros' build argument 'cmake_clean_cache' from command line to 'False'
[0.747s] Level 5:colcon.colcon_core.verb:set package 'rplidar_ros' build argument 'cmake_clean_first' from command line to 'False'
[0.747s] Level 5:colcon.colcon_core.verb:set package 'rplidar_ros' build argument 'cmake_force_configure' from command line to 'False'
[0.747s] Level 5:colcon.colcon_core.verb:set package 'rplidar_ros' build argument 'ament_cmake_args' from command line to 'None'
[0.747s] Level 5:colcon.colcon_core.verb:set package 'rplidar_ros' build argument 'catkin_cmake_args' from command line to 'None'
[0.747s] Level 5:colcon.colcon_core.verb:set package 'rplidar_ros' build argument 'catkin_skip_building_tests' from command line to 'False'
[0.747s] DEBUG:colcon.colcon_core.verb:Building package 'rplidar_ros' with the following arguments: {'ament_cmake_args': None, 'build_base': '/home/batch9/ros2_ws/build/rplidar_ros', 'catkin_cmake_args': None, 'catkin_skip_building_tests': False, 'cmake_args': None, 'cmake_clean_cache': False, 'cmake_clean_first': False, 'cmake_force_configure': False, 'cmake_target': None, 'cmake_target_skip_unavailable': False, 'install_base': '/home/batch9/ros2_ws/install/rplidar_ros', 'merge_install': False, 'path': '/home/batch9/ros2_ws/src/rplidar_ros', 'symlink_install': False, 'test_result_base': None}
[0.747s] Level 5:colcon.colcon_core.verb:set package 'sllidar_ros2' build argument 'cmake_args' from command line to 'None'
[0.748s] Level 5:colcon.colcon_core.verb:set package 'sllidar_ros2' build argument 'cmake_target' from command line to 'None'
[0.748s] Level 5:colcon.colcon_core.verb:set package 'sllidar_ros2' build argument 'cmake_target_skip_unavailable' from command line to 'False'
[0.748s] Level 5:colcon.colcon_core.verb:set package 'sllidar_ros2' build argument 'cmake_clean_cache' from command line to 'False'
[0.748s] Level 5:colcon.colcon_core.verb:set package 'sllidar_ros2' build argument 'cmake_clean_first' from command line to 'False'
[0.748s] Level 5:colcon.colcon_core.verb:set package 'sllidar_ros2' build argument 'cmake_force_configure' from command line to 'False'
[0.748s] Level 5:colcon.colcon_core.verb:set package 'sllidar_ros2' build argument 'ament_cmake_args' from command line to 'None'
[0.748s] Level 5:colcon.colcon_core.verb:set package 'sllidar_ros2' build argument 'catkin_cmake_args' from command line to 'None'
[0.748s] Level 5:colcon.colcon_core.verb:set package 'sllidar_ros2' build argument 'catkin_skip_building_tests' from command line to 'False'
[0.748s] DEBUG:colcon.colcon_core.verb:Building package 'sllidar_ros2' with the following arguments: {'ament_cmake_args': None, 'build_base': '/home/batch9/ros2_ws/build/sllidar_ros2', 'catkin_cmake_args': None, 'catkin_skip_building_tests': False, 'cmake_args': None, 'cmake_clean_cache': False, 'cmake_clean_first': False, 'cmake_force_configure': False, 'cmake_target': None, 'cmake_target_skip_unavailable': False, 'install_base': '/home/batch9/ros2_ws/install/sllidar_ros2', 'merge_install': False, 'path': '/home/batch9/ros2_ws/src/sllidar_ros2', 'symlink_install': False, 'test_result_base': None}
[0.748s] INFO:colcon.colcon_core.executor:Executing jobs using 'parallel' executor
[0.749s] DEBUG:colcon.colcon_parallel_executor.executor.parallel:run_until_complete
[0.750s] INFO:colcon.colcon_ros.task.ament_python.build:Building ROS package in '/home/batch9/ros2_ws/src/lidar_obstacle' with build type 'ament_python'
[0.751s] Level 1:colcon.colcon_core.shell:create_environment_hook('lidar_obstacle', 'ament_prefix_path')
[0.765s] INFO:colcon.colcon_core.plugin_system:Skipping extension 'colcon_core.shell.bat': Not used on non-Windows systems
[0.765s] INFO:colcon.colcon_core.shell:Creating environment hook '/home/batch9/ros2_ws/install/lidar_obstacle/share/lidar_obstacle/hook/ament_prefix_path.ps1'
[0.768s] INFO:colcon.colcon_core.shell:Creating environment descriptor '/home/batch9/ros2_ws/install/lidar_obstacle/share/lidar_obstacle/hook/ament_prefix_path.dsv'
[0.769s] INFO:colcon.colcon_core.shell:Creating environment hook '/home/batch9/ros2_ws/install/lidar_obstacle/share/lidar_obstacle/hook/ament_prefix_path.sh'
[0.771s] INFO:colcon.colcon_core.shell:Skip shell extension 'powershell' for command environment: Not usable outside of PowerShell
[0.771s] DEBUG:colcon.colcon_core.shell:Skip shell extension 'dsv' for command environment
[0.776s] INFO:colcon.colcon_ros.task.ament_cmake.build:Building ROS package in '/home/batch9/ros2_ws/src/rplidar_ros' with build type 'ament_cmake'
[0.776s] INFO:colcon.colcon_cmake.task.cmake.build:Building CMake package in '/home/batch9/ros2_ws/src/rplidar_ros'
[0.777s] INFO:colcon.colcon_core.shell:Skip shell extension 'powershell' for command environment: Not usable outside of PowerShell
[0.777s] DEBUG:colcon.colcon_core.shell:Skip shell extension 'dsv' for command environment
[0.785s] INFO:colcon.colcon_ros.task.ament_cmake.build:Building ROS package in '/home/batch9/ros2_ws/src/sllidar_ros2' with build type 'ament_cmake'
[0.786s] INFO:colcon.colcon_cmake.task.cmake.build:Building CMake package in '/home/batch9/ros2_ws/src/sllidar_ros2'
[0.787s] INFO:colcon.colcon_core.shell:Skip shell extension 'powershell' for command environment: Not usable outside of PowerShell
[0.787s] DEBUG:colcon.colcon_core.shell:Skip shell extension 'dsv' for command environment
[1.141s] INFO:colcon.colcon_core.task.python.build:Building Python package in '/home/batch9/ros2_ws/src/lidar_obstacle'
[1.141s] INFO:colcon.colcon_core.shell:Skip shell extension 'powershell' for command environment: Not usable outside of PowerShell
[1.141s] DEBUG:colcon.colcon_core.shell:Skip shell extension 'dsv' for command environment
[1.158s] DEBUG:colcon.colcon_core.event_handler.log_command:Invoking command in '/home/batch9/ros2_ws/build/rplidar_ros': CMAKE_PREFIX_PATH=${CMAKE_PREFIX_PATH}:/opt/ros/jazzy DEBUGINFOD_URLS=https://debuginfod.ubuntu.com /usr/bin/cmake --build /home/batch9/ros2_ws/build/rplidar_ros -- -j4 -l4
[1.173s] DEBUG:colcon.colcon_core.event_handler.log_command:Invoking command in '/home/batch9/ros2_ws/build/sllidar_ros2': CMAKE_PREFIX_PATH=${CMAKE_PREFIX_PATH}:/opt/ros/jazzy DEBUGINFOD_URLS=https://debuginfod.ubuntu.com /usr/bin/cmake --build /home/batch9/ros2_ws/build/sllidar_ros2 -- -j4 -l4
[1.617s] DEBUG:colcon.colcon_core.event_handler.log_command:Invoked command in '/home/batch9/ros2_ws/build/sllidar_ros2' returned '0': CMAKE_PREFIX_PATH=${CMAKE_PREFIX_PATH}:/opt/ros/jazzy DEBUGINFOD_URLS=https://debuginfod.ubuntu.com /usr/bin/cmake --build /home/batch9/ros2_ws/build/sllidar_ros2 -- -j4 -l4
[1.639s] DEBUG:colcon.colcon_core.event_handler.log_command:Invoking command in '/home/batch9/ros2_ws/build/sllidar_ros2': CMAKE_PREFIX_PATH=${CMAKE_PREFIX_PATH}:/opt/ros/jazzy DEBUGINFOD_URLS=https://debuginfod.ubuntu.com /usr/bin/cmake --install /home/batch9/ros2_ws/build/sllidar_ros2
[1.640s] DEBUG:colcon.colcon_core.event_handler.log_command:Invoked command in '/home/batch9/ros2_ws/build/rplidar_ros' returned '0': CMAKE_PREFIX_PATH=${CMAKE_PREFIX_PATH}:/opt/ros/jazzy DEBUGINFOD_URLS=https://debuginfod.ubuntu.com /usr/bin/cmake --build /home/batch9/ros2_ws/build/rplidar_ros -- -j4 -l4
[1.644s] DEBUG:colcon.colcon_core.event_handler.log_command:Invoking command in '/home/batch9/ros2_ws/build/rplidar_ros': CMAKE_PREFIX_PATH=${CMAKE_PREFIX_PATH}:/opt/ros/jazzy DEBUGINFOD_URLS=https://debuginfod.ubuntu.com /usr/bin/cmake --install /home/batch9/ros2_ws/build/rplidar_ros
[1.724s] Level 1:colcon.colcon_core.environment:create_environment_scripts_only(sllidar_ros2)
[1.725s] DEBUG:colcon.colcon_core.event_handler.log_command:Invoked command in '/home/batch9/ros2_ws/build/sllidar_ros2' returned '0': CMAKE_PREFIX_PATH=${CMAKE_PREFIX_PATH}:/opt/ros/jazzy DEBUGINFOD_URLS=https://debuginfod.ubuntu.com /usr/bin/cmake --install /home/batch9/ros2_ws/build/sllidar_ros2
[1.735s] Level 1:colcon.colcon_core.environment:checking '/home/batch9/ros2_ws/install/sllidar_ros2' for CMake module files
[1.736s] Level 1:colcon.colcon_core.environment:checking '/home/batch9/ros2_ws/install/sllidar_ros2' for CMake config files
[1.738s] Level 1:colcon.colcon_core.shell:create_environment_hook('sllidar_ros2', 'cmake_prefix_path')
[1.738s] INFO:colcon.colcon_core.shell:Creating environment hook '/home/batch9/ros2_ws/install/sllidar_ros2/share/sllidar_ros2/hook/cmake_prefix_path.ps1'
[1.739s] INFO:colcon.colcon_core.shell:Creating environment descriptor '/home/batch9/ros2_ws/install/sllidar_ros2/share/sllidar_ros2/hook/cmake_prefix_path.dsv'
[1.739s] INFO:colcon.colcon_core.shell:Creating environment hook '/home/batch9/ros2_ws/install/sllidar_ros2/share/sllidar_ros2/hook/cmake_prefix_path.sh'
[1.740s] Level 1:colcon.colcon_core.environment:checking '/home/batch9/ros2_ws/install/sllidar_ros2/lib'
[1.741s] Level 1:colcon.colcon_core.environment:checking '/home/batch9/ros2_ws/install/sllidar_ros2/bin'
[1.741s] Level 1:colcon.colcon_core.environment:checking '/home/batch9/ros2_ws/install/sllidar_ros2/lib/pkgconfig/sllidar_ros2.pc'
[1.741s] Level 1:colcon.colcon_core.environment:checking '/home/batch9/ros2_ws/install/sllidar_ros2/lib/python3.12/site-packages'
[1.742s] Level 1:colcon.colcon_core.environment:checking '/home/batch9/ros2_ws/install/sllidar_ros2/bin'
[1.742s] INFO:colcon.colcon_core.shell:Creating package script '/home/batch9/ros2_ws/install/sllidar_ros2/share/sllidar_ros2/package.ps1'
[1.743s] INFO:colcon.colcon_core.shell:Creating package descriptor '/home/batch9/ros2_ws/install/sllidar_ros2/share/sllidar_ros2/package.dsv'
[1.745s] INFO:colcon.colcon_core.shell:Creating package script '/home/batch9/ros2_ws/install/sllidar_ros2/share/sllidar_ros2/package.sh'
[1.746s] INFO:colcon.colcon_core.shell:Creating package script '/home/batch9/ros2_ws/install/sllidar_ros2/share/sllidar_ros2/package.bash'
[1.752s] INFO:colcon.colcon_core.shell:Creating package script '/home/batch9/ros2_ws/install/sllidar_ros2/share/sllidar_ros2/package.zsh'
[1.755s] Level 1:colcon.colcon_core.environment:create_file_with_runtime_dependencies(/home/batch9/ros2_ws/install/sllidar_ros2/share/colcon-core/packages/sllidar_ros2)
[1.757s] Level 1:colcon.colcon_core.environment:create_environment_scripts_only(sllidar_ros2)
[1.759s] Level 1:colcon.colcon_core.environment:checking '/home/batch9/ros2_ws/install/sllidar_ros2' for CMake module files
[1.760s] Level 1:colcon.colcon_core.environment:checking '/home/batch9/ros2_ws/install/sllidar_ros2' for CMake config files
[1.761s] Level 1:colcon.colcon_core.shell:create_environment_hook('sllidar_ros2', 'cmake_prefix_path')
[1.762s] INFO:colcon.colcon_core.shell:Creating environment hook '/home/batch9/ros2_ws/install/sllidar_ros2/share/sllidar_ros2/hook/cmake_prefix_path.ps1'
[1.763s] INFO:colcon.colcon_core.shell:Creating environment descriptor '/home/batch9/ros2_ws/install/sllidar_ros2/share/sllidar_ros2/hook/cmake_prefix_path.dsv'
[1.763s] INFO:colcon.colcon_core.shell:Creating environment hook '/home/batch9/ros2_ws/install/sllidar_ros2/share/sllidar_ros2/hook/cmake_prefix_path.sh'
[1.764s] Level 1:colcon.colcon_core.environment:checking '/home/batch9/ros2_ws/install/sllidar_ros2/lib'
[1.764s] Level 1:colcon.colcon_core.environment:checking '/home/batch9/ros2_ws/install/sllidar_ros2/bin'
[1.765s] Level 1:colcon.colcon_core.environment:checking '/home/batch9/ros2_ws/install/sllidar_ros2/lib/pkgconfig/sllidar_ros2.pc'
[1.765s] Level 1:colcon.colcon_core.environment:checking '/home/batch9/ros2_ws/install/sllidar_ros2/lib/python3.12/site-packages'
[1.765s] Level 1:colcon.colcon_core.environment:checking '/home/batch9/ros2_ws/install/sllidar_ros2/bin'
[1.766s] INFO:colcon.colcon_core.shell:Creating package script '/home/batch9/ros2_ws/install/sllidar_ros2/share/sllidar_ros2/package.ps1'
[1.767s] INFO:colcon.colcon_core.shell:Creating package descriptor '/home/batch9/ros2_ws/install/sllidar_ros2/share/sllidar_ros2/package.dsv'
[1.767s] INFO:colcon.colcon_core.shell:Creating package script '/home/batch9/ros2_ws/install/sllidar_ros2/share/sllidar_ros2/package.sh'
[1.768s] INFO:colcon.colcon_core.shell:Creating package script '/home/batch9/ros2_ws/install/sllidar_ros2/share/sllidar_ros2/package.bash'
[1.769s] INFO:colcon.colcon_core.shell:Creating package script '/home/batch9/ros2_ws/install/sllidar_ros2/share/sllidar_ros2/package.zsh'
[1.769s] Level 1:colcon.colcon_core.environment:create_file_with_runtime_dependencies(/home/batch9/ros2_ws/install/sllidar_ros2/share/colcon-core/packages/sllidar_ros2)
[1.771s] Level 1:colcon.colcon_core.environment:create_environment_scripts_only(rplidar_ros)
[1.771s] Level 1:colcon.colcon_core.environment:checking '/home/batch9/ros2_ws/install/rplidar_ros' for CMake module files
[1.772s] DEBUG:colcon.colcon_core.event_handler.log_command:Invoked command in '/home/batch9/ros2_ws/build/rplidar_ros' returned '0': CMAKE_PREFIX_PATH=${CMAKE_PREFIX_PATH}:/opt/ros/jazzy DEBUGINFOD_URLS=https://debuginfod.ubuntu.com /usr/bin/cmake --install /home/batch9/ros2_ws/build/rplidar_ros
[1.772s] Level 1:colcon.colcon_core.environment:checking '/home/batch9/ros2_ws/install/rplidar_ros' for CMake config files
[1.777s] Level 1:colcon.colcon_core.shell:create_environment_hook('rplidar_ros', 'cmake_prefix_path')
[1.777s] INFO:colcon.colcon_core.shell:Creating environment hook '/home/batch9/ros2_ws/install/rplidar_ros/share/rplidar_ros/hook/cmake_prefix_path.ps1'
[1.778s] INFO:colcon.colcon_core.shell:Creating environment descriptor '/home/batch9/ros2_ws/install/rplidar_ros/share/rplidar_ros/hook/cmake_prefix_path.dsv'
[1.779s] INFO:colcon.colcon_core.shell:Creating environment hook '/home/batch9/ros2_ws/install/rplidar_ros/share/rplidar_ros/hook/cmake_prefix_path.sh'
[1.782s] Level 1:colcon.colcon_core.environment:checking '/home/batch9/ros2_ws/install/rplidar_ros/lib'
[1.783s] Level 1:colcon.colcon_core.environment:checking '/home/batch9/ros2_ws/install/rplidar_ros/bin'
[1.783s] Level 1:colcon.colcon_core.environment:checking '/home/batch9/ros2_ws/install/rplidar_ros/lib/pkgconfig/rplidar_ros.pc'
[1.783s] Level 1:colcon.colcon_core.environment:checking '/home/batch9/ros2_ws/install/rplidar_ros/lib/python3.12/site-packages'
[1.784s] Level 1:colcon.colcon_core.environment:checking '/home/batch9/ros2_ws/install/rplidar_ros/bin'
[1.785s] INFO:colcon.colcon_core.shell:Creating package script '/home/batch9/ros2_ws/install/rplidar_ros/share/rplidar_ros/package.ps1'
[1.786s] INFO:colcon.colcon_core.shell:Creating package descriptor '/home/batch9/ros2_ws/install/rplidar_ros/share/rplidar_ros/package.dsv'
[1.786s] INFO:colcon.colcon_core.shell:Creating package script '/home/batch9/ros2_ws/install/rplidar_ros/share/rplidar_ros/package.sh'
[1.787s] INFO:colcon.colcon_core.shell:Creating package script '/home/batch9/ros2_ws/install/rplidar_ros/share/rplidar_ros/package.bash'
[1.788s] INFO:colcon.colcon_core.shell:Creating package script '/home/batch9/ros2_ws/install/rplidar_ros/share/rplidar_ros/package.zsh'
[1.789s] Level 1:colcon.colcon_core.environment:create_file_with_runtime_dependencies(/home/batch9/ros2_ws/install/rplidar_ros/share/colcon-core/packages/rplidar_ros)
[1.790s] Level 1:colcon.colcon_core.environment:create_environment_scripts_only(rplidar_ros)
[1.790s] Level 1:colcon.colcon_core.environment:checking '/home/batch9/ros2_ws/install/rplidar_ros' for CMake module files
[1.791s] Level 1:colcon.colcon_core.environment:checking '/home/batch9/ros2_ws/install/rplidar_ros' for CMake config files
[1.792s] Level 1:colcon.colcon_core.shell:create_environment_hook('rplidar_ros', 'cmake_prefix_path')
[1.792s] INFO:colcon.colcon_core.shell:Creating environment hook '/home/batch9/ros2_ws/install/rplidar_ros/share/rplidar_ros/hook/cmake_prefix_path.ps1'
[1.792s] INFO:colcon.colcon_core.shell:Creating environment descriptor '/home/batch9/ros2_ws/install/rplidar_ros/share/rplidar_ros/hook/cmake_prefix_path.dsv'
[1.793s] INFO:colcon.colcon_core.shell:Creating environment hook '/home/batch9/ros2_ws/install/rplidar_ros/share/rplidar_ros/hook/cmake_prefix_path.sh'
[1.794s] Level 1:colcon.colcon_core.environment:checking '/home/batch9/ros2_ws/install/rplidar_ros/lib'
[1.794s] Level 1:colcon.colcon_core.environment:checking '/home/batch9/ros2_ws/install/rplidar_ros/bin'
[1.794s] Level 1:colcon.colcon_core.environment:checking '/home/batch9/ros2_ws/install/rplidar_ros/lib/pkgconfig/rplidar_ros.pc'
[1.794s] Level 1:colcon.colcon_core.environment:checking '/home/batch9/ros2_ws/install/rplidar_ros/lib/python3.12/site-packages'
[1.794s] Level 1:colcon.colcon_core.environment:checking '/home/batch9/ros2_ws/install/rplidar_ros/bin'
[1.795s] INFO:colcon.colcon_core.shell:Creating package script '/home/batch9/ros2_ws/install/rplidar_ros/share/rplidar_ros/package.ps1'
[1.796s] INFO:colcon.colcon_core.shell:Creating package descriptor '/home/batch9/ros2_ws/install/rplidar_ros/share/rplidar_ros/package.dsv'
[1.797s] INFO:colcon.colcon_core.shell:Creating package script '/home/batch9/ros2_ws/install/rplidar_ros/share/rplidar_ros/package.sh'
[1.797s] INFO:colcon.colcon_core.shell:Creating package script '/home/batch9/ros2_ws/install/rplidar_ros/share/rplidar_ros/package.bash'
[1.798s] INFO:colcon.colcon_core.shell:Creating package script '/home/batch9/ros2_ws/install/rplidar_ros/share/rplidar_ros/package.zsh'
[1.798s] Level 1:colcon.colcon_core.environment:create_file_with_runtime_dependencies(/home/batch9/ros2_ws/install/rplidar_ros/share/colcon-core/packages/rplidar_ros)
[2.605s] DEBUG:colcon.colcon_core.event_handler.log_command:Invoking command in '/home/batch9/ros2_ws/src/lidar_obstacle': DEBUGINFOD_URLS=https://debuginfod.ubuntu.com PYTHONPATH=/home/batch9/ros2_ws/build/lidar_obstacle/prefix_override:/usr/lib/python3/dist-packages/colcon_core/task/python/colcon_distutils_commands:/home/batch9/ros2_ws/install/lidar_obstacle/lib/python3.12/site-packages:${PYTHONPATH} /usr/bin/python3 -W ignore:setup.py install is deprecated -W ignore:easy_install command is deprecated setup.py egg_info --egg-base ../../build/lidar_obstacle build --build-base /home/batch9/ros2_ws/build/lidar_obstacle/build install --record /home/batch9/ros2_ws/build/lidar_obstacle/install.log --single-version-externally-managed install_data
[3.420s] Level 1:colcon.colcon_core.environment:checking '/home/batch9/ros2_ws/install/lidar_obstacle' for CMake module files
[3.420s] DEBUG:colcon.colcon_core.event_handler.log_command:Invoked command in '/home/batch9/ros2_ws/src/lidar_obstacle' returned '0': DEBUGINFOD_URLS=https://debuginfod.ubuntu.com PYTHONPATH=/home/batch9/ros2_ws/build/lidar_obstacle/prefix_override:/usr/lib/python3/dist-packages/colcon_core/task/python/colcon_distutils_commands:/home/batch9/ros2_ws/install/lidar_obstacle/lib/python3.12/site-packages:${PYTHONPATH} /usr/bin/python3 -W ignore:setup.py install is deprecated -W ignore:easy_install command is deprecated setup.py egg_info --egg-base ../../build/lidar_obstacle build --build-base /home/batch9/ros2_ws/build/lidar_obstacle/build install --record /home/batch9/ros2_ws/build/lidar_obstacle/install.log --single-version-externally-managed install_data
[3.421s] Level 1:colcon.colcon_core.environment:checking '/home/batch9/ros2_ws/install/lidar_obstacle' for CMake config files
[3.422s] Level 1:colcon.colcon_core.environment:checking '/home/batch9/ros2_ws/install/lidar_obstacle/lib'
[3.423s] Level 1:colcon.colcon_core.environment:checking '/home/batch9/ros2_ws/install/lidar_obstacle/bin'
[3.423s] Level 1:colcon.colcon_core.environment:checking '/home/batch9/ros2_ws/install/lidar_obstacle/lib/pkgconfig/lidar_obstacle.pc'
[3.423s] Level 1:colcon.colcon_core.environment:checking '/home/batch9/ros2_ws/install/lidar_obstacle/lib/python3.12/site-packages'
[3.423s] Level 1:colcon.colcon_core.shell:create_environment_hook('lidar_obstacle', 'pythonpath')
[3.423s] INFO:colcon.colcon_core.shell:Creating environment hook '/home/batch9/ros2_ws/install/lidar_obstacle/share/lidar_obstacle/hook/pythonpath.ps1'
[3.424s] INFO:colcon.colcon_core.shell:Creating environment descriptor '/home/batch9/ros2_ws/install/lidar_obstacle/share/lidar_obstacle/hook/pythonpath.dsv'
[3.424s] INFO:colcon.colcon_core.shell:Creating environment hook '/home/batch9/ros2_ws/install/lidar_obstacle/share/lidar_obstacle/hook/pythonpath.sh'
[3.425s] Level 1:colcon.colcon_core.environment:checking '/home/batch9/ros2_ws/install/lidar_obstacle/bin'
[3.425s] Level 1:colcon.colcon_core.environment:create_environment_scripts_only(lidar_obstacle)
[3.426s] INFO:colcon.colcon_core.shell:Creating package script '/home/batch9/ros2_ws/install/lidar_obstacle/share/lidar_obstacle/package.ps1'
[3.426s] INFO:colcon.colcon_core.shell:Creating package descriptor '/home/batch9/ros2_ws/install/lidar_obstacle/share/lidar_obstacle/package.dsv'
[3.427s] INFO:colcon.colcon_core.shell:Creating package script '/home/batch9/ros2_ws/install/lidar_obstacle/share/lidar_obstacle/package.sh'
[3.427s] INFO:colcon.colcon_core.shell:Creating package script '/home/batch9/ros2_ws/install/lidar_obstacle/share/lidar_obstacle/package.bash'
[3.428s] INFO:colcon.colcon_core.shell:Creating package script '/home/batch9/ros2_ws/install/lidar_obstacle/share/lidar_obstacle/package.zsh'
[3.428s] Level 1:colcon.colcon_core.environment:create_file_with_runtime_dependencies(/home/batch9/ros2_ws/install/lidar_obstacle/share/colcon-core/packages/lidar_obstacle)
[3.429s] DEBUG:colcon.colcon_parallel_executor.executor.parallel:closing loop
[3.429s] DEBUG:colcon.colcon_parallel_executor.executor.parallel:loop closed
[3.429s] DEBUG:colcon.colcon_parallel_executor.executor.parallel:run_until_complete finished with '0'
[3.429s] DEBUG:colcon.colcon_core.event_reactor:joining thread
[3.449s] INFO:colcon.colcon_core.plugin_system:Skipping extension 'colcon_notification.desktop_notification.terminal_notifier': Not used on non-Darwin systems
[3.449s] INFO:colcon.colcon_core.plugin_system:Skipping extension 'colcon_notification.desktop_notification.win32': Not used on non-Windows systems
[3.449s] INFO:colcon.colcon_notification.desktop_notification:Sending desktop notification using 'notify2'
[3.499s] DEBUG:colcon.colcon_core.event_reactor:joined thread
[3.499s] INFO:colcon.colcon_core.shell:Creating prefix script '/home/batch9/ros2_ws/install/local_setup.ps1'
[3.501s] INFO:colcon.colcon_core.shell:Creating prefix util module '/home/batch9/ros2_ws/install/_local_setup_util_ps1.py'
[3.509s] INFO:colcon.colcon_core.shell:Creating prefix chain script '/home/batch9/ros2_ws/install/setup.ps1'
[3.511s] INFO:colcon.colcon_core.shell:Creating prefix script '/home/batch9/ros2_ws/install/local_setup.sh'
[3.513s] INFO:colcon.colcon_core.shell:Creating prefix util module '/home/batch9/ros2_ws/install/_local_setup_util_sh.py'
[3.514s] INFO:colcon.colcon_core.shell:Creating prefix chain script '/home/batch9/ros2_ws/install/setup.sh'
[3.516s] INFO:colcon.colcon_core.shell:Creating prefix script '/home/batch9/ros2_ws/install/local_setup.bash'
[3.518s] INFO:colcon.colcon_core.shell:Creating prefix chain script '/home/batch9/ros2_ws/install/setup.bash'
[3.519s] INFO:colcon.colcon_core.shell:Creating prefix script '/home/batch9/ros2_ws/install/local_setup.zsh'
[3.521s] INFO:colcon.colcon_core.shell:Creating prefix chain script '/home/batch9/ros2_ws/install/setup.zsh'
