[4.565s] Invoking command in '/home/batch9/ros2_ws/src/motor_node': DEBUGINFOD_URLS=https://debuginfod.ubuntu.com PYTHONPATH=/home/batch9/ros2_ws/build/motor_node/prefix_override:/usr/lib/python3/dist-packages/colcon_core/task/python/colcon_distutils_commands:/home/batch9/ros2_ws/install/motor_node/lib/python3.12/site-packages:${PYTHONPATH} /usr/bin/python3 -W ignore:setup.py install is deprecated -W ignore:easy_install command is deprecated setup.py egg_info --egg-base ../../build/motor_node build --build-base /home/batch9/ros2_ws/build/motor_node/build install --record /home/batch9/ros2_ws/build/motor_node/install.log --single-version-externally-managed install_data
[5.460s] running egg_info
[5.502s] writing ../../build/motor_node/motor_node.egg-info/PKG-INFO
[5.502s] writing dependency_links to ../../build/motor_node/motor_node.egg-info/dependency_links.txt
[5.508s] writing entry points to ../../build/motor_node/motor_node.egg-info/entry_points.txt
[5.511s] writing requirements to ../../build/motor_node/motor_node.egg-info/requires.txt
[5.511s] writing top-level names to ../../build/motor_node/motor_node.egg-info/top_level.txt
[5.627s] reading manifest file '../../build/motor_node/motor_node.egg-info/SOURCES.txt'
[5.629s] writing manifest file '../../build/motor_node/motor_node.egg-info/SOURCES.txt'
[5.629s] running build
[5.630s] running build_py
[5.631s] running install
[5.645s] running install_lib
[5.675s] running install_data
[5.675s] running install_egg_info
[5.723s] removing '/home/batch9/ros2_ws/install/motor_node/lib/python3.12/site-packages/motor_node-0.0.0-py3.12.egg-info' (and everything under it)
[5.724s] Copying ../../build/motor_node/motor_node.egg-info to /home/batch9/ros2_ws/install/motor_node/lib/python3.12/site-packages/motor_node-0.0.0-py3.12.egg-info
[5.725s] running install_scripts
[6.189s] Installing motor_sub script to /home/batch9/ros2_ws/install/motor_node/lib/motor_node
[6.190s] writing list of installed files to '/home/batch9/ros2_ws/build/motor_node/install.log'
[6.557s] Invoked command in '/home/batch9/ros2_ws/src/motor_node' returned '0': DEBUGINFOD_URLS=https://debuginfod.ubuntu.com PYTHONPATH=/home/batch9/ros2_ws/build/motor_node/prefix_override:/usr/lib/python3/dist-packages/colcon_core/task/python/colcon_distutils_commands:/home/batch9/ros2_ws/install/motor_node/lib/python3.12/site-packages:${PYTHONPATH} /usr/bin/python3 -W ignore:setup.py install is deprecated -W ignore:easy_install command is deprecated setup.py egg_info --egg-base ../../build/motor_node build --build-base /home/batch9/ros2_ws/build/motor_node/build install --record /home/batch9/ros2_ws/build/motor_node/install.log --single-version-externally-managed install_data
