[0.407s] Invoking command in '/home/batch9/ros2_ws/build/sllidar_ros2': CMAKE_PREFIX_PATH=${CMAKE_PREFIX_PATH}:/opt/ros/jazzy DEBUGINFOD_URLS=https://debuginfod.ubuntu.com /usr/bin/cmake --build /home/batch9/ros2_ws/build/sllidar_ros2 -- -j4 -l4
[0.873s] [ 10%] Built target sllidar_client
[0.883s] [100%] Built target sllidar_node
[0.942s] Invoked command in '/home/batch9/ros2_ws/build/sllidar_ros2' returned '0': CMAKE_PREFIX_PATH=${CMAKE_PREFIX_PATH}:/opt/ros/jazzy DEBUGINFOD_URLS=https://debuginfod.ubuntu.com /usr/bin/cmake --build /home/batch9/ros2_ws/build/sllidar_ros2 -- -j4 -l4
[0.947s] Invoking command in '/home/batch9/ros2_ws/build/sllidar_ros2': CMAKE_PREFIX_PATH=${CMAKE_PREFIX_PATH}:/opt/ros/jazzy DEBUGINFOD_URLS=https://debuginfod.ubuntu.com /usr/bin/cmake --install /home/batch9/ros2_ws/build/sllidar_ros2
[0.970s] -- Install configuration: ""
[0.972s] -- Execute custom install script
[0.977s] -- Up-to-date symlink: /home/batch9/ros2_ws/install/sllidar_ros2/share/sllidar_ros2/launch/sllidar_a1_launch.py
[0.979s] -- Up-to-date symlink: /home/batch9/ros2_ws/install/sllidar_ros2/share/sllidar_ros2/launch/sllidar_a2m12_launch .py
[0.980s] -- Up-to-date symlink: /home/batch9/ros2_ws/install/sllidar_ros2/share/sllidar_ros2/launch/sllidar_a2m7_launch.py
[0.981s] -- Up-to-date symlink: /home/batch9/ros2_ws/install/sllidar_ros2/share/sllidar_ros2/launch/sllidar_a2m8_launch.py
[0.983s] -- Up-to-date symlink: /home/batch9/ros2_ws/install/sllidar_ros2/share/sllidar_ros2/launch/sllidar_a3_launch.py
[0.984s] -- Up-to-date symlink: /home/batch9/ros2_ws/install/sllidar_ros2/share/sllidar_ros2/launch/sllidar_c1_launch.py
[0.985s] -- Up-to-date symlink: /home/batch9/ros2_ws/install/sllidar_ros2/share/sllidar_ros2/launch/sllidar_s1_launch.py
[0.986s] -- Up-to-date symlink: /home/batch9/ros2_ws/install/sllidar_ros2/share/sllidar_ros2/launch/sllidar_s1_tcp_launch.py
[0.988s] -- Up-to-date symlink: /home/batch9/ros2_ws/install/sllidar_ros2/share/sllidar_ros2/launch/sllidar_s2_launch.py
[0.990s] -- Up-to-date symlink: /home/batch9/ros2_ws/install/sllidar_ros2/share/sllidar_ros2/launch/sllidar_s2e_launch.py
[0.994s] -- Up-to-date symlink: /home/batch9/ros2_ws/install/sllidar_ros2/share/sllidar_ros2/launch/sllidar_s3_launch.py
[0.997s] -- Up-to-date symlink: /home/batch9/ros2_ws/install/sllidar_ros2/share/sllidar_ros2/launch/sllidar_t1_launch.py
[0.997s] -- Up-to-date symlink: /home/batch9/ros2_ws/install/sllidar_ros2/share/sllidar_ros2/launch/view_sllidar_a1_launch.py
[0.999s] -- Up-to-date symlink: /home/batch9/ros2_ws/install/sllidar_ros2/share/sllidar_ros2/launch/view_sllidar_a2m12_launch.py
[0.999s] -- Up-to-date symlink: /home/batch9/ros2_ws/install/sllidar_ros2/share/sllidar_ros2/launch/view_sllidar_a2m7_launch.py
[0.999s] -- Up-to-date symlink: /home/batch9/ros2_ws/install/sllidar_ros2/share/sllidar_ros2/launch/view_sllidar_a2m8_launch.py
[1.000s] -- Up-to-date symlink: /home/batch9/ros2_ws/install/sllidar_ros2/share/sllidar_ros2/launch/view_sllidar_a3_launch.py
[1.001s] -- Up-to-date symlink: /home/batch9/ros2_ws/install/sllidar_ros2/share/sllidar_ros2/launch/view_sllidar_c1_launch.py
[1.002s] -- Up-to-date symlink: /home/batch9/ros2_ws/install/sllidar_ros2/share/sllidar_ros2/launch/view_sllidar_s1_launch.py
[1.002s] -- Up-to-date symlink: /home/batch9/ros2_ws/install/sllidar_ros2/share/sllidar_ros2/launch/view_sllidar_s1_tcp_launch.py
[1.003s] -- Up-to-date symlink: /home/batch9/ros2_ws/install/sllidar_ros2/share/sllidar_ros2/launch/view_sllidar_s2_launch.py
[1.005s] -- Up-to-date symlink: /home/batch9/ros2_ws/install/sllidar_ros2/share/sllidar_ros2/launch/view_sllidar_s2e_launch.py
[1.006s] -- Up-to-date symlink: /home/batch9/ros2_ws/install/sllidar_ros2/share/sllidar_ros2/launch/view_sllidar_s3_launch.py
[1.007s] -- Up-to-date symlink: /home/batch9/ros2_ws/install/sllidar_ros2/share/sllidar_ros2/launch/view_sllidar_t1_launch.py
[1.012s] -- Up-to-date symlink: /home/batch9/ros2_ws/install/sllidar_ros2/share/sllidar_ros2/rviz/sllidar_ros2.rviz
[1.012s] -- Up-to-date symlink: /home/batch9/ros2_ws/install/sllidar_ros2/lib/sllidar_ros2/sllidar_node
[1.012s] -- Up-to-date symlink: /home/batch9/ros2_ws/install/sllidar_ros2/lib/sllidar_ros2/sllidar_client
[1.013s] -- Up-to-date symlink: /home/batch9/ros2_ws/install/sllidar_ros2/share/ament_index/resource_index/package_run_dependencies/sllidar_ros2
[1.014s] -- Up-to-date symlink: /home/batch9/ros2_ws/install/sllidar_ros2/share/ament_index/resource_index/parent_prefix_path/sllidar_ros2
[1.015s] -- Up-to-date symlink: /home/batch9/ros2_ws/install/sllidar_ros2/share/sllidar_ros2/environment/ament_prefix_path.sh
[1.057s] -- Up-to-date symlink: /home/batch9/ros2_ws/install/sllidar_ros2/share/sllidar_ros2/environment/ament_prefix_path.dsv
[1.058s] -- Up-to-date symlink: /home/batch9/ros2_ws/install/sllidar_ros2/share/sllidar_ros2/environment/path.sh
[1.059s] -- Up-to-date symlink: /home/batch9/ros2_ws/install/sllidar_ros2/share/sllidar_ros2/environment/path.dsv
[1.061s] -- Up-to-date symlink: /home/batch9/ros2_ws/install/sllidar_ros2/share/sllidar_ros2/local_setup.bash
[1.061s] -- Up-to-date symlink: /home/batch9/ros2_ws/install/sllidar_ros2/share/sllidar_ros2/local_setup.sh
[1.062s] -- Up-to-date symlink: /home/batch9/ros2_ws/install/sllidar_ros2/share/sllidar_ros2/local_setup.zsh
[1.063s] -- Up-to-date symlink: /home/batch9/ros2_ws/install/sllidar_ros2/share/sllidar_ros2/local_setup.dsv
[1.063s] -- Symlinking: /home/batch9/ros2_ws/install/sllidar_ros2/share/sllidar_ros2/package.dsv
[1.103s] -- Up-to-date symlink: /home/batch9/ros2_ws/install/sllidar_ros2/share/ament_index/resource_index/packages/sllidar_ros2
[1.104s] -- Up-to-date symlink: /home/batch9/ros2_ws/install/sllidar_ros2/share/sllidar_ros2/cmake/ament_cmake_export_dependencies-extras.cmake
[1.105s] -- Up-to-date symlink: /home/batch9/ros2_ws/install/sllidar_ros2/share/sllidar_ros2/cmake/ament_cmake_export_include_directories-extras.cmake
[1.106s] -- Up-to-date symlink: /home/batch9/ros2_ws/install/sllidar_ros2/share/sllidar_ros2/cmake/sllidar_ros2Config.cmake
[1.106s] -- Up-to-date symlink: /home/batch9/ros2_ws/install/sllidar_ros2/share/sllidar_ros2/cmake/sllidar_ros2Config-version.cmake
[1.106s] -- Up-to-date symlink: /home/batch9/ros2_ws/install/sllidar_ros2/share/sllidar_ros2/package.xml
[1.119s] Invoked command in '/home/batch9/ros2_ws/build/sllidar_ros2' returned '0': CMAKE_PREFIX_PATH=${CMAKE_PREFIX_PATH}:/opt/ros/jazzy DEBUGINFOD_URLS=https://debuginfod.ubuntu.com /usr/bin/cmake --install /home/batch9/ros2_ws/build/sllidar_ros2
