[1.981s] Invoking command in '/home/batch9/ros2_ws/src/pid_control_node': DEBUGINFOD_URLS=https://debuginfod.ubuntu.com PYTHONPATH=/home/batch9/ros2_ws/build/pid_control_node/prefix_override:/usr/lib/python3/dist-packages/colcon_core/task/python/colcon_distutils_commands:/home/batch9/ros2_ws/install/pid_control_node/lib/python3.12/site-packages:${PYTHONPATH} /usr/bin/python3 -W ignore:setup.py install is deprecated -W ignore:easy_install command is deprecated setup.py egg_info --egg-base ../../build/pid_control_node build --build-base /home/batch9/ros2_ws/build/pid_control_node/build install --record /home/batch9/ros2_ws/build/pid_control_node/install.log --single-version-externally-managed install_data
[2.386s] running egg_info
[2.413s] writing ../../build/pid_control_node/pid_control_node.egg-info/PKG-INFO
[2.413s] writing dependency_links to ../../build/pid_control_node/pid_control_node.egg-info/dependency_links.txt
[2.414s] writing entry points to ../../build/pid_control_node/pid_control_node.egg-info/entry_points.txt
[2.414s] writing requirements to ../../build/pid_control_node/pid_control_node.egg-info/requires.txt
[2.415s] writing top-level names to ../../build/pid_control_node/pid_control_node.egg-info/top_level.txt
[2.470s] reading manifest file '../../build/pid_control_node/pid_control_node.egg-info/SOURCES.txt'
[2.471s] writing manifest file '../../build/pid_control_node/pid_control_node.egg-info/SOURCES.txt'
[2.471s] running build
[2.472s] running build_py
[2.472s] copying pid_control_node/without_pid.py -> /home/batch9/ros2_ws/build/pid_control_node/build/lib/pid_control_node
[2.472s] running install
[2.482s] running install_lib
[2.509s] copying /home/batch9/ros2_ws/build/pid_control_node/build/lib/pid_control_node/without_pid.py -> /home/batch9/ros2_ws/install/pid_control_node/lib/python3.12/site-packages/pid_control_node
[2.510s] byte-compiling /home/batch9/ros2_ws/install/pid_control_node/lib/python3.12/site-packages/pid_control_node/without_pid.py to without_pid.cpython-312.pyc
[2.512s] running install_data
[2.512s] running install_egg_info
[2.541s] removing '/home/batch9/ros2_ws/install/pid_control_node/lib/python3.12/site-packages/pid_control_node-0.0.0-py3.12.egg-info' (and everything under it)
[2.541s] Copying ../../build/pid_control_node/pid_control_node.egg-info to /home/batch9/ros2_ws/install/pid_control_node/lib/python3.12/site-packages/pid_control_node-0.0.0-py3.12.egg-info
[2.543s] running install_scripts
[2.735s] Installing no_pid script to /home/batch9/ros2_ws/install/pid_control_node/lib/pid_control_node
[2.735s] Installing pid_control script to /home/batch9/ros2_ws/install/pid_control_node/lib/pid_control_node
[2.736s] writing list of installed files to '/home/batch9/ros2_ws/build/pid_control_node/install.log'
[2.842s] Invoked command in '/home/batch9/ros2_ws/src/pid_control_node' returned '0': DEBUGINFOD_URLS=https://debuginfod.ubuntu.com PYTHONPATH=/home/batch9/ros2_ws/build/pid_control_node/prefix_override:/usr/lib/python3/dist-packages/colcon_core/task/python/colcon_distutils_commands:/home/batch9/ros2_ws/install/pid_control_node/lib/python3.12/site-packages:${PYTHONPATH} /usr/bin/python3 -W ignore:setup.py install is deprecated -W ignore:easy_install command is deprecated setup.py egg_info --egg-base ../../build/pid_control_node build --build-base /home/batch9/ros2_ws/build/pid_control_node/build install --record /home/batch9/ros2_ws/build/pid_control_node/install.log --single-version-externally-managed install_data
