running egg_info
writing ../../build/encoder_node/encoder_node.egg-info/PKG-INFO
writing dependency_links to ../../build/encoder_node/encoder_node.egg-info/dependency_links.txt
writing entry points to ../../build/encoder_node/encoder_node.egg-info/entry_points.txt
writing requirements to ../../build/encoder_node/encoder_node.egg-info/requires.txt
writing top-level names to ../../build/encoder_node/encoder_node.egg-info/top_level.txt
reading manifest file '../../build/encoder_node/encoder_node.egg-info/SOURCES.txt'
writing manifest file '../../build/encoder_node/encoder_node.egg-info/SOURCES.txt'
running build
running build_py
copying encoder_node/encoder_pub.py -> /home/batch9/ros2_ws/build/encoder_node/build/lib/encoder_node
running install
running install_lib
copying /home/batch9/ros2_ws/build/encoder_node/build/lib/encoder_node/encoder_pub.py -> /home/batch9/ros2_ws/install/encoder_node/lib/python3.12/site-packages/encoder_node
byte-compiling /home/batch9/ros2_ws/install/encoder_node/lib/python3.12/site-packages/encoder_node/encoder_pub.py to encoder_pub.cpython-312.pyc
Sorry: IndentationError: unexpected indent (encoder_pub.py, line 31)
running install_data
running install_egg_info
removing '/home/batch9/ros2_ws/install/encoder_node/lib/python3.12/site-packages/encoder_node-0.0.0-py3.12.egg-info' (and everything under it)
Copying ../../build/encoder_node/encoder_node.egg-info to /home/batch9/ros2_ws/install/encoder_node/lib/python3.12/site-packages/encoder_node-0.0.0-py3.12.egg-info
running install_scripts
Installing encoder_pub script to /home/batch9/ros2_ws/install/encoder_node/lib/encoder_node
writing list of installed files to '/home/batch9/ros2_ws/build/encoder_node/install.log'
