[1.229s] Invoking command in '/home/batch9/ros2_ws/src/sensor_fusion': DEBUGINFOD_URLS=https://debuginfod.ubuntu.com PYTHONPATH=/home/batch9/ros2_ws/build/sensor_fusion/prefix_override:/usr/lib/python3/dist-packages/colcon_core/task/python/colcon_distutils_commands:/home/batch9/ros2_ws/install/sensor_fusion/lib/python3.12/site-packages:${PYTHONPATH} /usr/bin/python3 -W ignore:setup.py install is deprecated -W ignore:easy_install command is deprecated setup.py egg_info --egg-base ../../build/sensor_fusion build --build-base /home/batch9/ros2_ws/build/sensor_fusion/build install --record /home/batch9/ros2_ws/build/sensor_fusion/install.log --single-version-externally-managed install_data
[1.598s] running egg_info
[1.625s] writing ../../build/sensor_fusion/sensor_fusion.egg-info/PKG-INFO
[1.625s] writing dependency_links to ../../build/sensor_fusion/sensor_fusion.egg-info/dependency_links.txt
[1.628s] writing entry points to ../../build/sensor_fusion/sensor_fusion.egg-info/entry_points.txt
[1.629s] writing requirements to ../../build/sensor_fusion/sensor_fusion.egg-info/requires.txt
[1.632s] writing top-level names to ../../build/sensor_fusion/sensor_fusion.egg-info/top_level.txt
[1.688s] reading manifest file '../../build/sensor_fusion/sensor_fusion.egg-info/SOURCES.txt'
[1.689s] writing manifest file '../../build/sensor_fusion/sensor_fusion.egg-info/SOURCES.txt'
[1.689s] running build
[1.689s] running build_py
[1.689s] copying sensor_fusion/sensor_fusion.py -> /home/batch9/ros2_ws/build/sensor_fusion/build/lib/sensor_fusion
[1.689s] running install
[1.699s] running install_lib
[1.727s] copying /home/batch9/ros2_ws/build/sensor_fusion/build/lib/sensor_fusion/sensor_fusion.py -> /home/batch9/ros2_ws/install/sensor_fusion/lib/python3.12/site-packages/sensor_fusion
[1.728s] byte-compiling /home/batch9/ros2_ws/install/sensor_fusion/lib/python3.12/site-packages/sensor_fusion/sensor_fusion.py to sensor_fusion.cpython-312.pyc
[1.728s] running install_data
[1.729s] running install_egg_info
[1.756s] removing '/home/batch9/ros2_ws/install/sensor_fusion/lib/python3.12/site-packages/sensor_fusion-0.0.0-py3.12.egg-info' (and everything under it)
[1.757s] Copying ../../build/sensor_fusion/sensor_fusion.egg-info to /home/batch9/ros2_ws/install/sensor_fusion/lib/python3.12/site-packages/sensor_fusion-0.0.0-py3.12.egg-info
[1.758s] running install_scripts
[1.943s] Installing sensor_fusion script to /home/batch9/ros2_ws/install/sensor_fusion/lib/sensor_fusion
[1.944s] writing list of installed files to '/home/batch9/ros2_ws/build/sensor_fusion/install.log'
[2.033s] Invoked command in '/home/batch9/ros2_ws/src/sensor_fusion' returned '0': DEBUGINFOD_URLS=https://debuginfod.ubuntu.com PYTHONPATH=/home/batch9/ros2_ws/build/sensor_fusion/prefix_override:/usr/lib/python3/dist-packages/colcon_core/task/python/colcon_distutils_commands:/home/batch9/ros2_ws/install/sensor_fusion/lib/python3.12/site-packages:${PYTHONPATH} /usr/bin/python3 -W ignore:setup.py install is deprecated -W ignore:easy_install command is deprecated setup.py egg_info --egg-base ../../build/sensor_fusion build --build-base /home/batch9/ros2_ws/build/sensor_fusion/build install --record /home/batch9/ros2_ws/build/sensor_fusion/install.log --single-version-externally-managed install_data
