running egg_info
creating ../../build/Q-Learning_node/Q_Learning_node.egg-info
writing ../../build/Q-Learning_node/Q_Learning_node.egg-info/PKG-INFO
writing dependency_links to ../../build/Q-Learning_node/Q_Learning_node.egg-info/dependency_links.txt
writing requirements to ../../build/Q-Learning_node/Q_Learning_node.egg-info/requires.txt
writing top-level names to ../../build/Q-Learning_node/Q_Learning_node.egg-info/top_level.txt
writing manifest file '../../build/Q-Learning_node/Q_Learning_node.egg-info/SOURCES.txt'
reading manifest file '../../build/Q-Learning_node/Q_Learning_node.egg-info/SOURCES.txt'
writing manifest file '../../build/Q-Learning_node/Q_Learning_node.egg-info/SOURCES.txt'
running build
running build_py
creating /home/batch9/ros2_ws/build/Q-Learning_node/build
creating /home/batch9/ros2_ws/build/Q-Learning_node/build/lib
creating /home/batch9/ros2_ws/build/Q-Learning_node/build/lib/Q-Learning_node
copying Q-Learning_node/Q-Learning.py -> /home/batch9/ros2_ws/build/Q-Learning_node/build/lib/Q-Learning_node
copying Q-Learning_node/__init__.py -> /home/batch9/ros2_ws/build/Q-Learning_node/build/lib/Q-Learning_node
running install
running install_lib
creating /home/batch9/ros2_ws/install/Q-Learning_node/lib/python3.12/site-packages/Q-Learning_node
copying /home/batch9/ros2_ws/build/Q-Learning_node/build/lib/Q-Learning_node/Q-Learning.py -> /home/batch9/ros2_ws/install/Q-Learning_node/lib/python3.12/site-packages/Q-Learning_node
copying /home/batch9/ros2_ws/build/Q-Learning_node/build/lib/Q-Learning_node/__init__.py -> /home/batch9/ros2_ws/install/Q-Learning_node/lib/python3.12/site-packages/Q-Learning_node
byte-compiling /home/batch9/ros2_ws/install/Q-Learning_node/lib/python3.12/site-packages/Q-Learning_node/Q-Learning.py to Q-Learning.cpython-312.pyc
byte-compiling /home/batch9/ros2_ws/install/Q-Learning_node/lib/python3.12/site-packages/Q-Learning_node/__init__.py to __init__.cpython-312.pyc
running install_data
creating /home/batch9/ros2_ws/install/Q-Learning_node/share/ament_index
creating /home/batch9/ros2_ws/install/Q-Learning_node/share/ament_index/resource_index
creating /home/batch9/ros2_ws/install/Q-Learning_node/share/ament_index/resource_index/packages
copying resource/Q-Learning_node -> /home/batch9/ros2_ws/install/Q-Learning_node/share/ament_index/resource_index/packages
copying package.xml -> /home/batch9/ros2_ws/install/Q-Learning_node/share/Q-Learning_node
running install_egg_info
Copying ../../build/Q-Learning_node/Q_Learning_node.egg-info to /home/batch9/ros2_ws/install/Q-Learning_node/lib/python3.12/site-packages/Q_Learning_node-0.0.0-py3.12.egg-info
running install_scripts
writing list of installed files to '/home/batch9/ros2_ws/build/Q-Learning_node/install.log'
