[3.246s] Invoking command in '/home/batch9/ros2_ws/src/q_learning_node': DEBUGINFOD_URLS=https://debuginfod.ubuntu.com PYTHONPATH=/home/batch9/ros2_ws/build/q_learning_node/prefix_override:/usr/lib/python3/dist-packages/colcon_core/task/python/colcon_distutils_commands:/home/batch9/ros2_ws/install/q_learning_node/lib/python3.12/site-packages:${PYTHONPATH} /usr/bin/python3 -W ignore:setup.py install is deprecated -W ignore:easy_install command is deprecated setup.py egg_info --egg-base ../../build/q_learning_node build --build-base /home/batch9/ros2_ws/build/q_learning_node/build install --record /home/batch9/ros2_ws/build/q_learning_node/install.log --single-version-externally-managed install_data
[3.961s] running egg_info
[4.008s] writing ../../build/q_learning_node/q_learning_node.egg-info/PKG-INFO
[4.010s] writing dependency_links to ../../build/q_learning_node/q_learning_node.egg-info/dependency_links.txt
[4.015s] writing entry points to ../../build/q_learning_node/q_learning_node.egg-info/entry_points.txt
[4.016s] writing requirements to ../../build/q_learning_node/q_learning_node.egg-info/requires.txt
[4.016s] writing top-level names to ../../build/q_learning_node/q_learning_node.egg-info/top_level.txt
[4.091s] reading manifest file '../../build/q_learning_node/q_learning_node.egg-info/SOURCES.txt'
[4.098s] writing manifest file '../../build/q_learning_node/q_learning_node.egg-info/SOURCES.txt'
[4.102s] running build
[4.104s] running build_py
[4.105s] copying q_learning_node/q_learning.py -> /home/batch9/ros2_ws/build/q_learning_node/build/lib/q_learning_node
[4.105s] running install
[4.121s] running install_lib
[4.163s] copying /home/batch9/ros2_ws/build/q_learning_node/build/lib/q_learning_node/q_learning.py -> /home/batch9/ros2_ws/install/q_learning_node/lib/python3.12/site-packages/q_learning_node
[4.164s] byte-compiling /home/batch9/ros2_ws/install/q_learning_node/lib/python3.12/site-packages/q_learning_node/q_learning.py to q_learning.cpython-312.pyc
[4.167s] running install_data
[4.167s] running install_egg_info
[4.222s] removing '/home/batch9/ros2_ws/install/q_learning_node/lib/python3.12/site-packages/q_learning_node-0.0.0-py3.12.egg-info' (and everything under it)
[4.223s] Copying ../../build/q_learning_node/q_learning_node.egg-info to /home/batch9/ros2_ws/install/q_learning_node/lib/python3.12/site-packages/q_learning_node-0.0.0-py3.12.egg-info
[4.224s] running install_scripts
[4.531s] Installing q_learning script to /home/batch9/ros2_ws/install/q_learning_node/lib/q_learning_node
[4.532s] writing list of installed files to '/home/batch9/ros2_ws/build/q_learning_node/install.log'
[4.736s] Invoked command in '/home/batch9/ros2_ws/src/q_learning_node' returned '0': DEBUGINFOD_URLS=https://debuginfod.ubuntu.com PYTHONPATH=/home/batch9/ros2_ws/build/q_learning_node/prefix_override:/usr/lib/python3/dist-packages/colcon_core/task/python/colcon_distutils_commands:/home/batch9/ros2_ws/install/q_learning_node/lib/python3.12/site-packages:${PYTHONPATH} /usr/bin/python3 -W ignore:setup.py install is deprecated -W ignore:easy_install command is deprecated setup.py egg_info --egg-base ../../build/q_learning_node build --build-base /home/batch9/ros2_ws/build/q_learning_node/build install --record /home/batch9/ros2_ws/build/q_learning_node/install.log --single-version-externally-managed install_data
