[0.713s] Invoking command in '/home/batch9/ros2_ws/build/rplidar_ros': CMAKE_PREFIX_PATH=${CMAKE_PREFIX_PATH}:/home/batch9/ros2_ws/install/rplidar_distance_angle_publisher:/home/batch9/ros2_ws/install/q_learning_node:/home/batch9/ros2_ws/install/pid_control_node:/home/batch9/ros2_ws/install/pid:/home/batch9/ros2_ws/install/motor_node:/home/batch9/ros2_ws/install/lidar_obstacle:/home/batch9/ros2_ws/install/encoder_node:/home/batch9/ros2_ws/install/Q-Learning_node:/home/batch9/install/rplidar_distance_angle_publisher:/opt/ros/jazzy DEBUGINFOD_URLS=https://debuginfod.ubuntu.com /usr/bin/cmake --build /home/batch9/ros2_ws/build/rplidar_ros -- -j4 -l4
[0.894s] [  5%] Built target rplidar_client
[0.916s] [100%] Built target rplidar_composition
[0.916s] [100%] Built target rplidar_node
[0.950s] Invoked command in '/home/batch9/ros2_ws/build/rplidar_ros' returned '0': CMAKE_PREFIX_PATH=${CMAKE_PREFIX_PATH}:/home/batch9/ros2_ws/install/rplidar_distance_angle_publisher:/home/batch9/ros2_ws/install/q_learning_node:/home/batch9/ros2_ws/install/pid_control_node:/home/batch9/ros2_ws/install/pid:/home/batch9/ros2_ws/install/motor_node:/home/batch9/ros2_ws/install/lidar_obstacle:/home/batch9/ros2_ws/install/encoder_node:/home/batch9/ros2_ws/install/Q-Learning_node:/home/batch9/install/rplidar_distance_angle_publisher:/opt/ros/jazzy DEBUGINFOD_URLS=https://debuginfod.ubuntu.com /usr/bin/cmake --build /home/batch9/ros2_ws/build/rplidar_ros -- -j4 -l4
[0.972s] Invoking command in '/home/batch9/ros2_ws/build/rplidar_ros': CMAKE_PREFIX_PATH=${CMAKE_PREFIX_PATH}:/home/batch9/ros2_ws/install/rplidar_distance_angle_publisher:/home/batch9/ros2_ws/install/q_learning_node:/home/batch9/ros2_ws/install/pid_control_node:/home/batch9/ros2_ws/install/pid:/home/batch9/ros2_ws/install/motor_node:/home/batch9/ros2_ws/install/lidar_obstacle:/home/batch9/ros2_ws/install/encoder_node:/home/batch9/ros2_ws/install/Q-Learning_node:/home/batch9/install/rplidar_distance_angle_publisher:/opt/ros/jazzy DEBUGINFOD_URLS=https://debuginfod.ubuntu.com /usr/bin/cmake --install /home/batch9/ros2_ws/build/rplidar_ros
[0.994s] -- Install configuration: ""
[0.997s] -- Execute custom install script
[0.997s] -- Up-to-date symlink: /home/batch9/ros2_ws/install/rplidar_ros/share/rplidar_ros/launch/rplidar_a1_launch.py
[0.998s] -- Up-to-date symlink: /home/batch9/ros2_ws/install/rplidar_ros/share/rplidar_ros/launch/rplidar_a2m12_launch.py
[0.998s] -- Up-to-date symlink: /home/batch9/ros2_ws/install/rplidar_ros/share/rplidar_ros/launch/rplidar_a2m7_launch.py
[0.999s] -- Up-to-date symlink: /home/batch9/ros2_ws/install/rplidar_ros/share/rplidar_ros/launch/rplidar_a2m8_launch.py
[0.999s] -- Up-to-date symlink: /home/batch9/ros2_ws/install/rplidar_ros/share/rplidar_ros/launch/rplidar_a3_launch.py
[1.001s] -- Up-to-date symlink: /home/batch9/ros2_ws/install/rplidar_ros/share/rplidar_ros/launch/rplidar_c1_launch.py
[1.001s] -- Up-to-date symlink: /home/batch9/ros2_ws/install/rplidar_ros/share/rplidar_ros/launch/rplidar_s1_launch.py
[1.001s] -- Up-to-date symlink: /home/batch9/ros2_ws/install/rplidar_ros/share/rplidar_ros/launch/rplidar_s1_tcp_launch.py
[1.001s] -- Up-to-date symlink: /home/batch9/ros2_ws/install/rplidar_ros/share/rplidar_ros/launch/rplidar_s2_launch.py
[1.002s] -- Up-to-date symlink: /home/batch9/ros2_ws/install/rplidar_ros/share/rplidar_ros/launch/rplidar_s2e_launch.py
[1.002s] -- Up-to-date symlink: /home/batch9/ros2_ws/install/rplidar_ros/share/rplidar_ros/launch/rplidar_s3_launch.py
[1.002s] -- Up-to-date symlink: /home/batch9/ros2_ws/install/rplidar_ros/share/rplidar_ros/launch/rplidar_t1_launch.py
[1.002s] -- Up-to-date symlink: /home/batch9/ros2_ws/install/rplidar_ros/share/rplidar_ros/launch/view_rplidar_a1_launch.py
[1.003s] -- Up-to-date symlink: /home/batch9/ros2_ws/install/rplidar_ros/share/rplidar_ros/launch/view_rplidar_a2m12_launch.py
[1.003s] -- Up-to-date symlink: /home/batch9/ros2_ws/install/rplidar_ros/share/rplidar_ros/launch/view_rplidar_a2m7_launch.py
[1.004s] -- Up-to-date symlink: /home/batch9/ros2_ws/install/rplidar_ros/share/rplidar_ros/launch/view_rplidar_a2m8_launch.py
[1.004s] -- Up-to-date symlink: /home/batch9/ros2_ws/install/rplidar_ros/share/rplidar_ros/launch/view_rplidar_a3_launch.py
[1.004s] -- Up-to-date symlink: /home/batch9/ros2_ws/install/rplidar_ros/share/rplidar_ros/launch/view_rplidar_c1_launch.py
[1.004s] -- Up-to-date symlink: /home/batch9/ros2_ws/install/rplidar_ros/share/rplidar_ros/launch/view_rplidar_s1_launch.py
[1.005s] -- Up-to-date symlink: /home/batch9/ros2_ws/install/rplidar_ros/share/rplidar_ros/launch/view_rplidar_s1_tcp_launch.py
[1.005s] -- Up-to-date symlink: /home/batch9/ros2_ws/install/rplidar_ros/share/rplidar_ros/launch/view_rplidar_s2_launch.py
[1.006s] -- Up-to-date symlink: /home/batch9/ros2_ws/install/rplidar_ros/share/rplidar_ros/launch/view_rplidar_s2e_launch.py
[1.008s] -- Up-to-date symlink: /home/batch9/ros2_ws/install/rplidar_ros/share/rplidar_ros/launch/view_rplidar_s3_launch.py
[1.008s] -- Up-to-date symlink: /home/batch9/ros2_ws/install/rplidar_ros/share/rplidar_ros/launch/view_rplidar_t1_launch.py
[1.008s] -- Up-to-date symlink: /home/batch9/ros2_ws/install/rplidar_ros/share/rplidar_ros/rviz/rplidar_ros.rviz
[1.009s] -- Up-to-date symlink: /home/batch9/ros2_ws/install/rplidar_ros/lib/rplidar_ros/rplidar_node
[1.009s] -- Up-to-date symlink: /home/batch9/ros2_ws/install/rplidar_ros/lib/rplidar_ros/rplidar_composition
[1.009s] -- Up-to-date symlink: /home/batch9/ros2_ws/install/rplidar_ros/lib/rplidar_ros/rplidar_client
[1.010s] -- Up-to-date symlink: /home/batch9/ros2_ws/install/rplidar_ros/share/ament_index/resource_index/package_run_dependencies/rplidar_ros
[1.011s] -- Up-to-date symlink: /home/batch9/ros2_ws/install/rplidar_ros/share/ament_index/resource_index/parent_prefix_path/rplidar_ros
[1.013s] -- Up-to-date symlink: /home/batch9/ros2_ws/install/rplidar_ros/share/rplidar_ros/environment/ament_prefix_path.sh
[1.013s] -- Up-to-date symlink: /home/batch9/ros2_ws/install/rplidar_ros/share/rplidar_ros/environment/ament_prefix_path.dsv
[1.014s] -- Up-to-date symlink: /home/batch9/ros2_ws/install/rplidar_ros/share/rplidar_ros/environment/path.sh
[1.015s] -- Up-to-date symlink: /home/batch9/ros2_ws/install/rplidar_ros/share/rplidar_ros/environment/path.dsv
[1.016s] -- Up-to-date symlink: /home/batch9/ros2_ws/install/rplidar_ros/share/rplidar_ros/local_setup.bash
[1.016s] -- Up-to-date symlink: /home/batch9/ros2_ws/install/rplidar_ros/share/rplidar_ros/local_setup.sh
[1.018s] -- Up-to-date symlink: /home/batch9/ros2_ws/install/rplidar_ros/share/rplidar_ros/local_setup.zsh
[1.018s] -- Up-to-date symlink: /home/batch9/ros2_ws/install/rplidar_ros/share/rplidar_ros/local_setup.dsv
[1.019s] -- Symlinking: /home/batch9/ros2_ws/install/rplidar_ros/share/rplidar_ros/package.dsv
[1.043s] -- Up-to-date symlink: /home/batch9/ros2_ws/install/rplidar_ros/share/ament_index/resource_index/packages/rplidar_ros
[1.043s] -- Up-to-date symlink: /home/batch9/ros2_ws/install/rplidar_ros/share/rplidar_ros/cmake/ament_cmake_export_dependencies-extras.cmake
[1.044s] -- Up-to-date symlink: /home/batch9/ros2_ws/install/rplidar_ros/share/rplidar_ros/cmake/ament_cmake_export_include_directories-extras.cmake
[1.044s] -- Up-to-date symlink: /home/batch9/ros2_ws/install/rplidar_ros/share/rplidar_ros/cmake/rplidar_rosConfig.cmake
[1.046s] -- Up-to-date symlink: /home/batch9/ros2_ws/install/rplidar_ros/share/rplidar_ros/cmake/rplidar_rosConfig-version.cmake
[1.047s] -- Up-to-date symlink: /home/batch9/ros2_ws/install/rplidar_ros/share/rplidar_ros/package.xml
[1.053s] Invoked command in '/home/batch9/ros2_ws/build/rplidar_ros' returned '0': CMAKE_PREFIX_PATH=${CMAKE_PREFIX_PATH}:/home/batch9/ros2_ws/install/rplidar_distance_angle_publisher:/home/batch9/ros2_ws/install/q_learning_node:/home/batch9/ros2_ws/install/pid_control_node:/home/batch9/ros2_ws/install/pid:/home/batch9/ros2_ws/install/motor_node:/home/batch9/ros2_ws/install/lidar_obstacle:/home/batch9/ros2_ws/install/encoder_node:/home/batch9/ros2_ws/install/Q-Learning_node:/home/batch9/install/rplidar_distance_angle_publisher:/opt/ros/jazzy DEBUGINFOD_URLS=https://debuginfod.ubuntu.com /usr/bin/cmake --install /home/batch9/ros2_ws/build/rplidar_ros
