running egg_info
creating ../../build/q_learning_node/q_learning_node.egg-info
writing ../../build/q_learning_node/q_learning_node.egg-info/PKG-INFO
writing dependency_links to ../../build/q_learning_node/q_learning_node.egg-info/dependency_links.txt
writing entry points to ../../build/q_learning_node/q_learning_node.egg-info/entry_points.txt
writing requirements to ../../build/q_learning_node/q_learning_node.egg-info/requires.txt
writing top-level names to ../../build/q_learning_node/q_learning_node.egg-info/top_level.txt
writing manifest file '../../build/q_learning_node/q_learning_node.egg-info/SOURCES.txt'
reading manifest file '../../build/q_learning_node/q_learning_node.egg-info/SOURCES.txt'
writing manifest file '../../build/q_learning_node/q_learning_node.egg-info/SOURCES.txt'
running build
running build_py
creating /home/batch9/ros2_ws/build/q_learning_node/build
creating /home/batch9/ros2_ws/build/q_learning_node/build/lib
creating /home/batch9/ros2_ws/build/q_learning_node/build/lib/q_learning_node
copying q_learning_node/__init__.py -> /home/batch9/ros2_ws/build/q_learning_node/build/lib/q_learning_node
copying q_learning_node/q_learning.py -> /home/batch9/ros2_ws/build/q_learning_node/build/lib/q_learning_node
running install
running install_lib
creating /home/batch9/ros2_ws/install/q_learning_node/lib/python3.12/site-packages/q_learning_node
copying /home/batch9/ros2_ws/build/q_learning_node/build/lib/q_learning_node/__init__.py -> /home/batch9/ros2_ws/install/q_learning_node/lib/python3.12/site-packages/q_learning_node
copying /home/batch9/ros2_ws/build/q_learning_node/build/lib/q_learning_node/q_learning.py -> /home/batch9/ros2_ws/install/q_learning_node/lib/python3.12/site-packages/q_learning_node
byte-compiling /home/batch9/ros2_ws/install/q_learning_node/lib/python3.12/site-packages/q_learning_node/__init__.py to __init__.cpython-312.pyc
byte-compiling /home/batch9/ros2_ws/install/q_learning_node/lib/python3.12/site-packages/q_learning_node/q_learning.py to q_learning.cpython-312.pyc
running install_data
creating /home/batch9/ros2_ws/install/q_learning_node/share/ament_index
creating /home/batch9/ros2_ws/install/q_learning_node/share/ament_index/resource_index
creating /home/batch9/ros2_ws/install/q_learning_node/share/ament_index/resource_index/packages
error: can't copy 'resource/q_learning_node': doesn't exist or not a regular file
