[1.680s] Invoking command in '/home/batch9/ros2_ws/src/q_learning_node': DEBUGINFOD_URLS=https://debuginfod.ubuntu.com PYTHONPATH=/home/batch9/ros2_ws/build/q_learning_node/prefix_override:/usr/lib/python3/dist-packages/colcon_core/task/python/colcon_distutils_commands:/home/batch9/ros2_ws/install/q_learning_node/lib/python3.12/site-packages:${PYTHONPATH} /usr/bin/python3 -W ignore:setup.py install is deprecated -W ignore:easy_install command is deprecated setup.py egg_info --egg-base ../../build/q_learning_node build --build-base /home/batch9/ros2_ws/build/q_learning_node/build install --record /home/batch9/ros2_ws/build/q_learning_node/install.log --single-version-externally-managed install_data
[2.076s] running egg_info
[2.077s] creating ../../build/q_learning_node/q_learning_node.egg-info
[2.106s] writing ../../build/q_learning_node/q_learning_node.egg-info/PKG-INFO
[2.106s] writing dependency_links to ../../build/q_learning_node/q_learning_node.egg-info/dependency_links.txt
[2.107s] writing entry points to ../../build/q_learning_node/q_learning_node.egg-info/entry_points.txt
[2.107s] writing requirements to ../../build/q_learning_node/q_learning_node.egg-info/requires.txt
[2.107s] writing top-level names to ../../build/q_learning_node/q_learning_node.egg-info/top_level.txt
[2.107s] writing manifest file '../../build/q_learning_node/q_learning_node.egg-info/SOURCES.txt'
[2.173s] reading manifest file '../../build/q_learning_node/q_learning_node.egg-info/SOURCES.txt'
[2.174s] writing manifest file '../../build/q_learning_node/q_learning_node.egg-info/SOURCES.txt'
[2.174s] running build
[2.174s] running build_py
[2.174s] creating /home/batch9/ros2_ws/build/q_learning_node/build
[2.174s] creating /home/batch9/ros2_ws/build/q_learning_node/build/lib
[2.174s] creating /home/batch9/ros2_ws/build/q_learning_node/build/lib/q_learning_node
[2.174s] copying q_learning_node/__init__.py -> /home/batch9/ros2_ws/build/q_learning_node/build/lib/q_learning_node
[2.175s] copying q_learning_node/q_learning.py -> /home/batch9/ros2_ws/build/q_learning_node/build/lib/q_learning_node
[2.175s] running install
[2.185s] running install_lib
[2.211s] creating /home/batch9/ros2_ws/install/q_learning_node/lib/python3.12/site-packages/q_learning_node
[2.211s] copying /home/batch9/ros2_ws/build/q_learning_node/build/lib/q_learning_node/__init__.py -> /home/batch9/ros2_ws/install/q_learning_node/lib/python3.12/site-packages/q_learning_node
[2.212s] copying /home/batch9/ros2_ws/build/q_learning_node/build/lib/q_learning_node/q_learning.py -> /home/batch9/ros2_ws/install/q_learning_node/lib/python3.12/site-packages/q_learning_node
[2.212s] byte-compiling /home/batch9/ros2_ws/install/q_learning_node/lib/python3.12/site-packages/q_learning_node/__init__.py to __init__.cpython-312.pyc
[2.213s] byte-compiling /home/batch9/ros2_ws/install/q_learning_node/lib/python3.12/site-packages/q_learning_node/q_learning.py to q_learning.cpython-312.pyc
[2.214s] running install_data
[2.214s] creating /home/batch9/ros2_ws/install/q_learning_node/share/ament_index
[2.214s] creating /home/batch9/ros2_ws/install/q_learning_node/share/ament_index/resource_index
[2.214s] creating /home/batch9/ros2_ws/install/q_learning_node/share/ament_index/resource_index/packages
[2.214s] error: can't copy 'resource/q_learning_node': doesn't exist or not a regular file
[2.277s] Invoked command in '/home/batch9/ros2_ws/src/q_learning_node' returned '1': DEBUGINFOD_URLS=https://debuginfod.ubuntu.com PYTHONPATH=/home/batch9/ros2_ws/build/q_learning_node/prefix_override:/usr/lib/python3/dist-packages/colcon_core/task/python/colcon_distutils_commands:/home/batch9/ros2_ws/install/q_learning_node/lib/python3.12/site-packages:${PYTHONPATH} /usr/bin/python3 -W ignore:setup.py install is deprecated -W ignore:easy_install command is deprecated setup.py egg_info --egg-base ../../build/q_learning_node build --build-base /home/batch9/ros2_ws/build/q_learning_node/build install --record /home/batch9/ros2_ws/build/q_learning_node/install.log --single-version-externally-managed install_data
