[2.699s] Invoking command in '/home/batch9/ros2_ws/src/motor_node': DEBUGINFOD_URLS=https://debuginfod.ubuntu.com PYTHONPATH=/home/batch9/ros2_ws/build/motor_node/prefix_override:/usr/lib/python3/dist-packages/colcon_core/task/python/colcon_distutils_commands:/home/batch9/ros2_ws/install/motor_node/lib/python3.12/site-packages:${PYTHONPATH} /usr/bin/python3 -W ignore:setup.py install is deprecated -W ignore:easy_install command is deprecated setup.py egg_info --egg-base ../../build/motor_node build --build-base /home/batch9/ros2_ws/build/motor_node/build install --record /home/batch9/ros2_ws/build/motor_node/install.log --single-version-externally-managed install_data
[3.209s] running egg_info
[3.245s] writing ../../build/motor_node/motor_node.egg-info/PKG-INFO
[3.245s] writing dependency_links to ../../build/motor_node/motor_node.egg-info/dependency_links.txt
[3.246s] writing entry points to ../../build/motor_node/motor_node.egg-info/entry_points.txt
[3.247s] writing requirements to ../../build/motor_node/motor_node.egg-info/requires.txt
[3.247s] writing top-level names to ../../build/motor_node/motor_node.egg-info/top_level.txt
[3.315s] reading manifest file '../../build/motor_node/motor_node.egg-info/SOURCES.txt'
[3.316s] writing manifest file '../../build/motor_node/motor_node.egg-info/SOURCES.txt'
[3.316s] running build
[3.316s] running build_py
[3.317s] running install
[3.327s] running install_lib
[3.361s] running install_data
[3.361s] running install_egg_info
[3.395s] removing '/home/batch9/ros2_ws/install/motor_node/lib/python3.12/site-packages/motor_node-0.0.0-py3.12.egg-info' (and everything under it)
[3.400s] Copying ../../build/motor_node/motor_node.egg-info to /home/batch9/ros2_ws/install/motor_node/lib/python3.12/site-packages/motor_node-0.0.0-py3.12.egg-info
[3.402s] running install_scripts
[3.690s] Installing motor_sub script to /home/batch9/ros2_ws/install/motor_node/lib/motor_node
[3.690s] writing list of installed files to '/home/batch9/ros2_ws/build/motor_node/install.log'
[4.182s] Invoked command in '/home/batch9/ros2_ws/src/motor_node' returned '0': DEBUGINFOD_URLS=https://debuginfod.ubuntu.com PYTHONPATH=/home/batch9/ros2_ws/build/motor_node/prefix_override:/usr/lib/python3/dist-packages/colcon_core/task/python/colcon_distutils_commands:/home/batch9/ros2_ws/install/motor_node/lib/python3.12/site-packages:${PYTHONPATH} /usr/bin/python3 -W ignore:setup.py install is deprecated -W ignore:easy_install command is deprecated setup.py egg_info --egg-base ../../build/motor_node build --build-base /home/batch9/ros2_ws/build/motor_node/build install --record /home/batch9/ros2_ws/build/motor_node/install.log --single-version-externally-managed install_data
