[1.489s] Invoking command in '/home/batch9/ros2_ws/src/pid_control_node': DEBUGINFOD_URLS=https://debuginfod.ubuntu.com PYTHONPATH=/home/batch9/ros2_ws/build/pid_control_node/prefix_override:/usr/lib/python3/dist-packages/colcon_core/task/python/colcon_distutils_commands:/home/batch9/ros2_ws/install/pid_control_node/lib/python3.12/site-packages:${PYTHONPATH} /usr/bin/python3 -W ignore:setup.py install is deprecated -W ignore:easy_install command is deprecated setup.py egg_info --egg-base ../../build/pid_control_node build --build-base /home/batch9/ros2_ws/build/pid_control_node/build install --record /home/batch9/ros2_ws/build/pid_control_node/install.log --single-version-externally-managed install_data
[1.867s] running egg_info
[1.897s] writing ../../build/pid_control_node/pid_control_node.egg-info/PKG-INFO
[1.897s] writing dependency_links to ../../build/pid_control_node/pid_control_node.egg-info/dependency_links.txt
[1.901s] writing entry points to ../../build/pid_control_node/pid_control_node.egg-info/entry_points.txt
[1.901s] writing requirements to ../../build/pid_control_node/pid_control_node.egg-info/requires.txt
[1.901s] writing top-level names to ../../build/pid_control_node/pid_control_node.egg-info/top_level.txt
[1.957s] reading manifest file '../../build/pid_control_node/pid_control_node.egg-info/SOURCES.txt'
[1.958s] writing manifest file '../../build/pid_control_node/pid_control_node.egg-info/SOURCES.txt'
[1.958s] running build
[1.958s] running build_py
[1.958s] copying pid_control_node/pid_control.py -> /home/batch9/ros2_ws/build/pid_control_node/build/lib/pid_control_node
[1.958s] running install
[1.968s] running install_lib
[1.998s] copying /home/batch9/ros2_ws/build/pid_control_node/build/lib/pid_control_node/pid_control.py -> /home/batch9/ros2_ws/install/pid_control_node/lib/python3.12/site-packages/pid_control_node
[1.998s] byte-compiling /home/batch9/ros2_ws/install/pid_control_node/lib/python3.12/site-packages/pid_control_node/pid_control.py to pid_control.cpython-312.pyc
[2.000s] running install_data
[2.001s] running install_egg_info
[2.029s] removing '/home/batch9/ros2_ws/install/pid_control_node/lib/python3.12/site-packages/pid_control_node-0.0.0-py3.12.egg-info' (and everything under it)
[2.030s] Copying ../../build/pid_control_node/pid_control_node.egg-info to /home/batch9/ros2_ws/install/pid_control_node/lib/python3.12/site-packages/pid_control_node-0.0.0-py3.12.egg-info
[2.031s] running install_scripts
[2.221s] Installing pid_control script to /home/batch9/ros2_ws/install/pid_control_node/lib/pid_control_node
[2.221s] writing list of installed files to '/home/batch9/ros2_ws/build/pid_control_node/install.log'
[2.309s] Invoked command in '/home/batch9/ros2_ws/src/pid_control_node' returned '0': DEBUGINFOD_URLS=https://debuginfod.ubuntu.com PYTHONPATH=/home/batch9/ros2_ws/build/pid_control_node/prefix_override:/usr/lib/python3/dist-packages/colcon_core/task/python/colcon_distutils_commands:/home/batch9/ros2_ws/install/pid_control_node/lib/python3.12/site-packages:${PYTHONPATH} /usr/bin/python3 -W ignore:setup.py install is deprecated -W ignore:easy_install command is deprecated setup.py egg_info --egg-base ../../build/pid_control_node build --build-base /home/batch9/ros2_ws/build/pid_control_node/build install --record /home/batch9/ros2_ws/build/pid_control_node/install.log --single-version-externally-managed install_data
