[3.781s] Invoking command in '/home/batch9/ros2_ws/src/encoder_node': DEBUGINFOD_URLS=https://debuginfod.ubuntu.com PYTHONPATH=/home/batch9/ros2_ws/build/encoder_node/prefix_override:/usr/lib/python3/dist-packages/colcon_core/task/python/colcon_distutils_commands:/home/batch9/ros2_ws/install/encoder_node/lib/python3.12/site-packages:${PYTHONPATH} /usr/bin/python3 -W ignore:setup.py install is deprecated -W ignore:easy_install command is deprecated setup.py egg_info --egg-base ../../build/encoder_node build --build-base /home/batch9/ros2_ws/build/encoder_node/build install --record /home/batch9/ros2_ws/build/encoder_node/install.log --single-version-externally-managed install_data
[4.706s] running egg_info
[4.735s] writing ../../build/encoder_node/encoder_node.egg-info/PKG-INFO
[4.736s] writing dependency_links to ../../build/encoder_node/encoder_node.egg-info/dependency_links.txt
[4.749s] writing entry points to ../../build/encoder_node/encoder_node.egg-info/entry_points.txt
[4.760s] writing requirements to ../../build/encoder_node/encoder_node.egg-info/requires.txt
[4.772s] writing top-level names to ../../build/encoder_node/encoder_node.egg-info/top_level.txt
[4.954s] reading manifest file '../../build/encoder_node/encoder_node.egg-info/SOURCES.txt'
[4.960s] writing manifest file '../../build/encoder_node/encoder_node.egg-info/SOURCES.txt'
[4.961s] running build
[4.961s] running build_py
[4.961s] running install
[4.979s] running install_lib
[5.030s] running install_data
[5.030s] running install_egg_info
[5.105s] removing '/home/batch9/ros2_ws/install/encoder_node/lib/python3.12/site-packages/encoder_node-0.0.0-py3.12.egg-info' (and everything under it)
[5.105s] Copying ../../build/encoder_node/encoder_node.egg-info to /home/batch9/ros2_ws/install/encoder_node/lib/python3.12/site-packages/encoder_node-0.0.0-py3.12.egg-info
[5.107s] running install_scripts
[5.630s] Installing encoder_pub script to /home/batch9/ros2_ws/install/encoder_node/lib/encoder_node
[5.631s] writing list of installed files to '/home/batch9/ros2_ws/build/encoder_node/install.log'
[6.032s] Invoked command in '/home/batch9/ros2_ws/src/encoder_node' returned '0': DEBUGINFOD_URLS=https://debuginfod.ubuntu.com PYTHONPATH=/home/batch9/ros2_ws/build/encoder_node/prefix_override:/usr/lib/python3/dist-packages/colcon_core/task/python/colcon_distutils_commands:/home/batch9/ros2_ws/install/encoder_node/lib/python3.12/site-packages:${PYTHONPATH} /usr/bin/python3 -W ignore:setup.py install is deprecated -W ignore:easy_install command is deprecated setup.py egg_info --egg-base ../../build/encoder_node build --build-base /home/batch9/ros2_ws/build/encoder_node/build install --record /home/batch9/ros2_ws/build/encoder_node/install.log --single-version-externally-managed install_data
