[2.304s] Invoking command in '/home/batch9/ros2_ws/src/sensor_fusion': DEBUGINFOD_URLS=https://debuginfod.ubuntu.com PYTHONPATH=/home/batch9/ros2_ws/build/sensor_fusion/prefix_override:/usr/lib/python3/dist-packages/colcon_core/task/python/colcon_distutils_commands:/home/batch9/ros2_ws/install/sensor_fusion/lib/python3.12/site-packages:${PYTHONPATH} /usr/bin/python3 -W ignore:setup.py install is deprecated -W ignore:easy_install command is deprecated setup.py egg_info --egg-base ../../build/sensor_fusion build --build-base /home/batch9/ros2_ws/build/sensor_fusion/build install --record /home/batch9/ros2_ws/build/sensor_fusion/install.log --single-version-externally-managed install_data
[2.732s] running egg_info
[2.758s] writing ../../build/sensor_fusion/sensor_fusion.egg-info/PKG-INFO
[2.759s] writing dependency_links to ../../build/sensor_fusion/sensor_fusion.egg-info/dependency_links.txt
[2.760s] writing entry points to ../../build/sensor_fusion/sensor_fusion.egg-info/entry_points.txt
[2.764s] writing requirements to ../../build/sensor_fusion/sensor_fusion.egg-info/requires.txt
[2.764s] writing top-level names to ../../build/sensor_fusion/sensor_fusion.egg-info/top_level.txt
[2.824s] reading manifest file '../../build/sensor_fusion/sensor_fusion.egg-info/SOURCES.txt'
[2.825s] writing manifest file '../../build/sensor_fusion/sensor_fusion.egg-info/SOURCES.txt'
[2.825s] running build
[2.825s] running build_py
[2.826s] running install
[2.836s] running install_lib
[2.863s] running install_data
[2.863s] running install_egg_info
[2.897s] removing '/home/batch9/ros2_ws/install/sensor_fusion/lib/python3.12/site-packages/sensor_fusion-0.0.0-py3.12.egg-info' (and everything under it)
[2.897s] Copying ../../build/sensor_fusion/sensor_fusion.egg-info to /home/batch9/ros2_ws/install/sensor_fusion/lib/python3.12/site-packages/sensor_fusion-0.0.0-py3.12.egg-info
[2.899s] running install_scripts
[3.103s] Installing sensor_fusion script to /home/batch9/ros2_ws/install/sensor_fusion/lib/sensor_fusion
[3.104s] writing list of installed files to '/home/batch9/ros2_ws/build/sensor_fusion/install.log'
[3.267s] Invoked command in '/home/batch9/ros2_ws/src/sensor_fusion' returned '0': DEBUGINFOD_URLS=https://debuginfod.ubuntu.com PYTHONPATH=/home/batch9/ros2_ws/build/sensor_fusion/prefix_override:/usr/lib/python3/dist-packages/colcon_core/task/python/colcon_distutils_commands:/home/batch9/ros2_ws/install/sensor_fusion/lib/python3.12/site-packages:${PYTHONPATH} /usr/bin/python3 -W ignore:setup.py install is deprecated -W ignore:easy_install command is deprecated setup.py egg_info --egg-base ../../build/sensor_fusion build --build-base /home/batch9/ros2_ws/build/sensor_fusion/build install --record /home/batch9/ros2_ws/build/sensor_fusion/install.log --single-version-externally-managed install_data
