[2.638s] Invoking command in '/home/batch9/ros2_ws/build/encoder_node': DEBUGINFOD_URLS=https://debuginfod.ubuntu.com PYTHONPATH=/home/batch9/ros2_ws/build/encoder_node/prefix_override:/usr/lib/python3/dist-packages/colcon_core/task/python/colcon_distutils_commands:/home/batch9/ros2_ws/install/encoder_node/lib/python3.12/site-packages:${PYTHONPATH} /usr/bin/python3 -W ignore:setup.py install is deprecated -W ignore:easy_install command is deprecated setup.py develop --uninstall --editable --build-directory /home/batch9/ros2_ws/build/encoder_node/build
[3.282s] running develop
[3.788s] Invoked command in '/home/batch9/ros2_ws/build/encoder_node' returned '0': DEBUGINFOD_URLS=https://debuginfod.ubuntu.com PYTHONPATH=/home/batch9/ros2_ws/build/encoder_node/prefix_override:/usr/lib/python3/dist-packages/colcon_core/task/python/colcon_distutils_commands:/home/batch9/ros2_ws/install/encoder_node/lib/python3.12/site-packages:${PYTHONPATH} /usr/bin/python3 -W ignore:setup.py install is deprecated -W ignore:easy_install command is deprecated setup.py develop --uninstall --editable --build-directory /home/batch9/ros2_ws/build/encoder_node/build
[3.792s] Invoking command in '/home/batch9/ros2_ws/src/encoder_node': DEBUGINFOD_URLS=https://debuginfod.ubuntu.com PYTHONPATH=/home/batch9/ros2_ws/build/encoder_node/prefix_override:/usr/lib/python3/dist-packages/colcon_core/task/python/colcon_distutils_commands:/home/batch9/ros2_ws/install/encoder_node/lib/python3.12/site-packages:${PYTHONPATH} /usr/bin/python3 -W ignore:setup.py install is deprecated -W ignore:easy_install command is deprecated setup.py egg_info --egg-base ../../build/encoder_node build --build-base /home/batch9/ros2_ws/build/encoder_node/build install --record /home/batch9/ros2_ws/build/encoder_node/install.log --single-version-externally-managed install_data --force
[4.501s] running egg_info
[4.534s] writing ../../build/encoder_node/encoder_node.egg-info/PKG-INFO
[4.535s] writing dependency_links to ../../build/encoder_node/encoder_node.egg-info/dependency_links.txt
[4.536s] writing entry points to ../../build/encoder_node/encoder_node.egg-info/entry_points.txt
[4.536s] writing requirements to ../../build/encoder_node/encoder_node.egg-info/requires.txt
[4.537s] writing top-level names to ../../build/encoder_node/encoder_node.egg-info/top_level.txt
[4.617s] reading manifest file '../../build/encoder_node/encoder_node.egg-info/SOURCES.txt'
[4.619s] writing manifest file '../../build/encoder_node/encoder_node.egg-info/SOURCES.txt'
[4.619s] running build
[4.619s] running build_py
[4.619s] copying encoder_node/encoder_pub.py -> /home/batch9/ros2_ws/build/encoder_node/build/lib/encoder_node
[4.619s] running install
[4.632s] running install_lib
[4.674s] creating /home/batch9/ros2_ws/install/encoder_node/lib/python3.12/site-packages/encoder_node
[4.674s] copying /home/batch9/ros2_ws/build/encoder_node/build/lib/encoder_node/__init__.py -> /home/batch9/ros2_ws/install/encoder_node/lib/python3.12/site-packages/encoder_node
[4.674s] copying /home/batch9/ros2_ws/build/encoder_node/build/lib/encoder_node/encoder_pub.py -> /home/batch9/ros2_ws/install/encoder_node/lib/python3.12/site-packages/encoder_node
[4.676s] byte-compiling /home/batch9/ros2_ws/install/encoder_node/lib/python3.12/site-packages/encoder_node/__init__.py to __init__.cpython-312.pyc
[4.677s] byte-compiling /home/batch9/ros2_ws/install/encoder_node/lib/python3.12/site-packages/encoder_node/encoder_pub.py to encoder_pub.cpython-312.pyc
[4.679s] running install_data
[4.681s] copying resource/encoder_node -> /home/batch9/ros2_ws/install/encoder_node/share/ament_index/resource_index/packages
[4.681s] copying package.xml -> /home/batch9/ros2_ws/install/encoder_node/share/encoder_node
[4.684s] running install_egg_info
[4.725s] Copying ../../build/encoder_node/encoder_node.egg-info to /home/batch9/ros2_ws/install/encoder_node/lib/python3.12/site-packages/encoder_node-0.0.0-py3.12.egg-info
[4.732s] running install_scripts
[5.021s] Installing encoder_pub script to /home/batch9/ros2_ws/install/encoder_node/lib/encoder_node
[5.024s] writing list of installed files to '/home/batch9/ros2_ws/build/encoder_node/install.log'
[5.213s] Invoked command in '/home/batch9/ros2_ws/src/encoder_node' returned '0': DEBUGINFOD_URLS=https://debuginfod.ubuntu.com PYTHONPATH=/home/batch9/ros2_ws/build/encoder_node/prefix_override:/usr/lib/python3/dist-packages/colcon_core/task/python/colcon_distutils_commands:/home/batch9/ros2_ws/install/encoder_node/lib/python3.12/site-packages:${PYTHONPATH} /usr/bin/python3 -W ignore:setup.py install is deprecated -W ignore:easy_install command is deprecated setup.py egg_info --egg-base ../../build/encoder_node build --build-base /home/batch9/ros2_ws/build/encoder_node/build install --record /home/batch9/ros2_ws/build/encoder_node/install.log --single-version-externally-managed install_data --force
