[3.474s] Invoking command in '/home/batch9/ros2_ws/src/motor_node': DEBUGINFOD_URLS=https://debuginfod.ubuntu.com PYTHONPATH=/home/batch9/ros2_ws/build/motor_node/prefix_override:/usr/lib/python3/dist-packages/colcon_core/task/python/colcon_distutils_commands:/home/batch9/ros2_ws/install/motor_node/lib/python3.12/site-packages:${PYTHONPATH} /usr/bin/python3 -W ignore:setup.py install is deprecated -W ignore:easy_install command is deprecated setup.py egg_info --egg-base ../../build/motor_node build --build-base /home/batch9/ros2_ws/build/motor_node/build install --record /home/batch9/ros2_ws/build/motor_node/install.log --single-version-externally-managed install_data
[4.139s] running egg_info
[4.179s] writing ../../build/motor_node/motor_node.egg-info/PKG-INFO
[4.180s] writing dependency_links to ../../build/motor_node/motor_node.egg-info/dependency_links.txt
[4.180s] writing entry points to ../../build/motor_node/motor_node.egg-info/entry_points.txt
[4.185s] writing requirements to ../../build/motor_node/motor_node.egg-info/requires.txt
[4.186s] writing top-level names to ../../build/motor_node/motor_node.egg-info/top_level.txt
[4.265s] reading manifest file '../../build/motor_node/motor_node.egg-info/SOURCES.txt'
[4.267s] writing manifest file '../../build/motor_node/motor_node.egg-info/SOURCES.txt'
[4.269s] running build
[4.269s] running build_py
[4.269s] running install
[4.285s] running install_lib
[4.342s] running install_data
[4.342s] running install_egg_info
[4.400s] removing '/home/batch9/ros2_ws/install/motor_node/lib/python3.12/site-packages/motor_node-0.0.0-py3.12.egg-info' (and everything under it)
[4.402s] Copying ../../build/motor_node/motor_node.egg-info to /home/batch9/ros2_ws/install/motor_node/lib/python3.12/site-packages/motor_node-0.0.0-py3.12.egg-info
[4.403s] running install_scripts
[4.741s] Installing motor_sub script to /home/batch9/ros2_ws/install/motor_node/lib/motor_node
[4.741s] writing list of installed files to '/home/batch9/ros2_ws/build/motor_node/install.log'
[5.348s] Invoked command in '/home/batch9/ros2_ws/src/motor_node' returned '0': DEBUGINFOD_URLS=https://debuginfod.ubuntu.com PYTHONPATH=/home/batch9/ros2_ws/build/motor_node/prefix_override:/usr/lib/python3/dist-packages/colcon_core/task/python/colcon_distutils_commands:/home/batch9/ros2_ws/install/motor_node/lib/python3.12/site-packages:${PYTHONPATH} /usr/bin/python3 -W ignore:setup.py install is deprecated -W ignore:easy_install command is deprecated setup.py egg_info --egg-base ../../build/motor_node build --build-base /home/batch9/ros2_ws/build/motor_node/build install --record /home/batch9/ros2_ws/build/motor_node/install.log --single-version-externally-managed install_data
