[3.306s] Invoking command in '/home/batch9/ros2_ws/src/encoder_node': DEBUGINFOD_URLS=https://debuginfod.ubuntu.com PYTHONPATH=/home/batch9/ros2_ws/build/encoder_node/prefix_override:/usr/lib/python3/dist-packages/colcon_core/task/python/colcon_distutils_commands:/home/batch9/ros2_ws/install/encoder_node/lib/python3.12/site-packages:${PYTHONPATH} /usr/bin/python3 -W ignore:setup.py install is deprecated -W ignore:easy_install command is deprecated setup.py egg_info --egg-base ../../build/encoder_node build --build-base /home/batch9/ros2_ws/build/encoder_node/build install --record /home/batch9/ros2_ws/build/encoder_node/install.log --single-version-externally-managed install_data
[4.073s] running egg_info
[4.104s] writing ../../build/encoder_node/encoder_node.egg-info/PKG-INFO
[4.104s] writing dependency_links to ../../build/encoder_node/encoder_node.egg-info/dependency_links.txt
[4.105s] writing entry points to ../../build/encoder_node/encoder_node.egg-info/entry_points.txt
[4.106s] writing requirements to ../../build/encoder_node/encoder_node.egg-info/requires.txt
[4.106s] writing top-level names to ../../build/encoder_node/encoder_node.egg-info/top_level.txt
[4.190s] reading manifest file '../../build/encoder_node/encoder_node.egg-info/SOURCES.txt'
[4.190s] writing manifest file '../../build/encoder_node/encoder_node.egg-info/SOURCES.txt'
[4.191s] running build
[4.191s] running build_py
[4.191s] running install
[4.206s] running install_lib
[4.248s] running install_data
[4.251s] running install_egg_info
[4.293s] removing '/home/batch9/ros2_ws/install/encoder_node/lib/python3.12/site-packages/encoder_node-0.0.0-py3.12.egg-info' (and everything under it)
[4.295s] Copying ../../build/encoder_node/encoder_node.egg-info to /home/batch9/ros2_ws/install/encoder_node/lib/python3.12/site-packages/encoder_node-0.0.0-py3.12.egg-info
[4.296s] running install_scripts
[4.586s] Installing encoder_pub script to /home/batch9/ros2_ws/install/encoder_node/lib/encoder_node
[4.587s] writing list of installed files to '/home/batch9/ros2_ws/build/encoder_node/install.log'
[4.869s] Invoked command in '/home/batch9/ros2_ws/src/encoder_node' returned '0': DEBUGINFOD_URLS=https://debuginfod.ubuntu.com PYTHONPATH=/home/batch9/ros2_ws/build/encoder_node/prefix_override:/usr/lib/python3/dist-packages/colcon_core/task/python/colcon_distutils_commands:/home/batch9/ros2_ws/install/encoder_node/lib/python3.12/site-packages:${PYTHONPATH} /usr/bin/python3 -W ignore:setup.py install is deprecated -W ignore:easy_install command is deprecated setup.py egg_info --egg-base ../../build/encoder_node build --build-base /home/batch9/ros2_ws/build/encoder_node/build install --record /home/batch9/ros2_ws/build/encoder_node/install.log --single-version-externally-managed install_data
