[0.771s] Invoking command in '/home/batch9/ros2_ws/build/rplidar_ros': CMAKE_PREFIX_PATH=${CMAKE_PREFIX_PATH}:/home/batch9/ros2_ws/install/rplidar_distance_angle_publisher:/home/batch9/ros2_ws/install/q_learning_node:/home/batch9/ros2_ws/install/pid_control_node:/home/batch9/ros2_ws/install/pid:/home/batch9/ros2_ws/install/motor_node:/home/batch9/ros2_ws/install/lidar_obstacle:/home/batch9/ros2_ws/install/encoder_node:/home/batch9/ros2_ws/install/Q-Learning_node:/opt/ros/jazzy DEBUGINFOD_URLS=https://debuginfod.ubuntu.com /usr/bin/cmake --build /home/batch9/ros2_ws/build/rplidar_ros -- -j4 -l4
[1.041s] [  5%] Built target rplidar_client
[1.045s] [ 52%] Built target rplidar_node
[1.049s] [100%] Built target rplidar_composition
[1.097s] Invoked command in '/home/batch9/ros2_ws/build/rplidar_ros' returned '0': CMAKE_PREFIX_PATH=${CMAKE_PREFIX_PATH}:/home/batch9/ros2_ws/install/rplidar_distance_angle_publisher:/home/batch9/ros2_ws/install/q_learning_node:/home/batch9/ros2_ws/install/pid_control_node:/home/batch9/ros2_ws/install/pid:/home/batch9/ros2_ws/install/motor_node:/home/batch9/ros2_ws/install/lidar_obstacle:/home/batch9/ros2_ws/install/encoder_node:/home/batch9/ros2_ws/install/Q-Learning_node:/opt/ros/jazzy DEBUGINFOD_URLS=https://debuginfod.ubuntu.com /usr/bin/cmake --build /home/batch9/ros2_ws/build/rplidar_ros -- -j4 -l4
[1.135s] Invoking command in '/home/batch9/ros2_ws/build/rplidar_ros': CMAKE_PREFIX_PATH=${CMAKE_PREFIX_PATH}:/home/batch9/ros2_ws/install/rplidar_distance_angle_publisher:/home/batch9/ros2_ws/install/q_learning_node:/home/batch9/ros2_ws/install/pid_control_node:/home/batch9/ros2_ws/install/pid:/home/batch9/ros2_ws/install/motor_node:/home/batch9/ros2_ws/install/lidar_obstacle:/home/batch9/ros2_ws/install/encoder_node:/home/batch9/ros2_ws/install/Q-Learning_node:/opt/ros/jazzy DEBUGINFOD_URLS=https://debuginfod.ubuntu.com /usr/bin/cmake --install /home/batch9/ros2_ws/build/rplidar_ros
[1.167s] -- Install configuration: ""
[1.167s] -- Execute custom install script
[1.173s] -- Up-to-date symlink: /home/batch9/ros2_ws/install/rplidar_ros/share/rplidar_ros/launch/rplidar_a1_launch.py
[1.173s] -- Up-to-date symlink: /home/batch9/ros2_ws/install/rplidar_ros/share/rplidar_ros/launch/rplidar_a2m12_launch.py
[1.173s] -- Up-to-date symlink: /home/batch9/ros2_ws/install/rplidar_ros/share/rplidar_ros/launch/rplidar_a2m7_launch.py
[1.173s] -- Up-to-date symlink: /home/batch9/ros2_ws/install/rplidar_ros/share/rplidar_ros/launch/rplidar_a2m8_launch.py
[1.173s] -- Up-to-date symlink: /home/batch9/ros2_ws/install/rplidar_ros/share/rplidar_ros/launch/rplidar_a3_launch.py
[1.173s] -- Up-to-date symlink: /home/batch9/ros2_ws/install/rplidar_ros/share/rplidar_ros/launch/rplidar_c1_launch.py
[1.174s] -- Up-to-date symlink: /home/batch9/ros2_ws/install/rplidar_ros/share/rplidar_ros/launch/rplidar_s1_launch.py
[1.174s] -- Up-to-date symlink: /home/batch9/ros2_ws/install/rplidar_ros/share/rplidar_ros/launch/rplidar_s1_tcp_launch.py
[1.174s] -- Up-to-date symlink: /home/batch9/ros2_ws/install/rplidar_ros/share/rplidar_ros/launch/rplidar_s2_launch.py
[1.174s] -- Up-to-date symlink: /home/batch9/ros2_ws/install/rplidar_ros/share/rplidar_ros/launch/rplidar_s2e_launch.py
[1.174s] -- Up-to-date symlink: /home/batch9/ros2_ws/install/rplidar_ros/share/rplidar_ros/launch/rplidar_s3_launch.py
[1.174s] -- Up-to-date symlink: /home/batch9/ros2_ws/install/rplidar_ros/share/rplidar_ros/launch/rplidar_t1_launch.py
[1.174s] -- Up-to-date symlink: /home/batch9/ros2_ws/install/rplidar_ros/share/rplidar_ros/launch/view_rplidar_a1_launch.py
[1.175s] -- Up-to-date symlink: /home/batch9/ros2_ws/install/rplidar_ros/share/rplidar_ros/launch/view_rplidar_a2m12_launch.py
[1.175s] -- Up-to-date symlink: /home/batch9/ros2_ws/install/rplidar_ros/share/rplidar_ros/launch/view_rplidar_a2m7_launch.py
[1.175s] -- Up-to-date symlink: /home/batch9/ros2_ws/install/rplidar_ros/share/rplidar_ros/launch/view_rplidar_a2m8_launch.py
[1.180s] -- Up-to-date symlink: /home/batch9/ros2_ws/install/rplidar_ros/share/rplidar_ros/launch/view_rplidar_a3_launch.py
[1.180s] -- Up-to-date symlink: /home/batch9/ros2_ws/install/rplidar_ros/share/rplidar_ros/launch/view_rplidar_c1_launch.py
[1.181s] -- Up-to-date symlink: /home/batch9/ros2_ws/install/rplidar_ros/share/rplidar_ros/launch/view_rplidar_s1_launch.py
[1.181s] -- Up-to-date symlink: /home/batch9/ros2_ws/install/rplidar_ros/share/rplidar_ros/launch/view_rplidar_s1_tcp_launch.py
[1.181s] -- Up-to-date symlink: /home/batch9/ros2_ws/install/rplidar_ros/share/rplidar_ros/launch/view_rplidar_s2_launch.py
[1.181s] -- Up-to-date symlink: /home/batch9/ros2_ws/install/rplidar_ros/share/rplidar_ros/launch/view_rplidar_s2e_launch.py
[1.181s] -- Up-to-date symlink: /home/batch9/ros2_ws/install/rplidar_ros/share/rplidar_ros/launch/view_rplidar_s3_launch.py
[1.181s] -- Up-to-date symlink: /home/batch9/ros2_ws/install/rplidar_ros/share/rplidar_ros/launch/view_rplidar_t1_launch.py
[1.181s] -- Up-to-date symlink: /home/batch9/ros2_ws/install/rplidar_ros/share/rplidar_ros/rviz/rplidar_ros.rviz
[1.182s] -- Up-to-date symlink: /home/batch9/ros2_ws/install/rplidar_ros/lib/rplidar_ros/rplidar_node
[1.182s] -- Up-to-date symlink: /home/batch9/ros2_ws/install/rplidar_ros/lib/rplidar_ros/rplidar_composition
[1.182s] -- Up-to-date symlink: /home/batch9/ros2_ws/install/rplidar_ros/lib/rplidar_ros/rplidar_client
[1.182s] -- Up-to-date symlink: /home/batch9/ros2_ws/install/rplidar_ros/share/ament_index/resource_index/package_run_dependencies/rplidar_ros
[1.182s] -- Up-to-date symlink: /home/batch9/ros2_ws/install/rplidar_ros/share/ament_index/resource_index/parent_prefix_path/rplidar_ros
[1.183s] -- Up-to-date symlink: /home/batch9/ros2_ws/install/rplidar_ros/share/rplidar_ros/environment/ament_prefix_path.sh
[1.185s] -- Up-to-date symlink: /home/batch9/ros2_ws/install/rplidar_ros/share/rplidar_ros/environment/ament_prefix_path.dsv
[1.186s] -- Up-to-date symlink: /home/batch9/ros2_ws/install/rplidar_ros/share/rplidar_ros/environment/path.sh
[1.186s] -- Up-to-date symlink: /home/batch9/ros2_ws/install/rplidar_ros/share/rplidar_ros/environment/path.dsv
[1.186s] -- Up-to-date symlink: /home/batch9/ros2_ws/install/rplidar_ros/share/rplidar_ros/local_setup.bash
[1.186s] -- Up-to-date symlink: /home/batch9/ros2_ws/install/rplidar_ros/share/rplidar_ros/local_setup.sh
[1.187s] -- Up-to-date symlink: /home/batch9/ros2_ws/install/rplidar_ros/share/rplidar_ros/local_setup.zsh
[1.187s] -- Up-to-date symlink: /home/batch9/ros2_ws/install/rplidar_ros/share/rplidar_ros/local_setup.dsv
[1.187s] -- Symlinking: /home/batch9/ros2_ws/install/rplidar_ros/share/rplidar_ros/package.dsv
[1.225s] -- Up-to-date symlink: /home/batch9/ros2_ws/install/rplidar_ros/share/ament_index/resource_index/packages/rplidar_ros
[1.225s] -- Up-to-date symlink: /home/batch9/ros2_ws/install/rplidar_ros/share/rplidar_ros/cmake/ament_cmake_export_dependencies-extras.cmake
[1.227s] -- Up-to-date symlink: /home/batch9/ros2_ws/install/rplidar_ros/share/rplidar_ros/cmake/ament_cmake_export_include_directories-extras.cmake
[1.227s] -- Up-to-date symlink: /home/batch9/ros2_ws/install/rplidar_ros/share/rplidar_ros/cmake/rplidar_rosConfig.cmake
[1.227s] -- Up-to-date symlink: /home/batch9/ros2_ws/install/rplidar_ros/share/rplidar_ros/cmake/rplidar_rosConfig-version.cmake
[1.227s] -- Up-to-date symlink: /home/batch9/ros2_ws/install/rplidar_ros/share/rplidar_ros/package.xml
[1.234s] Invoked command in '/home/batch9/ros2_ws/build/rplidar_ros' returned '0': CMAKE_PREFIX_PATH=${CMAKE_PREFIX_PATH}:/home/batch9/ros2_ws/install/rplidar_distance_angle_publisher:/home/batch9/ros2_ws/install/q_learning_node:/home/batch9/ros2_ws/install/pid_control_node:/home/batch9/ros2_ws/install/pid:/home/batch9/ros2_ws/install/motor_node:/home/batch9/ros2_ws/install/lidar_obstacle:/home/batch9/ros2_ws/install/encoder_node:/home/batch9/ros2_ws/install/Q-Learning_node:/opt/ros/jazzy DEBUGINFOD_URLS=https://debuginfod.ubuntu.com /usr/bin/cmake --install /home/batch9/ros2_ws/build/rplidar_ros
