[2.407s] Invoking command in '/home/batch9/ros2_ws/src/motor_node': DEBUGINFOD_URLS=https://debuginfod.ubuntu.com PYTHONPATH=/home/batch9/ros2_ws/build/motor_node/prefix_override:/usr/lib/python3/dist-packages/colcon_core/task/python/colcon_distutils_commands:/home/batch9/ros2_ws/install/motor_node/lib/python3.12/site-packages:${PYTHONPATH} /usr/bin/python3 -W ignore:setup.py install is deprecated -W ignore:easy_install command is deprecated setup.py egg_info --egg-base ../../build/motor_node build --build-base /home/batch9/ros2_ws/build/motor_node/build install --record /home/batch9/ros2_ws/build/motor_node/install.log --single-version-externally-managed install_data
[2.873s] running egg_info
[2.874s] creating ../../build/motor_node/motor_node.egg-info
[2.906s] writing ../../build/motor_node/motor_node.egg-info/PKG-INFO
[2.907s] writing dependency_links to ../../build/motor_node/motor_node.egg-info/dependency_links.txt
[2.907s] writing entry points to ../../build/motor_node/motor_node.egg-info/entry_points.txt
[2.908s] writing requirements to ../../build/motor_node/motor_node.egg-info/requires.txt
[2.908s] writing top-level names to ../../build/motor_node/motor_node.egg-info/top_level.txt
[2.909s] writing manifest file '../../build/motor_node/motor_node.egg-info/SOURCES.txt'
[2.970s] reading manifest file '../../build/motor_node/motor_node.egg-info/SOURCES.txt'
[2.970s] writing manifest file '../../build/motor_node/motor_node.egg-info/SOURCES.txt'
[2.970s] running build
[2.970s] running build_py
[2.970s] creating /home/batch9/ros2_ws/build/motor_node/build
[2.970s] creating /home/batch9/ros2_ws/build/motor_node/build/lib
[2.970s] creating /home/batch9/ros2_ws/build/motor_node/build/lib/motor_node
[2.970s] copying motor_node/__init__.py -> /home/batch9/ros2_ws/build/motor_node/build/lib/motor_node
[2.970s] copying motor_node/motor_sub.py -> /home/batch9/ros2_ws/build/motor_node/build/lib/motor_node
[2.970s] running install
[2.983s] running install_lib
[3.017s] creating /home/batch9/ros2_ws/install/motor_node/lib/python3.12/site-packages/motor_node
[3.017s] copying /home/batch9/ros2_ws/build/motor_node/build/lib/motor_node/__init__.py -> /home/batch9/ros2_ws/install/motor_node/lib/python3.12/site-packages/motor_node
[3.017s] copying /home/batch9/ros2_ws/build/motor_node/build/lib/motor_node/motor_sub.py -> /home/batch9/ros2_ws/install/motor_node/lib/python3.12/site-packages/motor_node
[3.017s] byte-compiling /home/batch9/ros2_ws/install/motor_node/lib/python3.12/site-packages/motor_node/__init__.py to __init__.cpython-312.pyc
[3.018s] byte-compiling /home/batch9/ros2_ws/install/motor_node/lib/python3.12/site-packages/motor_node/motor_sub.py to motor_sub.cpython-312.pyc
[3.020s] running install_data
[3.021s] creating /home/batch9/ros2_ws/install/motor_node/share/ament_index
[3.022s] creating /home/batch9/ros2_ws/install/motor_node/share/ament_index/resource_index
[3.022s] creating /home/batch9/ros2_ws/install/motor_node/share/ament_index/resource_index/packages
[3.024s] copying resource/motor_node -> /home/batch9/ros2_ws/install/motor_node/share/ament_index/resource_index/packages
[3.024s] copying package.xml -> /home/batch9/ros2_ws/install/motor_node/share/motor_node
[3.024s] running install_egg_info
[3.064s] Copying ../../build/motor_node/motor_node.egg-info to /home/batch9/ros2_ws/install/motor_node/lib/python3.12/site-packages/motor_node-0.0.0-py3.12.egg-info
[3.068s] running install_scripts
[3.314s] Installing motor_sub script to /home/batch9/ros2_ws/install/motor_node/lib/motor_node
[3.317s] writing list of installed files to '/home/batch9/ros2_ws/build/motor_node/install.log'
[3.472s] Invoked command in '/home/batch9/ros2_ws/src/motor_node' returned '0': DEBUGINFOD_URLS=https://debuginfod.ubuntu.com PYTHONPATH=/home/batch9/ros2_ws/build/motor_node/prefix_override:/usr/lib/python3/dist-packages/colcon_core/task/python/colcon_distutils_commands:/home/batch9/ros2_ws/install/motor_node/lib/python3.12/site-packages:${PYTHONPATH} /usr/bin/python3 -W ignore:setup.py install is deprecated -W ignore:easy_install command is deprecated setup.py egg_info --egg-base ../../build/motor_node build --build-base /home/batch9/ros2_ws/build/motor_node/build install --record /home/batch9/ros2_ws/build/motor_node/install.log --single-version-externally-managed install_data
