[3.493s] Invoking command in '/home/batch9/ros2_ws/src/encoder_node': DEBUGINFOD_URLS=https://debuginfod.ubuntu.com PYTHONPATH=/home/batch9/ros2_ws/build/encoder_node/prefix_override:/usr/lib/python3/dist-packages/colcon_core/task/python/colcon_distutils_commands:/home/batch9/ros2_ws/install/encoder_node/lib/python3.12/site-packages:${PYTHONPATH} /usr/bin/python3 -W ignore:setup.py install is deprecated -W ignore:easy_install command is deprecated setup.py egg_info --egg-base ../../build/encoder_node build --build-base /home/batch9/ros2_ws/build/encoder_node/build install --record /home/batch9/ros2_ws/build/encoder_node/install.log --single-version-externally-managed install_data
[4.236s] running egg_info
[4.289s] writing ../../build/encoder_node/encoder_node.egg-info/PKG-INFO
[4.289s] writing dependency_links to ../../build/encoder_node/encoder_node.egg-info/dependency_links.txt
[4.290s] writing entry points to ../../build/encoder_node/encoder_node.egg-info/entry_points.txt
[4.291s] writing requirements to ../../build/encoder_node/encoder_node.egg-info/requires.txt
[4.292s] writing top-level names to ../../build/encoder_node/encoder_node.egg-info/top_level.txt
[4.369s] reading manifest file '../../build/encoder_node/encoder_node.egg-info/SOURCES.txt'
[4.370s] writing manifest file '../../build/encoder_node/encoder_node.egg-info/SOURCES.txt'
[4.370s] running build
[4.370s] running build_py
[4.373s] running install
[4.388s] running install_lib
[4.421s] running install_data
[4.422s] running install_egg_info
[4.476s] removing '/home/batch9/ros2_ws/install/encoder_node/lib/python3.12/site-packages/encoder_node-0.0.0-py3.12.egg-info' (and everything under it)
[4.479s] Copying ../../build/encoder_node/encoder_node.egg-info to /home/batch9/ros2_ws/install/encoder_node/lib/python3.12/site-packages/encoder_node-0.0.0-py3.12.egg-info
[4.481s] running install_scripts
[4.796s] Installing encoder_pub script to /home/batch9/ros2_ws/install/encoder_node/lib/encoder_node
[4.798s] writing list of installed files to '/home/batch9/ros2_ws/build/encoder_node/install.log'
[5.383s] Invoked command in '/home/batch9/ros2_ws/src/encoder_node' returned '0': DEBUGINFOD_URLS=https://debuginfod.ubuntu.com PYTHONPATH=/home/batch9/ros2_ws/build/encoder_node/prefix_override:/usr/lib/python3/dist-packages/colcon_core/task/python/colcon_distutils_commands:/home/batch9/ros2_ws/install/encoder_node/lib/python3.12/site-packages:${PYTHONPATH} /usr/bin/python3 -W ignore:setup.py install is deprecated -W ignore:easy_install command is deprecated setup.py egg_info --egg-base ../../build/encoder_node build --build-base /home/batch9/ros2_ws/build/encoder_node/build install --record /home/batch9/ros2_ws/build/encoder_node/install.log --single-version-externally-managed install_data
