[2.711s] Invoking command in '/home/batch9/ros2_ws/src/encoder_node': DEBUGINFOD_URLS=https://debuginfod.ubuntu.com PYTHONPATH=/home/batch9/ros2_ws/build/encoder_node/prefix_override:/usr/lib/python3/dist-packages/colcon_core/task/python/colcon_distutils_commands:/home/batch9/ros2_ws/install/encoder_node/lib/python3.12/site-packages:${PYTHONPATH} /usr/bin/python3 -W ignore:setup.py install is deprecated -W ignore:easy_install command is deprecated setup.py egg_info --egg-base ../../build/encoder_node build --build-base /home/batch9/ros2_ws/build/encoder_node/build install --record /home/batch9/ros2_ws/build/encoder_node/install.log --single-version-externally-managed install_data
[3.222s] running egg_info
[3.250s] writing ../../build/encoder_node/encoder_node.egg-info/PKG-INFO
[3.251s] writing dependency_links to ../../build/encoder_node/encoder_node.egg-info/dependency_links.txt
[3.255s] writing entry points to ../../build/encoder_node/encoder_node.egg-info/entry_points.txt
[3.256s] writing requirements to ../../build/encoder_node/encoder_node.egg-info/requires.txt
[3.256s] writing top-level names to ../../build/encoder_node/encoder_node.egg-info/top_level.txt
[3.319s] reading manifest file '../../build/encoder_node/encoder_node.egg-info/SOURCES.txt'
[3.321s] writing manifest file '../../build/encoder_node/encoder_node.egg-info/SOURCES.txt'
[3.322s] running build
[3.322s] running build_py
[3.325s] running install
[3.342s] running install_lib
[3.371s] running install_data
[3.372s] running install_egg_info
[3.409s] removing '/home/batch9/ros2_ws/install/encoder_node/lib/python3.12/site-packages/encoder_node-0.0.0-py3.12.egg-info' (and everything under it)
[3.411s] Copying ../../build/encoder_node/encoder_node.egg-info to /home/batch9/ros2_ws/install/encoder_node/lib/python3.12/site-packages/encoder_node-0.0.0-py3.12.egg-info
[3.412s] running install_scripts
[3.644s] Installing encoder_pub script to /home/batch9/ros2_ws/install/encoder_node/lib/encoder_node
[3.648s] writing list of installed files to '/home/batch9/ros2_ws/build/encoder_node/install.log'
[4.182s] Invoked command in '/home/batch9/ros2_ws/src/encoder_node' returned '0': DEBUGINFOD_URLS=https://debuginfod.ubuntu.com PYTHONPATH=/home/batch9/ros2_ws/build/encoder_node/prefix_override:/usr/lib/python3/dist-packages/colcon_core/task/python/colcon_distutils_commands:/home/batch9/ros2_ws/install/encoder_node/lib/python3.12/site-packages:${PYTHONPATH} /usr/bin/python3 -W ignore:setup.py install is deprecated -W ignore:easy_install command is deprecated setup.py egg_info --egg-base ../../build/encoder_node build --build-base /home/batch9/ros2_ws/build/encoder_node/build install --record /home/batch9/ros2_ws/build/encoder_node/install.log --single-version-externally-managed install_data
