[0.421s] Invoking command in '/home/batch9/ros2_ws/build/rplidar_ros': CMAKE_PREFIX_PATH=${CMAKE_PREFIX_PATH}:/opt/ros/jazzy DEBUGINFOD_URLS=https://debuginfod.ubuntu.com /usr/bin/cmake --build /home/batch9/ros2_ws/build/rplidar_ros -- -j4 -l4
[0.895s] [  5%] Built target rplidar_client
[0.902s] [ 52%] Built target rplidar_node
[0.909s] [100%] Built target rplidar_composition
[0.945s] Invoked command in '/home/batch9/ros2_ws/build/rplidar_ros' returned '0': CMAKE_PREFIX_PATH=${CMAKE_PREFIX_PATH}:/opt/ros/jazzy DEBUGINFOD_URLS=https://debuginfod.ubuntu.com /usr/bin/cmake --build /home/batch9/ros2_ws/build/rplidar_ros -- -j4 -l4
[0.968s] Invoking command in '/home/batch9/ros2_ws/build/rplidar_ros': CMAKE_PREFIX_PATH=${CMAKE_PREFIX_PATH}:/opt/ros/jazzy DEBUGINFOD_URLS=https://debuginfod.ubuntu.com /usr/bin/cmake --install /home/batch9/ros2_ws/build/rplidar_ros
[0.990s] -- Install configuration: ""
[0.994s] -- Execute custom install script
[0.997s] -- Up-to-date symlink: /home/batch9/ros2_ws/install/rplidar_ros/share/rplidar_ros/launch/rplidar_a1_launch.py
[0.998s] -- Up-to-date symlink: /home/batch9/ros2_ws/install/rplidar_ros/share/rplidar_ros/launch/rplidar_a2m12_launch.py
[0.999s] -- Up-to-date symlink: /home/batch9/ros2_ws/install/rplidar_ros/share/rplidar_ros/launch/rplidar_a2m7_launch.py
[0.999s] -- Up-to-date symlink: /home/batch9/ros2_ws/install/rplidar_ros/share/rplidar_ros/launch/rplidar_a2m8_launch.py
[1.000s] -- Up-to-date symlink: /home/batch9/ros2_ws/install/rplidar_ros/share/rplidar_ros/launch/rplidar_a3_launch.py
[1.001s] -- Up-to-date symlink: /home/batch9/ros2_ws/install/rplidar_ros/share/rplidar_ros/launch/rplidar_c1_launch.py
[1.001s] -- Up-to-date symlink: /home/batch9/ros2_ws/install/rplidar_ros/share/rplidar_ros/launch/rplidar_s1_launch.py
[1.002s] -- Up-to-date symlink: /home/batch9/ros2_ws/install/rplidar_ros/share/rplidar_ros/launch/rplidar_s1_tcp_launch.py
[1.002s] -- Up-to-date symlink: /home/batch9/ros2_ws/install/rplidar_ros/share/rplidar_ros/launch/rplidar_s2_launch.py
[1.003s] -- Up-to-date symlink: /home/batch9/ros2_ws/install/rplidar_ros/share/rplidar_ros/launch/rplidar_s2e_launch.py
[1.004s] -- Up-to-date symlink: /home/batch9/ros2_ws/install/rplidar_ros/share/rplidar_ros/launch/rplidar_s3_launch.py
[1.005s] -- Up-to-date symlink: /home/batch9/ros2_ws/install/rplidar_ros/share/rplidar_ros/launch/rplidar_t1_launch.py
[1.005s] -- Up-to-date symlink: /home/batch9/ros2_ws/install/rplidar_ros/share/rplidar_ros/launch/view_rplidar_a1_launch.py
[1.005s] -- Up-to-date symlink: /home/batch9/ros2_ws/install/rplidar_ros/share/rplidar_ros/launch/view_rplidar_a2m12_launch.py
[1.006s] -- Up-to-date symlink: /home/batch9/ros2_ws/install/rplidar_ros/share/rplidar_ros/launch/view_rplidar_a2m7_launch.py
[1.006s] -- Up-to-date symlink: /home/batch9/ros2_ws/install/rplidar_ros/share/rplidar_ros/launch/view_rplidar_a2m8_launch.py
[1.007s] -- Up-to-date symlink: /home/batch9/ros2_ws/install/rplidar_ros/share/rplidar_ros/launch/view_rplidar_a3_launch.py
[1.008s] -- Up-to-date symlink: /home/batch9/ros2_ws/install/rplidar_ros/share/rplidar_ros/launch/view_rplidar_c1_launch.py
[1.008s] -- Up-to-date symlink: /home/batch9/ros2_ws/install/rplidar_ros/share/rplidar_ros/launch/view_rplidar_s1_launch.py
[1.009s] -- Up-to-date symlink: /home/batch9/ros2_ws/install/rplidar_ros/share/rplidar_ros/launch/view_rplidar_s1_tcp_launch.py
[1.010s] -- Up-to-date symlink: /home/batch9/ros2_ws/install/rplidar_ros/share/rplidar_ros/launch/view_rplidar_s2_launch.py
[1.010s] -- Up-to-date symlink: /home/batch9/ros2_ws/install/rplidar_ros/share/rplidar_ros/launch/view_rplidar_s2e_launch.py
[1.011s] -- Up-to-date symlink: /home/batch9/ros2_ws/install/rplidar_ros/share/rplidar_ros/launch/view_rplidar_s3_launch.py
[1.011s] -- Up-to-date symlink: /home/batch9/ros2_ws/install/rplidar_ros/share/rplidar_ros/launch/view_rplidar_t1_launch.py
[1.013s] -- Up-to-date symlink: /home/batch9/ros2_ws/install/rplidar_ros/share/rplidar_ros/rviz/rplidar_ros.rviz
[1.015s] -- Up-to-date symlink: /home/batch9/ros2_ws/install/rplidar_ros/lib/rplidar_ros/rplidar_node
[1.015s] -- Up-to-date symlink: /home/batch9/ros2_ws/install/rplidar_ros/lib/rplidar_ros/rplidar_composition
[1.015s] -- Up-to-date symlink: /home/batch9/ros2_ws/install/rplidar_ros/lib/rplidar_ros/rplidar_client
[1.018s] -- Up-to-date symlink: /home/batch9/ros2_ws/install/rplidar_ros/share/ament_index/resource_index/package_run_dependencies/rplidar_ros
[1.026s] -- Up-to-date symlink: /home/batch9/ros2_ws/install/rplidar_ros/share/ament_index/resource_index/parent_prefix_path/rplidar_ros
[1.027s] -- Up-to-date symlink: /home/batch9/ros2_ws/install/rplidar_ros/share/rplidar_ros/environment/ament_prefix_path.sh
[1.029s] -- Up-to-date symlink: /home/batch9/ros2_ws/install/rplidar_ros/share/rplidar_ros/environment/ament_prefix_path.dsv
[1.030s] -- Up-to-date symlink: /home/batch9/ros2_ws/install/rplidar_ros/share/rplidar_ros/environment/path.sh
[1.031s] -- Up-to-date symlink: /home/batch9/ros2_ws/install/rplidar_ros/share/rplidar_ros/environment/path.dsv
[1.032s] -- Up-to-date symlink: /home/batch9/ros2_ws/install/rplidar_ros/share/rplidar_ros/local_setup.bash
[1.033s] -- Up-to-date symlink: /home/batch9/ros2_ws/install/rplidar_ros/share/rplidar_ros/local_setup.sh
[1.033s] -- Up-to-date symlink: /home/batch9/ros2_ws/install/rplidar_ros/share/rplidar_ros/local_setup.zsh
[1.034s] -- Up-to-date symlink: /home/batch9/ros2_ws/install/rplidar_ros/share/rplidar_ros/local_setup.dsv
[1.035s] -- Symlinking: /home/batch9/ros2_ws/install/rplidar_ros/share/rplidar_ros/package.dsv
[1.088s] -- Up-to-date symlink: /home/batch9/ros2_ws/install/rplidar_ros/share/ament_index/resource_index/packages/rplidar_ros
[1.089s] -- Up-to-date symlink: /home/batch9/ros2_ws/install/rplidar_ros/share/rplidar_ros/cmake/ament_cmake_export_dependencies-extras.cmake
[1.089s] -- Up-to-date symlink: /home/batch9/ros2_ws/install/rplidar_ros/share/rplidar_ros/cmake/ament_cmake_export_include_directories-extras.cmake
[1.090s] -- Up-to-date symlink: /home/batch9/ros2_ws/install/rplidar_ros/share/rplidar_ros/cmake/rplidar_rosConfig.cmake
[1.091s] -- Up-to-date symlink: /home/batch9/ros2_ws/install/rplidar_ros/share/rplidar_ros/cmake/rplidar_rosConfig-version.cmake
[1.091s] -- Up-to-date symlink: /home/batch9/ros2_ws/install/rplidar_ros/share/rplidar_ros/package.xml
[1.100s] Invoked command in '/home/batch9/ros2_ws/build/rplidar_ros' returned '0': CMAKE_PREFIX_PATH=${CMAKE_PREFIX_PATH}:/opt/ros/jazzy DEBUGINFOD_URLS=https://debuginfod.ubuntu.com /usr/bin/cmake --install /home/batch9/ros2_ws/build/rplidar_ros
