[4.068s] Invoking command in '/home/batch9/ros2_ws/src/motor_node': DEBUGINFOD_URLS=https://debuginfod.ubuntu.com PYTHONPATH=/home/batch9/ros2_ws/build/motor_node/prefix_override:/usr/lib/python3/dist-packages/colcon_core/task/python/colcon_distutils_commands:/home/batch9/ros2_ws/install/motor_node/lib/python3.12/site-packages:${PYTHONPATH} /usr/bin/python3 -W ignore:setup.py install is deprecated -W ignore:easy_install command is deprecated setup.py egg_info --egg-base ../../build/motor_node build --build-base /home/batch9/ros2_ws/build/motor_node/build install --record /home/batch9/ros2_ws/build/motor_node/install.log --single-version-externally-managed install_data
[4.865s] running egg_info
[4.909s] writing ../../build/motor_node/motor_node.egg-info/PKG-INFO
[4.910s] writing dependency_links to ../../build/motor_node/motor_node.egg-info/dependency_links.txt
[4.910s] writing entry points to ../../build/motor_node/motor_node.egg-info/entry_points.txt
[4.910s] writing requirements to ../../build/motor_node/motor_node.egg-info/requires.txt
[4.920s] writing top-level names to ../../build/motor_node/motor_node.egg-info/top_level.txt
[5.044s] reading manifest file '../../build/motor_node/motor_node.egg-info/SOURCES.txt'
[5.048s] writing manifest file '../../build/motor_node/motor_node.egg-info/SOURCES.txt'
[5.048s] running build
[5.048s] running build_py
[5.048s] running install
[5.062s] running install_lib
[5.124s] running install_data
[5.125s] running install_egg_info
[5.181s] removing '/home/batch9/ros2_ws/install/motor_node/lib/python3.12/site-packages/motor_node-0.0.0-py3.12.egg-info' (and everything under it)
[5.184s] Copying ../../build/motor_node/motor_node.egg-info to /home/batch9/ros2_ws/install/motor_node/lib/python3.12/site-packages/motor_node-0.0.0-py3.12.egg-info
[5.185s] running install_scripts
[5.742s] Installing motor_sub script to /home/batch9/ros2_ws/install/motor_node/lib/motor_node
[5.743s] writing list of installed files to '/home/batch9/ros2_ws/build/motor_node/install.log'
[6.352s] Invoked command in '/home/batch9/ros2_ws/src/motor_node' returned '0': DEBUGINFOD_URLS=https://debuginfod.ubuntu.com PYTHONPATH=/home/batch9/ros2_ws/build/motor_node/prefix_override:/usr/lib/python3/dist-packages/colcon_core/task/python/colcon_distutils_commands:/home/batch9/ros2_ws/install/motor_node/lib/python3.12/site-packages:${PYTHONPATH} /usr/bin/python3 -W ignore:setup.py install is deprecated -W ignore:easy_install command is deprecated setup.py egg_info --egg-base ../../build/motor_node build --build-base /home/batch9/ros2_ws/build/motor_node/build install --record /home/batch9/ros2_ws/build/motor_node/install.log --single-version-externally-managed install_data
