running egg_info
writing ../../build/q_learning_node/q_learning_node.egg-info/PKG-INFO
writing dependency_links to ../../build/q_learning_node/q_learning_node.egg-info/dependency_links.txt
writing entry points to ../../build/q_learning_node/q_learning_node.egg-info/entry_points.txt
writing requirements to ../../build/q_learning_node/q_learning_node.egg-info/requires.txt
writing top-level names to ../../build/q_learning_node/q_learning_node.egg-info/top_level.txt
reading manifest file '../../build/q_learning_node/q_learning_node.egg-info/SOURCES.txt'
writing manifest file '../../build/q_learning_node/q_learning_node.egg-info/SOURCES.txt'
running build
running build_py
copying q_learning_node/q_learning.py -> /home/batch9/ros2_ws/build/q_learning_node/build/lib/q_learning_node
running install
running install_lib
copying /home/batch9/ros2_ws/build/q_learning_node/build/lib/q_learning_node/q_learning.py -> /home/batch9/ros2_ws/install/q_learning_node/lib/python3.12/site-packages/q_learning_node
byte-compiling /home/batch9/ros2_ws/install/q_learning_node/lib/python3.12/site-packages/q_learning_node/q_learning.py to q_learning.cpython-312.pyc
Sorry: TabError: inconsistent use of tabs and spaces in indentation (q_learning.py, line 67)
running install_data
running install_egg_info
removing '/home/batch9/ros2_ws/install/q_learning_node/lib/python3.12/site-packages/q_learning_node-0.0.0-py3.12.egg-info' (and everything under it)
Copying ../../build/q_learning_node/q_learning_node.egg-info to /home/batch9/ros2_ws/install/q_learning_node/lib/python3.12/site-packages/q_learning_node-0.0.0-py3.12.egg-info
running install_scripts
Installing q_learning script to /home/batch9/ros2_ws/install/q_learning_node/lib/q_learning_node
writing list of installed files to '/home/batch9/ros2_ws/build/q_learning_node/install.log'
