[3.119s] Invoking command in '/home/batch9/ros2_ws/src/encoder_node': DEBUGINFOD_URLS=https://debuginfod.ubuntu.com PYTHONPATH=/home/batch9/ros2_ws/build/encoder_node/prefix_override:/usr/lib/python3/dist-packages/colcon_core/task/python/colcon_distutils_commands:/home/batch9/ros2_ws/install/encoder_node/lib/python3.12/site-packages:${PYTHONPATH} /usr/bin/python3 -W ignore:setup.py install is deprecated -W ignore:easy_install command is deprecated setup.py egg_info --egg-base ../../build/encoder_node build --build-base /home/batch9/ros2_ws/build/encoder_node/build install --record /home/batch9/ros2_ws/build/encoder_node/install.log --single-version-externally-managed install_data
[3.899s] running egg_info
[3.935s] writing ../../build/encoder_node/encoder_node.egg-info/PKG-INFO
[3.936s] writing dependency_links to ../../build/encoder_node/encoder_node.egg-info/dependency_links.txt
[3.937s] writing entry points to ../../build/encoder_node/encoder_node.egg-info/entry_points.txt
[3.938s] writing requirements to ../../build/encoder_node/encoder_node.egg-info/requires.txt
[3.938s] writing top-level names to ../../build/encoder_node/encoder_node.egg-info/top_level.txt
[4.010s] reading manifest file '../../build/encoder_node/encoder_node.egg-info/SOURCES.txt'
[4.012s] writing manifest file '../../build/encoder_node/encoder_node.egg-info/SOURCES.txt'
[4.012s] running build
[4.012s] running build_py
[4.013s] running install
[4.023s] running install_lib
[4.056s] running install_data
[4.056s] running install_egg_info
[4.092s] removing '/home/batch9/ros2_ws/install/encoder_node/lib/python3.12/site-packages/encoder_node-0.0.0-py3.12.egg-info' (and everything under it)
[4.092s] Copying ../../build/encoder_node/encoder_node.egg-info to /home/batch9/ros2_ws/install/encoder_node/lib/python3.12/site-packages/encoder_node-0.0.0-py3.12.egg-info
[4.095s] running install_scripts
[4.418s] Installing encoder_pub script to /home/batch9/ros2_ws/install/encoder_node/lib/encoder_node
[4.419s] writing list of installed files to '/home/batch9/ros2_ws/build/encoder_node/install.log'
[5.272s] Invoked command in '/home/batch9/ros2_ws/src/encoder_node' returned '0': DEBUGINFOD_URLS=https://debuginfod.ubuntu.com PYTHONPATH=/home/batch9/ros2_ws/build/encoder_node/prefix_override:/usr/lib/python3/dist-packages/colcon_core/task/python/colcon_distutils_commands:/home/batch9/ros2_ws/install/encoder_node/lib/python3.12/site-packages:${PYTHONPATH} /usr/bin/python3 -W ignore:setup.py install is deprecated -W ignore:easy_install command is deprecated setup.py egg_info --egg-base ../../build/encoder_node build --build-base /home/batch9/ros2_ws/build/encoder_node/build install --record /home/batch9/ros2_ws/build/encoder_node/install.log --single-version-externally-managed install_data
