[0.026s] Invoking command in '/home/batch9/ros2_ws/build/rplidar_ros': CMAKE_PREFIX_PATH=${CMAKE_PREFIX_PATH}:/home/batch9/ros2_ws/install/rplidar_distance_angle_publisher:/home/batch9/ros2_ws/install/pid_control_node:/home/batch9/ros2_ws/install/motor_node:/home/batch9/ros2_ws/install/lidar_obstacle:/home/batch9/ros2_ws/install/encoder_node:/opt/ros/jazzy DEBUGINFOD_URLS=https://debuginfod.ubuntu.com /usr/bin/cmake --build /home/batch9/ros2_ws/build/rplidar_ros -- -j4 -l4
[0.198s] [ 47%] Built target rplidar_composition
[0.200s] [ 94%] Built target rplidar_node
[0.217s] [100%] Built target rplidar_client
[0.247s] Invoked command in '/home/batch9/ros2_ws/build/rplidar_ros' returned '0': CMAKE_PREFIX_PATH=${CMAKE_PREFIX_PATH}:/home/batch9/ros2_ws/install/rplidar_distance_angle_publisher:/home/batch9/ros2_ws/install/pid_control_node:/home/batch9/ros2_ws/install/motor_node:/home/batch9/ros2_ws/install/lidar_obstacle:/home/batch9/ros2_ws/install/encoder_node:/opt/ros/jazzy DEBUGINFOD_URLS=https://debuginfod.ubuntu.com /usr/bin/cmake --build /home/batch9/ros2_ws/build/rplidar_ros -- -j4 -l4
[0.266s] Invoking command in '/home/batch9/ros2_ws/build/rplidar_ros': CMAKE_PREFIX_PATH=${CMAKE_PREFIX_PATH}:/home/batch9/ros2_ws/install/rplidar_distance_angle_publisher:/home/batch9/ros2_ws/install/pid_control_node:/home/batch9/ros2_ws/install/motor_node:/home/batch9/ros2_ws/install/lidar_obstacle:/home/batch9/ros2_ws/install/encoder_node:/opt/ros/jazzy DEBUGINFOD_URLS=https://debuginfod.ubuntu.com /usr/bin/cmake --install /home/batch9/ros2_ws/build/rplidar_ros
[0.282s] -- Install configuration: ""
[0.284s] -- Execute custom install script
[0.284s] -- Up-to-date symlink: /home/batch9/ros2_ws/install/rplidar_ros/share/rplidar_ros/launch/rplidar_a1_launch.py
[0.285s] -- Up-to-date symlink: /home/batch9/ros2_ws/install/rplidar_ros/share/rplidar_ros/launch/rplidar_a2m12_launch.py
[0.285s] -- Up-to-date symlink: /home/batch9/ros2_ws/install/rplidar_ros/share/rplidar_ros/launch/rplidar_a2m7_launch.py
[0.285s] -- Up-to-date symlink: /home/batch9/ros2_ws/install/rplidar_ros/share/rplidar_ros/launch/rplidar_a2m8_launch.py
[0.285s] -- Up-to-date symlink: /home/batch9/ros2_ws/install/rplidar_ros/share/rplidar_ros/launch/rplidar_a3_launch.py
[0.285s] -- Up-to-date symlink: /home/batch9/ros2_ws/install/rplidar_ros/share/rplidar_ros/launch/rplidar_c1_launch.py
[0.285s] -- Up-to-date symlink: /home/batch9/ros2_ws/install/rplidar_ros/share/rplidar_ros/launch/rplidar_s1_launch.py
[0.286s] -- Up-to-date symlink: /home/batch9/ros2_ws/install/rplidar_ros/share/rplidar_ros/launch/rplidar_s1_tcp_launch.py
[0.286s] -- Up-to-date symlink: /home/batch9/ros2_ws/install/rplidar_ros/share/rplidar_ros/launch/rplidar_s2_launch.py
[0.286s] -- Up-to-date symlink: /home/batch9/ros2_ws/install/rplidar_ros/share/rplidar_ros/launch/rplidar_s2e_launch.py
[0.286s] -- Up-to-date symlink: /home/batch9/ros2_ws/install/rplidar_ros/share/rplidar_ros/launch/rplidar_s3_launch.py
[0.286s] -- Up-to-date symlink: /home/batch9/ros2_ws/install/rplidar_ros/share/rplidar_ros/launch/rplidar_t1_launch.py
[0.286s] -- Up-to-date symlink: /home/batch9/ros2_ws/install/rplidar_ros/share/rplidar_ros/launch/view_rplidar_a1_launch.py
[0.287s] -- Up-to-date symlink: /home/batch9/ros2_ws/install/rplidar_ros/share/rplidar_ros/launch/view_rplidar_a2m12_launch.py
[0.287s] -- Up-to-date symlink: /home/batch9/ros2_ws/install/rplidar_ros/share/rplidar_ros/launch/view_rplidar_a2m7_launch.py
[0.287s] -- Up-to-date symlink: /home/batch9/ros2_ws/install/rplidar_ros/share/rplidar_ros/launch/view_rplidar_a2m8_launch.py
[0.287s] -- Up-to-date symlink: /home/batch9/ros2_ws/install/rplidar_ros/share/rplidar_ros/launch/view_rplidar_a3_launch.py
[0.287s] -- Up-to-date symlink: /home/batch9/ros2_ws/install/rplidar_ros/share/rplidar_ros/launch/view_rplidar_c1_launch.py
[0.288s] -- Up-to-date symlink: /home/batch9/ros2_ws/install/rplidar_ros/share/rplidar_ros/launch/view_rplidar_s1_launch.py
[0.288s] -- Up-to-date symlink: /home/batch9/ros2_ws/install/rplidar_ros/share/rplidar_ros/launch/view_rplidar_s1_tcp_launch.py
[0.288s] -- Up-to-date symlink: /home/batch9/ros2_ws/install/rplidar_ros/share/rplidar_ros/launch/view_rplidar_s2_launch.py
[0.289s] -- Up-to-date symlink: /home/batch9/ros2_ws/install/rplidar_ros/share/rplidar_ros/launch/view_rplidar_s2e_launch.py
[0.289s] -- Up-to-date symlink: /home/batch9/ros2_ws/install/rplidar_ros/share/rplidar_ros/launch/view_rplidar_s3_launch.py
[0.289s] -- Up-to-date symlink: /home/batch9/ros2_ws/install/rplidar_ros/share/rplidar_ros/launch/view_rplidar_t1_launch.py
[0.290s] -- Up-to-date symlink: /home/batch9/ros2_ws/install/rplidar_ros/share/rplidar_ros/rviz/rplidar_ros.rviz
[0.290s] -- Up-to-date symlink: /home/batch9/ros2_ws/install/rplidar_ros/lib/rplidar_ros/rplidar_node
[0.291s] -- Up-to-date symlink: /home/batch9/ros2_ws/install/rplidar_ros/lib/rplidar_ros/rplidar_composition
[0.291s] -- Up-to-date symlink: /home/batch9/ros2_ws/install/rplidar_ros/lib/rplidar_ros/rplidar_client
[0.291s] -- Up-to-date symlink: /home/batch9/ros2_ws/install/rplidar_ros/share/ament_index/resource_index/package_run_dependencies/rplidar_ros
[0.291s] -- Up-to-date symlink: /home/batch9/ros2_ws/install/rplidar_ros/share/ament_index/resource_index/parent_prefix_path/rplidar_ros
[0.292s] -- Up-to-date symlink: /home/batch9/ros2_ws/install/rplidar_ros/share/rplidar_ros/environment/ament_prefix_path.sh
[0.292s] -- Up-to-date symlink: /home/batch9/ros2_ws/install/rplidar_ros/share/rplidar_ros/environment/ament_prefix_path.dsv
[0.292s] -- Up-to-date symlink: /home/batch9/ros2_ws/install/rplidar_ros/share/rplidar_ros/environment/path.sh
[0.292s] -- Up-to-date symlink: /home/batch9/ros2_ws/install/rplidar_ros/share/rplidar_ros/environment/path.dsv
[0.293s] -- Up-to-date symlink: /home/batch9/ros2_ws/install/rplidar_ros/share/rplidar_ros/local_setup.bash
[0.293s] -- Up-to-date symlink: /home/batch9/ros2_ws/install/rplidar_ros/share/rplidar_ros/local_setup.sh
[0.293s] -- Up-to-date symlink: /home/batch9/ros2_ws/install/rplidar_ros/share/rplidar_ros/local_setup.zsh
[0.293s] -- Up-to-date symlink: /home/batch9/ros2_ws/install/rplidar_ros/share/rplidar_ros/local_setup.dsv
[0.293s] -- Symlinking: /home/batch9/ros2_ws/install/rplidar_ros/share/rplidar_ros/package.dsv
[0.314s] -- Up-to-date symlink: /home/batch9/ros2_ws/install/rplidar_ros/share/ament_index/resource_index/packages/rplidar_ros
[0.315s] -- Up-to-date symlink: /home/batch9/ros2_ws/install/rplidar_ros/share/rplidar_ros/cmake/ament_cmake_export_dependencies-extras.cmake
[0.315s] -- Up-to-date symlink: /home/batch9/ros2_ws/install/rplidar_ros/share/rplidar_ros/cmake/ament_cmake_export_include_directories-extras.cmake
[0.315s] -- Up-to-date symlink: /home/batch9/ros2_ws/install/rplidar_ros/share/rplidar_ros/cmake/rplidar_rosConfig.cmake
[0.315s] -- Up-to-date symlink: /home/batch9/ros2_ws/install/rplidar_ros/share/rplidar_ros/cmake/rplidar_rosConfig-version.cmake
[0.316s] -- Up-to-date symlink: /home/batch9/ros2_ws/install/rplidar_ros/share/rplidar_ros/package.xml
[0.322s] Invoked command in '/home/batch9/ros2_ws/build/rplidar_ros' returned '0': CMAKE_PREFIX_PATH=${CMAKE_PREFIX_PATH}:/home/batch9/ros2_ws/install/rplidar_distance_angle_publisher:/home/batch9/ros2_ws/install/pid_control_node:/home/batch9/ros2_ws/install/motor_node:/home/batch9/ros2_ws/install/lidar_obstacle:/home/batch9/ros2_ws/install/encoder_node:/opt/ros/jazzy DEBUGINFOD_URLS=https://debuginfod.ubuntu.com /usr/bin/cmake --install /home/batch9/ros2_ws/build/rplidar_ros
