[3.640s] Invoking command in '/home/batch9/ros2_ws/src/motor_node': DEBUGINFOD_URLS=https://debuginfod.ubuntu.com PS1=(venv) \[\e]0;\u@\h: \w\a\]${debian_chroot:+($debian_chroot)}\[\033[01;32m\]\u@\h\[\033[00m\]:\[\033[01;34m\]\w\[\033[00m\]\$ PYTHONPATH=/home/batch9/ros2_ws/build/motor_node/prefix_override:/usr/lib/python3/dist-packages/colcon_core/task/python/colcon_distutils_commands:/home/batch9/ros2_ws/install/motor_node/lib/python3.12/site-packages:${PYTHONPATH} VIRTUAL_ENV_PROMPT=(venv) /usr/bin/python3 -W ignore:setup.py install is deprecated -W ignore:easy_install command is deprecated setup.py egg_info --egg-base ../../build/motor_node build --build-base /home/batch9/ros2_ws/build/motor_node/build install --record /home/batch9/ros2_ws/build/motor_node/install.log --single-version-externally-managed install_data
[4.139s] running egg_info
[4.170s] writing ../../build/motor_node/motor_node.egg-info/PKG-INFO
[4.171s] writing dependency_links to ../../build/motor_node/motor_node.egg-info/dependency_links.txt
[4.173s] writing entry points to ../../build/motor_node/motor_node.egg-info/entry_points.txt
[4.174s] writing requirements to ../../build/motor_node/motor_node.egg-info/requires.txt
[4.174s] writing top-level names to ../../build/motor_node/motor_node.egg-info/top_level.txt
[4.270s] reading manifest file '../../build/motor_node/motor_node.egg-info/SOURCES.txt'
[4.273s] writing manifest file '../../build/motor_node/motor_node.egg-info/SOURCES.txt'
[4.274s] running build
[4.274s] running build_py
[4.279s] running install
[4.289s] running install_lib
[4.339s] running install_data
[4.343s] running install_egg_info
[4.379s] removing '/home/batch9/ros2_ws/install/motor_node/lib/python3.12/site-packages/motor_node-0.0.0-py3.12.egg-info' (and everything under it)
[4.380s] Copying ../../build/motor_node/motor_node.egg-info to /home/batch9/ros2_ws/install/motor_node/lib/python3.12/site-packages/motor_node-0.0.0-py3.12.egg-info
[4.384s] running install_scripts
[4.636s] Installing motor_sub script to /home/batch9/ros2_ws/install/motor_node/lib/motor_node
[4.641s] writing list of installed files to '/home/batch9/ros2_ws/build/motor_node/install.log'
[4.826s] Invoked command in '/home/batch9/ros2_ws/src/motor_node' returned '0': DEBUGINFOD_URLS=https://debuginfod.ubuntu.com PS1=(venv) \[\e]0;\u@\h: \w\a\]${debian_chroot:+($debian_chroot)}\[\033[01;32m\]\u@\h\[\033[00m\]:\[\033[01;34m\]\w\[\033[00m\]\$ PYTHONPATH=/home/batch9/ros2_ws/build/motor_node/prefix_override:/usr/lib/python3/dist-packages/colcon_core/task/python/colcon_distutils_commands:/home/batch9/ros2_ws/install/motor_node/lib/python3.12/site-packages:${PYTHONPATH} VIRTUAL_ENV_PROMPT=(venv) /usr/bin/python3 -W ignore:setup.py install is deprecated -W ignore:easy_install command is deprecated setup.py egg_info --egg-base ../../build/motor_node build --build-base /home/batch9/ros2_ws/build/motor_node/build install --record /home/batch9/ros2_ws/build/motor_node/install.log --single-version-externally-managed install_data
