[3.088s] Invoking command in '/home/batch9/ros2_ws/src/encoder_node': DEBUGINFOD_URLS=https://debuginfod.ubuntu.com PYTHONPATH=/home/batch9/ros2_ws/build/encoder_node/prefix_override:/usr/lib/python3/dist-packages/colcon_core/task/python/colcon_distutils_commands:/home/batch9/ros2_ws/install/encoder_node/lib/python3.12/site-packages:${PYTHONPATH} /usr/bin/python3 -W ignore:setup.py install is deprecated -W ignore:easy_install command is deprecated setup.py egg_info --egg-base ../../build/encoder_node build --build-base /home/batch9/ros2_ws/build/encoder_node/build install --record /home/batch9/ros2_ws/build/encoder_node/install.log --single-version-externally-managed install_data
[3.956s] running egg_info
[4.003s] writing ../../build/encoder_node/encoder_node.egg-info/PKG-INFO
[4.004s] writing dependency_links to ../../build/encoder_node/encoder_node.egg-info/dependency_links.txt
[4.005s] writing entry points to ../../build/encoder_node/encoder_node.egg-info/entry_points.txt
[4.006s] writing requirements to ../../build/encoder_node/encoder_node.egg-info/requires.txt
[4.006s] writing top-level names to ../../build/encoder_node/encoder_node.egg-info/top_level.txt
[4.096s] reading manifest file '../../build/encoder_node/encoder_node.egg-info/SOURCES.txt'
[4.097s] writing manifest file '../../build/encoder_node/encoder_node.egg-info/SOURCES.txt'
[4.098s] running build
[4.099s] running build_py
[4.099s] running install
[4.110s] running install_lib
[4.156s] running install_data
[4.156s] running install_egg_info
[4.198s] removing '/home/batch9/ros2_ws/install/encoder_node/lib/python3.12/site-packages/encoder_node-0.0.0-py3.12.egg-info' (and everything under it)
[4.199s] Copying ../../build/encoder_node/encoder_node.egg-info to /home/batch9/ros2_ws/install/encoder_node/lib/python3.12/site-packages/encoder_node-0.0.0-py3.12.egg-info
[4.201s] running install_scripts
[4.588s] Installing encoder_pub script to /home/batch9/ros2_ws/install/encoder_node/lib/encoder_node
[4.589s] writing list of installed files to '/home/batch9/ros2_ws/build/encoder_node/install.log'
[5.093s] Invoked command in '/home/batch9/ros2_ws/src/encoder_node' returned '0': DEBUGINFOD_URLS=https://debuginfod.ubuntu.com PYTHONPATH=/home/batch9/ros2_ws/build/encoder_node/prefix_override:/usr/lib/python3/dist-packages/colcon_core/task/python/colcon_distutils_commands:/home/batch9/ros2_ws/install/encoder_node/lib/python3.12/site-packages:${PYTHONPATH} /usr/bin/python3 -W ignore:setup.py install is deprecated -W ignore:easy_install command is deprecated setup.py egg_info --egg-base ../../build/encoder_node build --build-base /home/batch9/ros2_ws/build/encoder_node/build install --record /home/batch9/ros2_ws/build/encoder_node/install.log --single-version-externally-managed install_data
